13:09:00: Creating resource group General
13:09:00: Creating resource group Internal
13:09:00: Creating resource group Autodetect
13:09:00: SceneManagerFactory for type 'DefaultSceneManager' registered.
13:09:00: Registering ResourceManager for type Material
13:09:00: Registering ResourceManager for type Mesh
13:09:00: Registering ResourceManager for type Skeleton
13:09:00: MovableObjectFactory for type 'ParticleSystem' registered.
13:09:00: ArchiveFactory for archive type FileSystem registered.
13:09:00: ArchiveFactory for archive type Zip registered.
13:09:00: ArchiveFactory for archive type EmbeddedZip registered.
13:09:00: DDS codec registering
13:09:00: FreeImage version: 3.17.0
13:09:00: This program uses FreeImage, a free, open source image library supporting all common bitmap formats. See http://freeimage.sourceforge.net for details
13:09:00: Supported formats: bmp,ico,jpg,jif,jpeg,jpe,jng,koa,iff,lbm,mng,pbm,pbm,pcd,pcx,pgm,pgm,png,ppm,ppm,ras,tga,targa,tif,tiff,wap,wbmp,wbm,psd,cut,xbm,xpm,gif,hdr,sgi,rgb,rgba,bw,exr,j2k,j2c,jp2,pfm,pct,pict,pic,3fr,arw,bay,bmq,cap,cine,cr2,crw,cs1,dc2,dcr,drf,dsc,dng,erf,fff,ia,iiq,k25,kc2,kdc,mdc,mef,mos,mrw,nef,nrw,orf,pef,ptx,pxn,qtk,raf,raw,rdc,rw2,rwl,rwz,sr2,srf,srw,sti,x3f,webp,jxr,wdp,hdp
13:09:00: Registering ResourceManager for type HighLevelGpuProgram
13:09:00: Registering ResourceManager for type Compositor
13:09:00: MovableObjectFactory for type 'Entity' registered.
13:09:00: MovableObjectFactory for type 'Light' registered.
13:09:00: MovableObjectFactory for type 'BillboardSet' registered.
13:09:00: MovableObjectFactory for type 'ManualObject' registered.
13:09:00: MovableObjectFactory for type 'BillboardChain' registered.
13:09:00: MovableObjectFactory for type 'RibbonTrail' registered.
13:09:00: Loading library /usr/local/lib/OGRE/RenderSystem_GL
13:09:00: Installing plugin: GL RenderSystem
13:09:00: OpenGL Rendering Subsystem created.
13:09:00: Plugin successfully installed
13:09:00: Loading library /usr/local/lib/OGRE/Plugin_ParticleFX
13:09:00: Installing plugin: ParticleFX
13:09:00: Particle Emitter Type 'Point' registered
13:09:00: Particle Emitter Type 'Box' registered
13:09:00: Particle Emitter Type 'Ellipsoid' registered
13:09:00: Particle Emitter Type 'Cylinder' registered
13:09:00: Particle Emitter Type 'Ring' registered
13:09:00: Particle Emitter Type 'HollowEllipsoid' registered
13:09:00: Particle Affector Type 'LinearForce' registered
13:09:00: Particle Affector Type 'ColourFader' registered
13:09:00: Particle Affector Type 'ColourFader2' registered
13:09:00: Particle Affector Type 'ColourImage' registered
13:09:00: Particle Affector Type 'ColourInterpolator' registered
13:09:00: Particle Affector Type 'Scaler' registered
13:09:00: Particle Affector Type 'Rotator' registered
13:09:00: Particle Affector Type 'DirectionRandomiser' registered
13:09:00: Particle Affector Type 'DeflectorPlane' registered
13:09:00: Plugin successfully installed
13:09:00: Loading library /usr/local/lib/OGRE/Plugin_BSPSceneManager
13:09:00: Installing plugin: BSP Scene Manager
13:09:00: Plugin successfully installed
13:09:00: Loading library /usr/local/lib/OGRE/Plugin_CgProgramManager
13:09:00: Installing plugin: Cg Program Manager
13:09:00: Plugin successfully installed
13:09:00: Loading library /usr/local/lib/OGRE/Plugin_PCZSceneManager
13:09:00: Installing plugin: Portal Connected Zone Scene Manager
13:09:00: PCZone Factory Type 'ZoneType_Default' registered
13:09:00: Plugin successfully installed
13:09:00: Loading library /usr/local/lib/OGRE/Plugin_OctreeZone
13:09:00: Installing plugin: Octree Zone Factory
13:09:00: Plugin successfully installed
13:09:00: Loading library /usr/local/lib/OGRE/Plugin_OctreeSceneManager
13:09:00: Installing plugin: Octree Scene Manager
13:09:00: Plugin successfully installed
13:09:00: *-*-* OGRE Initialising
13:09:00: *-*-* Version 1.9.0 (Ghadamon)
13:09:00: Creating resource group Essential
13:09:00: Added resource location '/usr/local/share/OGRE/Media/thumbnails' of type 'FileSystem' to resource group 'Essential'
13:09:00: Added resource location '/usr/local/share/OGRE/Media/packs/SdkTrays.zip' of type 'Zip' to resource group 'Essential'
13:09:00: Added resource location '/usr/local/share/OGRE/Media/packs/profiler.zip' of type 'Zip' to resource group 'Essential'
13:09:00: Added resource location '/usr/local/share/OGRE/Media' of type 'FileSystem' to resource group 'General'
13:09:00: Creating resource group Popular
13:09:00: Added resource location '/usr/local/share/OGRE/Media/fonts' of type 'FileSystem' to resource group 'Popular'
13:09:00: Added resource location '/usr/local/share/OGRE/Media/materials/programs' of type 'FileSystem' to resource group 'Popular'
13:09:00: Added resource location '/usr/local/share/OGRE/Media/materials/programs/Cg' of type 'FileSystem' to resource group 'Popular'
13:09:00: Added resource location '/usr/local/share/OGRE/Media/materials/programs/GLSL' of type 'FileSystem' to resource group 'Popular'
13:09:00: Added resource location '/usr/local/share/OGRE/Media/materials/programs/GLSL150' of type 'FileSystem' to resource group 'Popular'
13:09:00: Added resource location '/usr/local/share/OGRE/Media/materials/programs/GLSL400' of type 'FileSystem' to resource group 'Popular'
13:09:00: Added resource location '/usr/local/share/OGRE/Media/materials/programs/HLSL' of type 'FileSystem' to resource group 'Popular'
13:09:00: Added resource location '/usr/local/share/OGRE/Media/materials/programs/HLSL_Cg' of type 'FileSystem' to resource group 'Popular'
13:09:00: Added resource location '/usr/local/share/OGRE/Media/materials/scripts' of type 'FileSystem' to resource group 'Popular'
13:09:00: Added resource location '/usr/local/share/OGRE/Media/materials/textures' of type 'FileSystem' to resource group 'Popular'
13:09:00: Added resource location '/usr/local/share/OGRE/Media/materials/textures/nvidia' of type 'FileSystem' to resource group 'Popular'
13:09:00: Added resource location '/usr/local/share/OGRE/Media/models' of type 'FileSystem' to resource group 'Popular'
13:09:00: Added resource location '/usr/local/share/OGRE/Media/particle' of type 'FileSystem' to resource group 'Popular'
13:09:00: Added resource location '/usr/local/share/OGRE/Media/DeferredShadingMedia' of type 'FileSystem' to resource group 'Popular'
13:09:00: Added resource location '/usr/local/share/OGRE/Media/PCZAppMedia' of type 'FileSystem' to resource group 'Popular'
13:09:00: Added resource location '/usr/local/share/OGRE/Media/RTShaderLib' of type 'FileSystem' to resource group 'Popular'
13:09:00: Added resource location '/usr/local/share/OGRE/Media/RTShaderLib/Cg' of type 'FileSystem' to resource group 'Popular'
13:09:00: Added resource location '/usr/local/share/OGRE/Media/RTShaderLib/GLSL' of type 'FileSystem' to resource group 'Popular'
13:09:00: Added resource location '/usr/local/share/OGRE/Media/RTShaderLib/GLSL150' of type 'FileSystem' to resource group 'Popular'
13:09:00: Added resource location '/usr/local/share/OGRE/Media/RTShaderLib/HLSL' of type 'FileSystem' to resource group 'Popular'
13:09:00: Added resource location '/usr/local/share/OGRE/Media/RTShaderLib/materials' of type 'FileSystem' to resource group 'Popular'
13:09:00: Added resource location '/usr/local/share/OGRE/Media/materials/scripts/SSAO' of type 'FileSystem' to resource group 'Popular'
13:09:00: Added resource location '/usr/local/share/OGRE/Media/materials/textures/SSAO' of type 'FileSystem' to resource group 'Popular'
13:09:00: Added resource location '/usr/local/share/OGRE/Media/volumeTerrain' of type 'FileSystem' to resource group 'Popular'
13:09:00: Added resource location '/usr/local/share/OGRE/Media/PBR' of type 'FileSystem' to resource group 'Popular'
13:09:00: Added resource location 'meshes' of type 'FileSystem' to resource group 'Popular'
13:09:00: Added resource location '/usr/local/share/OGRE/Media/packs/cubemap.zip' of type 'Zip' to resource group 'Popular'
13:09:00: Added resource location '/usr/local/share/OGRE/Media/packs/cubemapsJS.zip' of type 'Zip' to resource group 'Popular'
13:09:00: Added resource location '/usr/local/share/OGRE/Media/packs/dragon.zip' of type 'Zip' to resource group 'Popular'
13:09:00: Added resource location '/usr/local/share/OGRE/Media/packs/fresneldemo.zip' of type 'Zip' to resource group 'Popular'
13:09:00: Added resource location '/usr/local/share/OGRE/Media/packs/ogretestmap.zip' of type 'Zip' to resource group 'Popular'
13:09:00: Added resource location '/usr/local/share/OGRE/Media/packs/ogredance.zip' of type 'Zip' to resource group 'Popular'
13:09:00: Added resource location '/usr/local/share/OGRE/Media/packs/Sinbad.zip' of type 'Zip' to resource group 'Popular'
13:09:00: Added resource location '/usr/local/share/OGRE/Media/packs/skybox.zip' of type 'Zip' to resource group 'Popular'
13:09:00: Added resource location '/usr/local/share/OGRE/Media/volumeTerrain/volumeTerrainBig.zip' of type 'Zip' to resource group 'Popular'
13:09:00: Creating resource group Tests
13:09:00: Added resource location '/usr/local/Tests/Media' of type 'FileSystem' to resource group 'Tests'
13:49:20: *-*-* OGRE Shutdown
13:49:20: Unregistering ResourceManager for type Compositor
13:49:20: Unregistering ResourceManager for type Skeleton
13:49:20: Unregistering ResourceManager for type Mesh
13:49:20: Unregistering ResourceManager for type HighLevelGpuProgram
13:49:20: Uninstalling plugin: Octree Scene Manager
13:49:20: Plugin successfully uninstalled
13:49:20: Unloading library /usr/local/lib/OGRE/Plugin_OctreeSceneManager
13:49:20: Uninstalling plugin: Octree Zone Factory
13:49:20: Plugin successfully uninstalled
13:49:20: Unloading library /usr/local/lib/OGRE/Plugin_OctreeZone
13:49:20: Uninstalling plugin: Portal Connected Zone Scene Manager
13:49:20: Plugin successfully uninstalled
13:49:20: Unloading library /usr/local/lib/OGRE/Plugin_PCZSceneManager
13:49:20: Uninstalling plugin: Cg Program Manager
13:49:20: Plugin successfully uninstalled
13:49:20: Unloading library /usr/local/lib/OGRE/Plugin_CgProgramManager
13:49:20: Uninstalling plugin: BSP Scene Manager
13:49:20: Plugin successfully uninstalled
13:49:20: Unloading library /usr/local/lib/OGRE/Plugin_BSPSceneManager
13:49:20: Uninstalling plugin: ParticleFX
13:49:20: Plugin successfully uninstalled
13:49:20: Unloading library /usr/local/lib/OGRE/Plugin_ParticleFX
13:49:20: Uninstalling plugin: GL RenderSystem
13:49:20: ******************************
*** Stopping GLX Subsystem ***
******************************
13:49:20: Plugin successfully uninstalled
13:49:20: Unloading library /usr/local/lib/OGRE/RenderSystem_GL
13:49:20: Unregistering ResourceManager for type Material
