16:35:51: Creating resource group General
16:35:51: Creating resource group Internal
16:35:51: Creating resource group Autodetect
16:35:51: SceneManagerFactory for type 'DefaultSceneManager' registered.
16:35:51: Registering ResourceManager for type Material
16:35:51: Registering ResourceManager for type Mesh
16:35:51: Registering ResourceManager for type Skeleton
16:35:51: MovableObjectFactory for type 'ParticleSystem' registered.
16:35:51: ArchiveFactory for archive type FileSystem registered.
16:35:51: ArchiveFactory for archive type Zip registered.
16:35:51: ArchiveFactory for archive type EmbeddedZip registered.
16:35:51: DDS codec registering
16:35:51: FreeImage version: 3.17.0
16:35:51: This program uses FreeImage, a free, open source image library supporting all common bitmap formats. See http://freeimage.sourceforge.net for details
16:35:51: Supported formats: bmp,ico,jpg,jif,jpeg,jpe,jng,koa,iff,lbm,mng,pbm,pbm,pcd,pcx,pgm,pgm,png,ppm,ppm,ras,tga,targa,tif,tiff,wap,wbmp,wbm,psd,cut,xbm,xpm,gif,hdr,sgi,rgb,rgba,bw,exr,j2k,j2c,jp2,pfm,pct,pict,pic,3fr,arw,bay,bmq,cap,cine,cr2,crw,cs1,dc2,dcr,drf,dsc,dng,erf,fff,ia,iiq,k25,kc2,kdc,mdc,mef,mos,mrw,nef,nrw,orf,pef,ptx,pxn,qtk,raf,raw,rdc,rw2,rwl,rwz,sr2,srf,srw,sti,x3f,webp,jxr,wdp,hdp
16:35:51: Registering ResourceManager for type HighLevelGpuProgram
16:35:51: Registering ResourceManager for type Compositor
16:35:51: MovableObjectFactory for type 'Entity' registered.
16:35:51: MovableObjectFactory for type 'Light' registered.
16:35:51: MovableObjectFactory for type 'BillboardSet' registered.
16:35:51: MovableObjectFactory for type 'ManualObject' registered.
16:35:51: MovableObjectFactory for type 'BillboardChain' registered.
16:35:51: MovableObjectFactory for type 'RibbonTrail' registered.
16:35:51: Loading library /usr/local/lib/OGRE/RenderSystem_GL
16:35:51: Installing plugin: GL RenderSystem
16:35:51: OpenGL Rendering Subsystem created.
16:35:51: Plugin successfully installed
16:35:51: Loading library /usr/local/lib/OGRE/Plugin_ParticleFX
16:35:51: Installing plugin: ParticleFX
16:35:51: Particle Emitter Type 'Point' registered
16:35:51: Particle Emitter Type 'Box' registered
16:35:51: Particle Emitter Type 'Ellipsoid' registered
16:35:51: Particle Emitter Type 'Cylinder' registered
16:35:51: Particle Emitter Type 'Ring' registered
16:35:51: Particle Emitter Type 'HollowEllipsoid' registered
16:35:51: Particle Affector Type 'LinearForce' registered
16:35:51: Particle Affector Type 'ColourFader' registered
16:35:51: Particle Affector Type 'ColourFader2' registered
16:35:51: Particle Affector Type 'ColourImage' registered
16:35:51: Particle Affector Type 'ColourInterpolator' registered
16:35:51: Particle Affector Type 'Scaler' registered
16:35:51: Particle Affector Type 'Rotator' registered
16:35:51: Particle Affector Type 'DirectionRandomiser' registered
16:35:51: Particle Affector Type 'DeflectorPlane' registered
16:35:51: Plugin successfully installed
16:35:51: Loading library /usr/local/lib/OGRE/Plugin_BSPSceneManager
16:35:51: Installing plugin: BSP Scene Manager
16:35:51: Plugin successfully installed
16:35:51: Loading library /usr/local/lib/OGRE/Plugin_CgProgramManager
16:35:51: Installing plugin: Cg Program Manager
16:35:51: Plugin successfully installed
16:35:51: Loading library /usr/local/lib/OGRE/Plugin_PCZSceneManager
16:35:51: Installing plugin: Portal Connected Zone Scene Manager
16:35:51: PCZone Factory Type 'ZoneType_Default' registered
16:35:51: Plugin successfully installed
16:35:51: Loading library /usr/local/lib/OGRE/Plugin_OctreeZone
16:35:51: Installing plugin: Octree Zone Factory
16:35:51: Plugin successfully installed
16:35:51: Loading library /usr/local/lib/OGRE/Plugin_OctreeSceneManager
16:35:51: Installing plugin: Octree Scene Manager
16:35:51: Plugin successfully installed
16:35:51: *-*-* OGRE Initialising
16:35:51: *-*-* Version 1.9.0 (Ghadamon)
16:35:51: Added resource location '/usr/local/share/OGRE/Media/thumbnails' of type 'FileSystem' to resource group 'General'
16:35:51: Added resource location '/usr/local/share/OGRE/Media/packs/SdkTrays.zip' of type 'Zip' to resource group 'General'
16:35:51: Added resource location '/usr/local/share/OGRE/Media/packs/profiler.zip' of type 'Zip' to resource group 'General'
16:35:51: Added resource location '/usr/local/share/OGRE/Media' of type 'FileSystem' to resource group 'General'
16:35:51: Added resource location '/usr/local/share/OGRE/Media/fonts' of type 'FileSystem' to resource group 'General'
16:35:51: Added resource location '/usr/local/share/OGRE/Media/materials/programs' of type 'FileSystem' to resource group 'General'
16:35:51: Added resource location '/usr/local/share/OGRE/Media/materials/programs/Cg' of type 'FileSystem' to resource group 'General'
16:35:51: Added resource location '/usr/local/share/OGRE/Media/materials/programs/GLSL' of type 'FileSystem' to resource group 'General'
16:35:51: Added resource location '/usr/local/share/OGRE/Media/materials/programs/GLSL150' of type 'FileSystem' to resource group 'General'
16:35:51: Added resource location '/usr/local/share/OGRE/Media/materials/programs/GLSL400' of type 'FileSystem' to resource group 'General'
16:35:51: Added resource location '/usr/local/share/OGRE/Media/materials/programs/HLSL' of type 'FileSystem' to resource group 'General'
16:35:51: Added resource location '/usr/local/share/OGRE/Media/materials/programs/HLSL_Cg' of type 'FileSystem' to resource group 'General'
16:35:51: Added resource location '/usr/local/share/OGRE/Media/materials/scripts' of type 'FileSystem' to resource group 'General'
16:35:51: Added resource location '/usr/local/share/OGRE/Media/materials/textures' of type 'FileSystem' to resource group 'General'
16:35:51: Added resource location '/usr/local/share/OGRE/Media/materials/textures/nvidia' of type 'FileSystem' to resource group 'General'
16:35:51: Added resource location '/usr/local/share/OGRE/Media/models' of type 'FileSystem' to resource group 'General'
16:35:51: Added resource location '/usr/local/share/OGRE/Media/particle' of type 'FileSystem' to resource group 'General'
16:35:51: Added resource location '/usr/local/share/OGRE/Media/DeferredShadingMedia' of type 'FileSystem' to resource group 'General'
16:35:51: Added resource location '/usr/local/share/OGRE/Media/PCZAppMedia' of type 'FileSystem' to resource group 'General'
16:35:51: Added resource location '/usr/local/share/OGRE/Media/RTShaderLib' of type 'FileSystem' to resource group 'General'
16:35:51: Added resource location '/usr/local/share/OGRE/Media/RTShaderLib/Cg' of type 'FileSystem' to resource group 'General'
16:35:51: Added resource location '/usr/local/share/OGRE/Media/RTShaderLib/GLSL' of type 'FileSystem' to resource group 'General'
16:35:51: Added resource location '/usr/local/share/OGRE/Media/RTShaderLib/GLSL150' of type 'FileSystem' to resource group 'General'
16:35:51: Added resource location '/usr/local/share/OGRE/Media/RTShaderLib/HLSL' of type 'FileSystem' to resource group 'General'
16:35:51: Added resource location '/usr/local/share/OGRE/Media/RTShaderLib/materials' of type 'FileSystem' to resource group 'General'
16:35:51: Added resource location '/usr/local/share/OGRE/Media/materials/scripts/SSAO' of type 'FileSystem' to resource group 'General'
16:35:51: Added resource location '/usr/local/share/OGRE/Media/materials/textures/SSAO' of type 'FileSystem' to resource group 'General'
16:35:51: Added resource location '/usr/local/share/OGRE/Media/volumeTerrain' of type 'FileSystem' to resource group 'General'
16:35:51: Added resource location '/usr/local/share/OGRE/Media/PBR' of type 'FileSystem' to resource group 'General'
16:35:51: Added resource location 'meshes' of type 'FileSystem' to resource group 'General'
16:35:51: Added resource location '/usr/local/share/OGRE/Media/packs/cubemap.zip' of type 'Zip' to resource group 'General'
16:35:51: Added resource location '/usr/local/share/OGRE/Media/packs/cubemapsJS.zip' of type 'Zip' to resource group 'General'
16:35:51: Added resource location '/usr/local/share/OGRE/Media/packs/dragon.zip' of type 'Zip' to resource group 'General'
16:35:51: Added resource location '/usr/local/share/OGRE/Media/packs/fresneldemo.zip' of type 'Zip' to resource group 'General'
16:35:51: Added resource location '/usr/local/share/OGRE/Media/packs/ogretestmap.zip' of type 'Zip' to resource group 'General'
16:35:51: Added resource location '/usr/local/share/OGRE/Media/packs/ogredance.zip' of type 'Zip' to resource group 'General'
16:35:51: Added resource location '/usr/local/share/OGRE/Media/packs/Sinbad.zip' of type 'Zip' to resource group 'General'
16:35:51: Added resource location '/usr/local/share/OGRE/Media/packs/skybox.zip' of type 'Zip' to resource group 'General'
16:35:51: Added resource location '/usr/local/share/OGRE/Media/volumeTerrain/volumeTerrainBig.zip' of type 'Zip' to resource group 'General'
16:35:51: Added resource location '/usr/local/Tests/Media' of type 'FileSystem' to resource group 'General'
16:35:51: CPU Identifier & Features
16:35:51: -------------------------
16:35:51:  *   CPU ID: GenuineIntel: Intel(R) Core(TM) i5-5287U CPU @ 2.90GHz
16:35:51:  *      SSE: yes
16:35:51:  *     SSE2: yes
16:35:51:  *     SSE3: yes
16:35:51:  *      MMX: yes
16:35:51:  *   MMXEXT: yes
16:35:51:  *    3DNOW: no
16:35:51:  * 3DNOWEXT: no
16:35:51:  *     CMOV: yes
16:35:51:  *      TSC: yes
16:35:51:  *      FPU: yes
16:35:51:  *      PRO: yes
16:35:51:  *       HT: no
16:35:51: -------------------------
16:35:51: ******************************
*** Starting GLX Subsystem ***
******************************
16:35:51: Registering ResourceManager for type Texture
16:35:51: GLRenderSystem::_createRenderWindow "TutorialApplication Render Window", 640x480 windowed  miscParams: FSAA=0 displayFrequency=60 Hz gamma=No vsync=No 
16:35:51: GLXWindow::create used FBConfigID = 163
16:35:51: GL_VERSION = 3.0 Mesa 18.0.5
16:35:51: GL_VENDOR = VMware, Inc.
16:35:51: GL_RENDERER = SVGA3D; build: RELEASE;  LLVM;
16:35:51: GL_EXTENSIONS = GL_AMD_conservative_depth GL_AMD_shader_trinary_minmax GL_ANGLE_texture_compression_dxt3 GL_ANGLE_texture_compression_dxt5 GL_APPLE_packed_pixels GL_ARB_ES2_compatibility GL_ARB_ES3_compatibility GL_ARB_arrays_of_arrays GL_ARB_blend_func_extended GL_ARB_clear_buffer_object GL_ARB_clear_texture GL_ARB_color_buffer_float GL_ARB_compressed_texture_pixel_storage GL_ARB_conservative_depth GL_ARB_copy_buffer GL_ARB_copy_image GL_ARB_debug_output GL_ARB_depth_buffer_float GL_ARB_depth_clamp GL_ARB_depth_texture GL_ARB_draw_buffers GL_ARB_draw_elements_base_vertex GL_ARB_draw_instanced GL_ARB_explicit_attrib_location GL_ARB_explicit_uniform_location GL_ARB_fragment_coord_conventions GL_ARB_fragment_program GL_ARB_fragment_program_shadow GL_ARB_fragment_shader GL_ARB_framebuffer_object GL_ARB_framebuffer_sRGB GL_ARB_get_program_binary GL_ARB_get_texture_sub_image GL_ARB_half_float_pixel GL_ARB_half_float_vertex GL_ARB_instanced_arrays GL_ARB_internalformat_query GL_ARB_internalformat_query2 GL_ARB_invalidate_subdata GL_ARB_map_buffer_alignment GL_ARB_map_buffer_range GL_ARB_multi_bind GL_ARB_multisample GL_ARB_multitexture GL_ARB_occlusion_query GL_ARB_occlusion_query2 GL_ARB_pixel_buffer_object GL_ARB_point_parameters GL_ARB_point_sprite GL_ARB_program_interface_query GL_ARB_provoking_vertex GL_ARB_robustness GL_ARB_sampler_objects GL_ARB_seamless_cube_map GL_ARB_separate_shader_objects GL_ARB_shader_bit_encoding GL_ARB_shader_objects GL_ARB_shader_texture_lod GL_ARB_shading_language_100 GL_ARB_shading_language_420pack GL_ARB_shading_language_packing GL_ARB_shadow GL_ARB_sync GL_ARB_texture_border_clamp GL_ARB_texture_buffer_object GL_ARB_texture_compression GL_ARB_texture_compression_rgtc GL_ARB_texture_cube_map GL_ARB_texture_env_add GL_ARB_texture_env_combine GL_ARB_texture_env_crossbar GL_ARB_texture_env_dot3 GL_ARB_texture_filter_anisotropic GL_ARB_texture_float GL_ARB_texture_mirrored_repeat GL_ARB_texture_multisample GL_ARB_texture_non_power_of_two GL_ARB_texture_query_levels GL_ARB_texture_rectangle GL_ARB_texture_rg GL_ARB_texture_rgb10_a2ui GL_ARB_texture_storage GL_ARB_texture_storage_multisample GL_ARB_texture_swizzle GL_ARB_timer_query GL_ARB_transpose_matrix GL_ARB_uniform_buffer_object GL_ARB_vertex_array_bgra GL_ARB_vertex_array_object GL_ARB_vertex_attrib_binding GL_ARB_vertex_buffer_object GL_ARB_vertex_program GL_ARB_vertex_shader GL_ARB_vertex_type_2_10_10_10_rev GL_ARB_window_pos GL_ATI_blend_equation_separate GL_ATI_draw_buffers GL_ATI_fragment_shader GL_ATI_separate_stencil GL_ATI_texture_env_combine3 GL_ATI_texture_float GL_EXT_abgr GL_EXT_bgra GL_EXT_blend_color GL_EXT_blend_equation_separate GL_EXT_blend_func_separate GL_EXT_blend_minmax GL_EXT_blend_subtract GL_EXT_compiled_vertex_array GL_EXT_copy_texture GL_EXT_draw_buffers2 GL_EXT_draw_instanced GL_EXT_draw_range_elements GL_EXT_fog_coord GL_EXT_framebuffer_blit GL_EXT_framebuffer_multisample GL_EXT_framebuffer_multisample_blit_scaled GL_EXT_framebuffer_object GL_EXT_framebuffer_sRGB GL_EXT_gpu_program_parameters GL_EXT_multi_draw_arrays GL_EXT_packed_depth_stencil GL_EXT_packed_float GL_EXT_packed_pixels GL_EXT_pixel_buffer_object GL_EXT_point_parameters GL_EXT_polygon_offset GL_EXT_provoking_vertex GL_EXT_rescale_normal GL_EXT_secondary_color GL_EXT_separate_specular_color GL_EXT_shader_integer_mix GL_EXT_shadow_funcs GL_EXT_stencil_two_side GL_EXT_stencil_wrap GL_EXT_subtexture GL_EXT_texture GL_EXT_texture3D GL_EXT_texture_array GL_EXT_texture_compression_dxt1 GL_EXT_texture_compression_rgtc GL_EXT_texture_compression_s3tc GL_EXT_texture_cube_map GL_EXT_texture_edge_clamp GL_EXT_texture_env_add GL_EXT_texture_env_combine GL_EXT_texture_env_dot3 GL_EXT_texture_filter_anisotropic GL_EXT_texture_integer GL_EXT_texture_lod_bias GL_EXT_texture_object GL_EXT_texture_rectangle GL_EXT_texture_sRGB GL_EXT_texture_sRGB_decode GL_EXT_texture_shared_exponent GL_EXT_texture_snorm GL_EXT_texture_swizzle GL_EXT_timer_query GL_EXT_transform_feedback GL_EXT_vertex_array GL_EXT_vertex_array_bgra GL_IBM_multimode_draw_arrays GL_IBM_rasterpos_clip GL_IBM_texture_mirrored_repeat GL_INGR_blend_func_separate GL_KHR_context_flush_control GL_KHR_debug GL_KHR_no_error GL_MESA_pack_invert GL_MESA_shader_integer_functions GL_MESA_texture_signed_rgba GL_MESA_window_pos GL_NV_blend_square GL_NV_conditional_render GL_NV_depth_clamp GL_NV_fog_distance GL_NV_light_max_exponent GL_NV_packed_depth_stencil GL_NV_primitive_restart GL_NV_texgen_reflection GL_NV_texture_env_combine4 GL_NV_texture_rectangle GL_OES_EGL_image GL_OES_read_format GL_S3_s3tc GL_SGIS_generate_mipmap GL_SGIS_texture_border_clamp GL_SGIS_texture_edge_clamp GL_SGIS_texture_lod GL_SUN_multi_draw_arrays 
16:35:51: Supported GLX extensions: GLX_ARB_create_context GLX_ARB_create_context_profile GLX_ARB_fbconfig_float GLX_ARB_framebuffer_sRGB GLX_ARB_get_proc_address GLX_ARB_multisample GLX_EXT_create_context_es2_profile GLX_EXT_create_context_es_profile GLX_EXT_fbconfig_packed_float GLX_EXT_framebuffer_sRGB GLX_EXT_import_context GLX_EXT_texture_from_pixmap GLX_EXT_visual_info GLX_EXT_visual_rating GLX_MESA_copy_sub_buffer GLX_MESA_multithread_makecurrent GLX_MESA_query_renderer GLX_MESA_swap_control GLX_OML_swap_method GLX_SGIS_multisample GLX_SGIX_fbconfig GLX_SGIX_pbuffer GLX_SGIX_visual_select_group GLX_SGI_make_current_read GLX_SGI_video_sync 
16:35:51: ***************************
16:35:51: *** GL Renderer Started ***
16:35:51: ***************************
16:35:51: Registering ResourceManager for type GpuProgram
16:35:51: GLSL support detected
16:35:51: GL: Using GL_EXT_framebuffer_object for rendering to textures (best)
16:35:51: FBO PF_UNKNOWN depth/stencil support: D0S1 D0S4 D0S8 D0S16 D16S0 D24S0 D32S0 Packed-D24S8 
16:35:51: FBO PF_L8 depth/stencil support: D0S0 D0S1 D0S4 D0S8 D0S16 D16S0 D24S0 D32S0 Packed-D24S8 
16:35:51: FBO PF_L16 depth/stencil support: D0S0 D0S1 D0S4 D0S8 D0S16 D16S0 D24S0 D32S0 Packed-D24S8 
16:35:51: FBO PF_A8 depth/stencil support: D0S0 D0S1 D0S4 D0S8 D0S16 D16S0 D24S0 D32S0 Packed-D24S8 
16:35:51: FBO PF_A4L4 depth/stencil support: D0S0 D0S1 D0S4 D0S8 D0S16 D16S0 D24S0 D32S0 Packed-D24S8 
16:35:51: FBO PF_BYTE_LA depth/stencil support: D0S0 D0S1 D0S4 D0S8 D0S16 D16S0 D24S0 D32S0 Packed-D24S8 
16:35:51: FBO PF_R5G6B5 depth/stencil support: D0S0 D0S1 D0S4 D0S8 D0S16 D16S0 D24S0 D32S0 Packed-D24S8 
16:35:51: FBO PF_B5G6R5 depth/stencil support: D0S0 D0S1 D0S4 D0S8 D0S16 D16S0 D24S0 D32S0 Packed-D24S8 
16:35:51: FBO PF_A4R4G4B4 depth/stencil support: D0S0 D0S1 D0S4 D0S8 D0S16 D16S0 D24S0 D32S0 Packed-D24S8 
16:35:51: FBO PF_A1R5G5B5 depth/stencil support: D0S0 D0S1 D0S4 D0S8 D0S16 D16S0 D24S0 D32S0 Packed-D24S8 
16:35:51: FBO PF_R8G8B8 depth/stencil support: D0S0 D0S1 D0S4 D0S8 D0S16 D16S0 D24S0 D32S0 Packed-D24S8 
16:35:51: FBO PF_B8G8R8 depth/stencil support: D0S0 D0S1 D0S4 D0S8 D0S16 D16S0 D24S0 D32S0 Packed-D24S8 
16:35:51: FBO PF_A8R8G8B8 depth/stencil support: D0S0 D0S1 D0S4 D0S8 D0S16 D16S0 D24S0 D32S0 Packed-D24S8 
16:35:51: FBO PF_B8G8R8A8 depth/stencil support: D0S0 D0S1 D0S4 D0S8 D0S16 D16S0 D24S0 D32S0 Packed-D24S8 
16:35:51: FBO PF_A2R10G10B10 depth/stencil support: D0S0 D0S1 D0S4 D0S8 D0S16 D16S0 D24S0 D32S0 Packed-D24S8 
16:35:51: FBO PF_A2B10G10R10 depth/stencil support: D0S0 D0S1 D0S4 D0S8 D0S16 D16S0 D24S0 D32S0 Packed-D24S8 
16:35:51: FBO PF_FLOAT16_RGB depth/stencil support: D0S0 D0S1 D0S4 D0S8 D0S16 D16S0 D24S0 D32S0 Packed-D24S8 
16:35:51: FBO PF_FLOAT16_RGBA depth/stencil support: D0S0 D0S1 D0S4 D0S8 D0S16 D16S0 D24S0 D32S0 Packed-D24S8 
16:35:51: FBO PF_FLOAT32_RGB depth/stencil support: D0S0 D0S1 D0S4 D0S8 D0S16 D16S0 D24S0 D32S0 Packed-D24S8 
16:35:51: FBO PF_FLOAT32_RGBA depth/stencil support: D0S0 D0S1 D0S4 D0S8 D0S16 D16S0 D24S0 D32S0 Packed-D24S8 
16:35:51: FBO PF_X8R8G8B8 depth/stencil support: D0S0 D0S1 D0S4 D0S8 D0S16 D16S0 D24S0 D32S0 Packed-D24S8 
16:35:51: FBO PF_X8B8G8R8 depth/stencil support: D0S0 D0S1 D0S4 D0S8 D0S16 D16S0 D24S0 D32S0 Packed-D24S8 
16:35:51: FBO PF_SHORT_RGBA depth/stencil support: D0S0 D0S1 D0S4 D0S8 D0S16 D16S0 D24S0 D32S0 Packed-D24S8 
16:35:51: FBO PF_R3G3B2 depth/stencil support: D0S0 D0S1 D0S4 D0S8 D0S16 D16S0 D24S0 D32S0 Packed-D24S8 
16:35:51: FBO PF_FLOAT16_R depth/stencil support: D0S0 D0S1 D0S4 D0S8 D0S16 D16S0 D24S0 D32S0 Packed-D24S8 
16:35:51: FBO PF_FLOAT32_R depth/stencil support: D0S0 D0S1 D0S4 D0S8 D0S16 D16S0 D24S0 D32S0 Packed-D24S8 
16:35:51: FBO PF_SHORT_GR depth/stencil support: D0S0 D0S1 D0S4 D0S8 D0S16 D16S0 D24S0 D32S0 Packed-D24S8 
16:35:51: FBO PF_FLOAT16_GR depth/stencil support: D0S0 D0S1 D0S4 D0S8 D0S16 D16S0 D24S0 D32S0 Packed-D24S8 
16:35:51: FBO PF_FLOAT32_GR depth/stencil support: D0S0 D0S1 D0S4 D0S8 D0S16 D16S0 D24S0 D32S0 Packed-D24S8 
16:35:51: FBO PF_SHORT_RGB depth/stencil support: D0S0 D0S1 D0S4 D0S8 D0S16 D16S0 D24S0 D32S0 Packed-D24S8 
16:35:51: [GL] : Valid FBO targets PF_UNKNOWN PF_L8 PF_L16 PF_A8 PF_A4L4 PF_BYTE_LA PF_R5G6B5 PF_B5G6R5 PF_A4R4G4B4 PF_A1R5G5B5 PF_R8G8B8 PF_B8G8R8 PF_A8R8G8B8 PF_B8G8R8A8 PF_A2R10G10B10 PF_A2B10G10R10 PF_FLOAT16_RGB PF_FLOAT16_RGBA PF_FLOAT32_RGB PF_FLOAT32_RGBA PF_X8R8G8B8 PF_X8B8G8R8 PF_SHORT_RGBA PF_R3G3B2 PF_FLOAT16_R PF_FLOAT32_R PF_SHORT_GR PF_FLOAT16_GR PF_FLOAT32_GR PF_SHORT_RGB 
16:35:51: RenderSystem capabilities
16:35:51: -------------------------
16:35:51: RenderSystem Name: OpenGL Rendering Subsystem
16:35:51: GPU Vendor: unknown
16:35:51: Device Name: SVGA3D; build: RELEASE;  LLVM;
16:35:51: Driver Version: 3.0.0.0
16:35:51:  * Fixed function pipeline: yes
16:35:51:  * Hardware generation of mipmaps: yes
16:35:51:  * Texture blending: yes
16:35:51:  * Anisotropic texture filtering: yes
16:35:51:  * Dot product texture operation: yes
16:35:51:  * Cube mapping: yes
16:35:51:  * Hardware stencil buffer: yes
16:35:51:    - Stencil depth: 8
16:35:51:    - Two sided stencil support: yes
16:35:51:    - Wrap stencil values: yes
16:35:51:  * Hardware vertex / index buffers: yes
16:35:51:  * Vertex programs: yes
16:35:51:  * Number of floating-point constants for vertex programs: 4096
16:35:51:  * Number of integer constants for vertex programs: 0
16:35:51:  * Number of boolean constants for vertex programs: 0
16:35:51:  * Fragment programs: yes
16:35:51:  * Number of floating-point constants for fragment programs: 4096
16:35:51:  * Number of integer constants for fragment programs: 0
16:35:51:  * Number of boolean constants for fragment programs: 0
16:35:51:  * Geometry programs: no
16:35:51:  * Number of floating-point constants for geometry programs: 0
16:35:51:  * Number of integer constants for geometry programs: 52680
16:35:51:  * Number of boolean constants for geometry programs: 50270
16:35:51:  * Tesselation Hull programs: no
16:35:51:  * Number of floating-point constants for tesselation hull programs: 12338
16:35:51:  * Number of integer constants for tesselation hull programs: 48
16:35:51:  * Number of boolean constants for tesselation hull programs: 0
16:35:51:  * Tesselation Domain programs: no
16:35:51:  * Number of floating-point constants for tesselation domain programs: 0
16:35:51:  * Number of integer constants for tesselation domain programs: 52776
16:35:51:  * Number of boolean constants for tesselation domain programs: 50270
16:35:51:  * Compute programs: no
16:35:51:  * Number of floating-point constants for compute programs: 32548
16:35:51:  * Number of integer constants for compute programs: 0
16:35:51:  * Number of boolean constants for compute programs: 11
16:35:51:  * Supported Shader Profiles: arbfp1 arbvp1 glsl ps_1_1 ps_1_2 ps_1_3 ps_1_4
16:35:51:  * Texture Compression: yes
16:35:51:    - DXT: yes
16:35:51:    - VTC: no
16:35:51:    - PVRTC: no
16:35:51:    - ATC: no
16:35:51:    - ETC1: no
16:35:51:    - ETC2: no
16:35:51:    - BC4/BC5: no
16:35:51:    - BC6H/BC7: no
16:35:51:  * Scissor Rectangle: yes
16:35:51:  * Hardware Occlusion Query: yes
16:35:51:  * User clip planes: yes
16:35:51:  * VET_UBYTE4 vertex element type: yes
16:35:51:  * Infinite far plane projection: yes
16:35:51:  * Hardware render-to-texture: yes
16:35:51:  * Floating point textures: yes
16:35:51:  * Non-power-of-two textures: yes
16:35:51:  * 1d textures: yes
16:35:51:  * Volume textures: yes
16:35:51:  * Multiple Render Targets: 8
16:35:51:    - With different bit depths: yes
16:35:51:  * Point Sprites: yes
16:35:51:  * Extended point parameters: yes
16:35:51:  * Max Point Size: 80
16:35:51:  * Vertex texture fetch: yes
16:35:51:  * Number of world matrices: 0
16:35:51:  * Number of texture units: 16
16:35:51:  * Stencil buffer depth: 8
16:35:51:  * Number of vertex blend matrices: 0
16:35:51:    - Max vertex textures: 16
16:35:51:    - Vertex textures shared: yes
16:35:51:  * Render to Vertex Buffer : no
16:35:51:  * Hardware Atomic Counters: no
16:35:51:  * GL 1.5 without VBO workaround: no
16:35:51:  * Frame Buffer objects: yes
16:35:51:  * Frame Buffer objects (ARB extension): no
16:35:51:  * Frame Buffer objects (ATI extension): no
16:35:51:  * PBuffer support: yes
16:35:51:  * GL 1.5 without HW-occlusion workaround: no
16:35:51:  * Vertex Array Objects: no
16:35:51:  * Separate shader objects: no
16:35:51: DefaultWorkQueue('Root') initialising on thread 7f24c46de800.
16:35:51: Particle Renderer Type 'billboard' registered
16:35:51: SceneManagerFactory for type 'BspSceneManager' registered.
16:35:51: Registering ResourceManager for type BspLevel
16:35:51: DefaultWorkQueue('Root')::WorkerFunc - thread 7f24b154e700 starting.
16:35:51: SceneManagerFactory for type 'PCZSceneManager' registered.
16:35:51: MovableObjectFactory for type 'PCZLight' registered.
16:35:51: MovableObjectFactory for type 'Portal' registered.
16:35:51: MovableObjectFactory for type 'AntiPortal' registered.
16:35:51: PCZone Factory Type 'ZoneType_Octree' registered
16:35:51: SceneManagerFactory for type 'OctreeSceneManager' registered.
16:35:51: Parsing scripts for resource group Autodetect
16:35:51: Finished parsing scripts for resource group Autodetect
16:35:51: Creating resources for group Autodetect
16:35:51: All done
16:35:51: Parsing scripts for resource group General
16:35:51: Parsing script StdQuad_vp.program
16:35:52: Parsing script Instancing.program
16:35:52: Parsing script DualQuaternion.program
16:35:52: OGRE EXCEPTION(7:InternalErrorException): Unable to compile Cg program Ogre/DualQuaternionHardwareSkinningTwoWeightsTwoPhaseCg: The compile returned an error.
DualQuaternion_Common.cg(167) : warning C7019: "blendWgt" is too large for semantic "BLENDWEIGHT", which is size 1
(0) : error C6007: Constant register limit exceeded; more than 96 constant registers needed to compiled program
(0) : error C6007: Constant register limit exceeded; more than 96 constant registers needed to compiled program
(0) : error C6007: Constant register limit exceeded; more than 96 constant registers needed to compiled program
(0) : error C6007: Constant register limit exceeded; more than 96 constant registers needed to compiled program
(0) : error C6007: Constant register limit exceeded; more than 96 constant registers needed to compiled program
(0) : error C6007: Constant register limit exceeded; more than 96 constant registers needed to compiled program
(0) : error C6007: Constant register limit exceeded; more than 96 constant registers needed to compiled program
(0) : error C6007: Constant register limit exceeded; more than 96 constant registers needed to compiled program
 in CgProgram::compileMicrocode at /root/ogre/PlugIns/CgProgramManager/src/OgreCgProgramManagerDll.cpp (line 67)
16:35:52: High-level program Ogre/DualQuaternionHardwareSkinningTwoWeightsTwoPhaseCg encountered an error during loading and is thus not supported.
OGRE EXCEPTION(7:InternalErrorException): Unable to compile Cg program Ogre/DualQuaternionHardwareSkinningTwoWeightsTwoPhaseCg: The compile returned an error.
DualQuaternion_Common.cg(167) : warning C7019: "blendWgt" is too large for semantic "BLENDWEIGHT", which is size 1
(0) : error C6007: Constant register limit exceeded; more than 96 constant registers needed to compiled program
(0) : error C6007: Constant register limit exceeded; more than 96 constant registers needed to compiled program
(0) : error C6007: Constant register limit exceeded; more than 96 constant registers needed to compiled program
(0) : error C6007: Constant register limit exceeded; more than 96 constant registers needed to compiled program
(0) : error C6007: Constant register limit exceeded; more than 96 constant registers needed to compiled program
(0) : error C6007: Constant register limit exceeded; more than 96 constant registers needed to compiled program
(0) : error C6007: Constant register limit exceeded; more than 96 constant registers needed to compiled program
(0) : error C6007: Constant register limit exceeded; more than 96 constant registers needed to compiled program
 in CgProgram::compileMicrocode at /root/ogre/PlugIns/CgProgramManager/src/OgreCgProgramManagerDll.cpp (line 67)
16:35:52: OGRE EXCEPTION(2:InvalidParametersException): Named constants have not been initialised, perhaps a compile error. in GpuProgramParameters::_findNamedConstantDefinition at /root/ogre/OgreMain/src/OgreGpuProgramParams.cpp (line 1709)
16:35:52: Compiler error: invalid parameters in DualQuaternion.program(28): setting of constant failed
16:35:52: Parsing script Examples.program
16:35:52: Parsing script ShadowCaster.program
16:35:52: Parsing script deferred_post.program
16:35:52: Parsing script GBuffer.program
16:35:52: Parsing script triplanarReference.program
16:35:52: Parsing script pbr.program
16:35:52: Parsing script SdkTrays.material
16:35:52: Parsing script OgreProfiler.material
16:35:52: Parsing script HW_VTF_LUTInstancing.material
16:35:52: Parsing script CGSwizzle.material
16:35:52: Parsing script pssm.material
16:35:52: Parsing script SharpenEdges.material
16:35:52: Parsing script Examples-Advanced.material
16:35:52: Compiler error: object unsupported by render system in Examples-Advanced.material(938): , Shader name: Examples/TextureArrayPSasm
16:35:52: Parsing script Tiling.material
16:35:52: Parsing script VarianceShadowmap.material
16:35:52: Parsing script AdaptivePNTrianglesTessellation.material
16:35:52: Parsing script DOF.material
16:35:52: Parsing script Embossed.material
16:35:52: Parsing script Invert.material
16:35:52: Parsing script Examples-DynTex.material
16:35:52: Parsing script AtomicCounters.material
16:35:52: Compiler error: number expected in AtomicCounters.material(3): true invalid - extra parameters to shared_param_named must be numbers
16:35:52: Compiler error: number expected in AtomicCounters.material(14): false invalid - extra parameters to shared_param_named must be numbers
16:35:52: Parsing script ASCII.material
16:35:52: Parsing script RasterizationOrder.material
16:35:52: Parsing script OffsetMapping.material
16:35:52: Parsing script RZR-002.material
16:35:52: Parsing script IsoSurf.material
16:35:52: Parsing script FluidSim.material
16:35:52: Parsing script GLSLSwizzle.material
16:35:52: Parsing script ShaderInstancing.material
16:35:52: Parsing script Examples-Water.material
16:35:52: Parsing script HWInstancing.material
16:35:52: Parsing script Hair.material
16:35:52: Parsing script ASMSwizzle.material
16:35:52: Compiler error: object unsupported by render system in ASMSwizzle.material(1): , Shader name: Ogre/GPTest/Swizzle_GP_ASM
16:35:52: Parsing script Tessellation.material
16:35:52: Compiler error: unknown error in Tessellation.material(20): token class, tessellation_hull_program, unrecognized.
16:35:52: Compiler error: unknown error in Tessellation.material(32): token class, tessellation_hull_program, unrecognized.
16:35:52: Compiler error: unknown error in Tessellation.material(43): token class, tessellation_hull_program, unrecognized.
16:35:52: Compiler error: unknown error in Tessellation.material(49): token class, tessellation_domain_program, unrecognized.
16:35:52: Compiler error: unknown error in Tessellation.material(61): token class, tessellation_domain_program, unrecognized.
16:35:52: Compiler error: unknown error in Tessellation.material(72): token class, tessellation_domain_program, unrecognized.
16:35:52: Compiler error: unknown error in Tessellation.material(113): token class, tessellation_hull_program_ref, unrecognized.
16:35:52: Compiler error: unknown error in Tessellation.material(118): token class, tessellation_domain_program_ref, unrecognized.
16:35:52: Compiler error: unknown error in Tessellation.material(113): token "tessellation_hull_program_ref" is not recognized
16:35:52: Compiler error: unknown error in Tessellation.material(118): token "tessellation_domain_program_ref" is not recognized
16:35:52: Parsing script Posterize.material
16:35:52: Parsing script Bloom2.material
16:35:52: Parsing script Compute.material
16:35:52: Parsing script Penguin.material
16:35:52: Parsing script Island.material
16:35:52: Compiler error: unknown error in Island.material(200): token class, tessellation_hull_program, unrecognized.
16:35:52: Compiler error: unknown error in Island.material(216): token class, tessellation_domain_program, unrecognized.
16:35:52: Compiler error: unknown error in Island.material(272): token class, tessellation_hull_program_ref, unrecognized.
16:35:52: Compiler error: unknown error in Island.material(276): token class, tessellation_domain_program_ref, unrecognized.
16:35:52: Compiler error: unknown error in Island.material(296): token class, tessellation_hull_program_ref, unrecognized.
16:35:52: Compiler error: unknown error in Island.material(300): token class, tessellation_domain_program_ref, unrecognized.
16:35:52: Compiler error: unknown error in Island.material(316): token class, tessellation_domain_program, unrecognized.
16:35:52: Compiler error: unknown error in Island.material(365): token class, tessellation_hull_program_ref, unrecognized.
16:35:52: Compiler error: unknown error in Island.material(369): token class, tessellation_domain_program_ref, unrecognized.
16:35:52: Compiler error: unknown error in Island.material(272): token "tessellation_hull_program_ref" is not recognized
16:35:52: Compiler error: unknown error in Island.material(276): token "tessellation_domain_program_ref" is not recognized
16:35:52: Compiler error: unknown error in Island.material(296): token "tessellation_hull_program_ref" is not recognized
16:35:52: Compiler error: unknown error in Island.material(300): token "tessellation_domain_program_ref" is not recognized
16:35:52: Compiler error: unknown error in Island.material(365): token "tessellation_hull_program_ref" is not recognized
16:35:52: Compiler error: unknown error in Island.material(369): token "tessellation_domain_program_ref" is not recognized
16:35:52: Parsing script BlackAndWhite.material
16:35:52: Parsing script facial.material
16:35:52: Parsing script Swizzle.material
16:35:52: OGRE EXCEPTION(2:InvalidParametersException): Parameter called WorldViewProj does not exist.  in GpuProgramParameters::_findNamedConstantDefinition at /root/ogre/OgreMain/src/OgreGpuProgramParams.cpp (line 1719)
16:35:52: Compiler error: invalid parameters in Swizzle.material(68): setting of constant failed
16:35:52: OGRE EXCEPTION(2:InvalidParametersException): Parameter called origColour does not exist.  in GpuProgramParameters::_findNamedConstantDefinition at /root/ogre/OgreMain/src/OgreGpuProgramParams.cpp (line 1719)
16:35:52: Compiler error: invalid parameters in Swizzle.material(79): setting of constant failed
16:35:52: OGRE EXCEPTION(2:InvalidParametersException): Parameter called cloneColour does not exist.  in GpuProgramParameters::_findNamedConstantDefinition at /root/ogre/OgreMain/src/OgreGpuProgramParams.cpp (line 1719)
16:35:52: Compiler error: invalid parameters in Swizzle.material(80): setting of constant failed
16:35:52: Parsing script Glass.material
16:35:52: Parsing script shadows.material
16:35:52: Parsing script RadialBlur.material
16:35:52: Parsing script HW_VTFInstancing.material
16:35:52: Parsing script Example-Water.material
16:35:52: Parsing script OldTV.material
16:35:52: Parsing script MRTtest.material
16:35:52: Parsing script Ocean.material
16:35:52: Parsing script Ogre.material
16:35:52: Parsing script ShaderSystem.material
16:35:52: Parsing script Dither.material
16:35:52: Parsing script CompositorDemo.material
16:35:52: Parsing script TerrainTessellation.material
16:35:52: Compiler error: unknown error in TerrainTessellation.material(123): token class, tessellation_hull_program, unrecognized.
16:35:52: Compiler error: unknown error in TerrainTessellation.material(140): token class, tessellation_domain_program, unrecognized.
16:35:52: Compiler error: unknown error in TerrainTessellation.material(177): token class, tessellation_hull_program_ref, unrecognized.
16:35:52: Compiler error: unknown error in TerrainTessellation.material(182): token class, tessellation_domain_program_ref, unrecognized.
16:35:52: Compiler error: unknown error in TerrainTessellation.material(177): token "tessellation_hull_program_ref" is not recognized
16:35:52: Compiler error: unknown error in TerrainTessellation.material(182): token "tessellation_domain_program_ref" is not recognized
16:35:52: Parsing script OldMovie.material
16:35:52: Parsing script MotionBlur.material
16:35:52: Parsing script HeatVision.material
16:35:52: Parsing script ParticleGS.material
16:35:52: Parsing script Hurt.material
16:35:52: Parsing script Laplace.material
16:35:52: Parsing script Halftone.material
16:35:52: Parsing script NightVision.material
16:35:52: Parsing script DepthShadowmap.material
16:35:52: Parsing script Tesselation.material
16:35:52: Parsing script smoke.material
16:35:52: Parsing script instancing.material
16:35:52: Parsing script Bloom.material
16:35:52: Parsing script DamagedHelmet.material
16:35:52: Compiler error: unknown error in DamagedHelmet.material(64): token "rtshader_system" is not recognized
16:35:52: Parsing script hdr.material
16:35:52: Parsing script InstancingMisc.material
16:35:52: Parsing script sibenik.material
16:35:52: Parsing script Examples.material
16:35:52: Parsing script VTFInstancing.material
16:35:52: Parsing script DualQuaternion.material
16:35:52: Parsing script ShadowCaster.material
16:35:52: Parsing script deferreddemo.material
16:35:52: Parsing script deferred_post_minilight.material
16:35:52: Parsing script ssao.material
16:35:52: Parsing script deferred_post.material
16:35:52: Parsing script ROOM.material
16:35:52: Parsing script RTShaderSystem.material
16:35:52: Compiler error: unknown error in RTShaderSystem.material(23): token "rtshader_system" is not recognized
16:35:52: Compiler error: unknown error in RTShaderSystem.material(52): token "rtshader_system" is not recognized
16:35:52: Compiler error: unknown error in RTShaderSystem.material(81): token "rtshader_system" is not recognized
16:35:52: Compiler error: unknown error in RTShaderSystem.material(110): token "rtshader_system" is not recognized
16:35:52: Compiler error: unknown error in RTShaderSystem.material(146): token "rtshader_system" is not recognized
16:35:52: Compiler error: unknown error in RTShaderSystem.material(81): token "rtshader_system" is not recognized
16:35:52: Compiler error: unknown error in RTShaderSystem.material(162): token "rtshader_system" is not recognized
16:35:52: Compiler error: unknown error in RTShaderSystem.material(81): token "rtshader_system" is not recognized
16:35:52: Compiler error: unknown error in RTShaderSystem.material(110): token "rtshader_system" is not recognized
16:35:52: Compiler error: unknown error in RTShaderSystem.material(211): token "rtshader_system" is not recognized
16:35:52: Parsing script HardwareSkinningShadow.material
16:35:52: OGRE EXCEPTION(7:InternalErrorException): Unable to compile Cg program Ogre/RTShader/shadow_caster_skinning_1weight_vs: The compile returned an error.
(21) : warning C7019: "blendWgt" is too large for semantic "BLENDWEIGHT", which is size 1
(23) : error C5041: cannot locate suitable resource to bind parameter "<null atom>"
(23) : error C5041: cannot locate suitable resource to bind parameter "<null atom>"
(23) : error C5041: cannot locate suitable resource to bind parameter "<null atom>"
(23) : error C5041: cannot locate suitable resource to bind parameter "<null atom>"
(23) : error C5041: cannot locate suitable resource to bind parameter "<null atom>"
(23) : error C5041: cannot locate suitable resource to bind parameter "<null atom>"
(23) : error C5041: cannot locate suitable resource to bind parameter "<null atom>"
(23) : error C5041: cannot locate suitable resource to bind parameter "<null atom>"
(23) : error C5041: cannot locate suitable resource to bind parameter "<null atom>"
(23) : error C5041: cannot locate suitable resource to bind parameter "<null atom>"
(23) : error C5041: cannot locate suitable resource to bind parameter "<null atom>"
(23) : error C5041: cannot locate suitable resource to bind parameter "<null atom>"
(23) : error C5041: cannot locate suitable resource to bind parameter "<null atom>"
(23) : error C5041: cannot locate suitable resource to bind parameter "<null atom>"
(23) : error C5041: cannot locate suitable resource to bind parameter "<null atom>"
(23) : error C5041: cannot locate suitable resource to bind parameter "<null atom>"
(23) : error C5041: cannot locate suitable resource to bind parameter "<null atom>"
(23) : error C5041: cannot locate suitable resource to bind parameter "<null atom>"
(23) : error C5041: cannot locate suitable resource to bind parameter "<null atom>"
 in CgProgram::compileMicrocode at /root/ogre/PlugIns/CgProgramManager/src/OgreCgProgramManagerDll.cpp (line 67)
16:35:52: High-level program Ogre/RTShader/shadow_caster_skinning_1weight_vs encountered an error during loading and is thus not supported.
OGRE EXCEPTION(7:InternalErrorException): Unable to compile Cg program Ogre/RTShader/shadow_caster_skinning_1weight_vs: The compile returned an error.
(21) : warning C7019: "blendWgt" is too large for semantic "BLENDWEIGHT", which is size 1
(23) : error C5041: cannot locate suitable resource to bind parameter "<null atom>"
(23) : error C5041: cannot locate suitable resource to bind parameter "<null atom>"
(23) : error C5041: cannot locate suitable resource to bind parameter "<null atom>"
(23) : error C5041: cannot locate suitable resource to bind parameter "<null atom>"
(23) : error C5041: cannot locate suitable resource to bind parameter "<null atom>"
(23) : error C5041: cannot locate suitable resource to bind parameter "<null atom>"
(23) : error C5041: cannot locate suitable resource to bind parameter "<null atom>"
(23) : error C5041: cannot locate suitable resource to bind parameter "<null atom>"
(23) : error C5041: cannot locate suitable resource to bind parameter "<null atom>"
(23) : error C5041: cannot locate suitable resource to bind parameter "<null atom>"
(23) : error C5041: cannot locate suitable resource to bind parameter "<null atom>"
(23) : error C5041: cannot locate suitable resource to bind parameter "<null atom>"
(23) : error C5041: cannot locate suitable resource to bind parameter "<null atom>"
(23) : error C5041: cannot locate suitable resource to bind parameter "<null atom>"
(23) : error C5041: cannot locate suitable resource to bind parameter "<null atom>"
(23) : error C5041: cannot locate suitable resource to bind parameter "<null atom>"
(23) : error C5041: cannot locate suitable resource to bind parameter "<null atom>"
(23) : error C5041: cannot locate suitable resource to bind parameter "<null atom>"
(23) : error C5041: cannot locate suitable resource to bind parameter "<null atom>"
 in CgProgram::compileMicrocode at /root/ogre/PlugIns/CgProgramManager/src/OgreCgProgramManagerDll.cpp (line 67)
16:35:52: OGRE EXCEPTION(2:InvalidParametersException): Named constants have not been initialised, perhaps a compile error. in GpuProgramParameters::_findNamedConstantDefinition at /root/ogre/OgreMain/src/OgreGpuProgramParams.cpp (line 1709)
16:35:52: Compiler error: invalid parameters in HardwareSkinningShadow.material(29): setting of constant failed
16:35:52: OGRE EXCEPTION(2:InvalidParametersException): Named constants have not been initialised, perhaps a compile error. in GpuProgramParameters::_findNamedConstantDefinition at /root/ogre/OgreMain/src/OgreGpuProgramParams.cpp (line 1709)
16:35:52: Compiler error: invalid parameters in HardwareSkinningShadow.material(30): setting of constant failed
16:35:52: OGRE EXCEPTION(7:InternalErrorException): Unable to compile Cg program Ogre/RTShader/shadow_caster_skinning_2weight_vs_cg: The compile returned an error.
(41) : warning C7019: "blendWgt" is too large for semantic "BLENDWEIGHT", which is size 1
(44) : error C5041: cannot locate suitable resource to bind parameter "<null atom>"
(44) : error C5041: cannot locate suitable resource to bind parameter "<null atom>"
(44) : error C5041: cannot locate suitable resource to bind parameter "<null atom>"
(44) : error C5041: cannot locate suitable resource to bind parameter "<null atom>"
(44) : error C5041: cannot locate suitable resource to bind parameter "<null atom>"
(44) : error C5041: cannot locate suitable resource to bind parameter "<null atom>"
(44) : error C5041: cannot locate suitable resource to bind parameter "<null atom>"
(44) : error C5041: cannot locate suitable resource to bind parameter "<null atom>"
(44) : error C5041: cannot locate suitable resource to bind parameter "<null atom>"
(44) : error C5041: cannot locate suitable resource to bind parameter "<null atom>"
(44) : error C5041: cannot locate suitable resource to bind parameter "<null atom>"
(44) : error C5041: cannot locate suitable resource to bind parameter "<null atom>"
(44) : error C5041: cannot locate suitable resource to bind parameter "<null atom>"
(44) : error C5041: cannot locate suitable resource to bind parameter "<null atom>"
(44) : error C5041: cannot locate suitable resource to bind parameter "<null atom>"
(44) : error C5041: cannot locate suitable resource to bind parameter "<null atom>"
(44) : error C5041: cannot locate suitable resource to bind parameter "<null atom>"
(44) : error C5041: cannot locate suitable resource to bind parameter "<null atom>"
(44) : error C5041: cannot locate suitable resource to bind parameter "<null atom>"
 in CgProgram::compileMicrocode at /root/ogre/PlugIns/CgProgramManager/src/OgreCgProgramManagerDll.cpp (line 67)
16:35:52: High-level program Ogre/RTShader/shadow_caster_skinning_2weight_vs_cg encountered an error during loading and is thus not supported.
OGRE EXCEPTION(7:InternalErrorException): Unable to compile Cg program Ogre/RTShader/shadow_caster_skinning_2weight_vs_cg: The compile returned an error.
(41) : warning C7019: "blendWgt" is too large for semantic "BLENDWEIGHT", which is size 1
(44) : error C5041: cannot locate suitable resource to bind parameter "<null atom>"
(44) : error C5041: cannot locate suitable resource to bind parameter "<null atom>"
(44) : error C5041: cannot locate suitable resource to bind parameter "<null atom>"
(44) : error C5041: cannot locate suitable resource to bind parameter "<null atom>"
(44) : error C5041: cannot locate suitable resource to bind parameter "<null atom>"
(44) : error C5041: cannot locate suitable resource to bind parameter "<null atom>"
(44) : error C5041: cannot locate suitable resource to bind parameter "<null atom>"
(44) : error C5041: cannot locate suitable resource to bind parameter "<null atom>"
(44) : error C5041: cannot locate suitable resource to bind parameter "<null atom>"
(44) : error C5041: cannot locate suitable resource to bind parameter "<null atom>"
(44) : error C5041: cannot locate suitable resource to bind parameter "<null atom>"
(44) : error C5041: cannot locate suitable resource to bind parameter "<null atom>"
(44) : error C5041: cannot locate suitable resource to bind parameter "<null atom>"
(44) : error C5041: cannot locate suitable resource to bind parameter "<null atom>"
(44) : error C5041: cannot locate suitable resource to bind parameter "<null atom>"
(44) : error C5041: cannot locate suitable resource to bind parameter "<null atom>"
(44) : error C5041: cannot locate suitable resource to bind parameter "<null atom>"
(44) : error C5041: cannot locate suitable resource to bind parameter "<null atom>"
(44) : error C5041: cannot locate suitable resource to bind parameter "<null atom>"
 in CgProgram::compileMicrocode at /root/ogre/PlugIns/CgProgramManager/src/OgreCgProgramManagerDll.cpp (line 67)
16:35:52: OGRE EXCEPTION(2:InvalidParametersException): Named constants have not been initialised, perhaps a compile error. in GpuProgramParameters::_findNamedConstantDefinition at /root/ogre/OgreMain/src/OgreGpuProgramParams.cpp (line 1709)
16:35:52: Compiler error: invalid parameters in HardwareSkinningShadow.material(43): setting of constant failed
16:35:52: OGRE EXCEPTION(2:InvalidParametersException): Named constants have not been initialised, perhaps a compile error. in GpuProgramParameters::_findNamedConstantDefinition at /root/ogre/OgreMain/src/OgreGpuProgramParams.cpp (line 1709)
16:35:52: Compiler error: invalid parameters in HardwareSkinningShadow.material(44): setting of constant failed
16:35:52: OGRE EXCEPTION(7:InternalErrorException): Unable to compile Cg program Ogre/RTShader/shadow_caster_skinning_3weight_vs: The compile returned an error.
(64) : warning C7019: "blendWgt" is too large for semantic "BLENDWEIGHT", which is size 1
(67) : error C5041: cannot locate suitable resource to bind parameter "<null atom>"
(67) : error C5041: cannot locate suitable resource to bind parameter "<null atom>"
(67) : error C5041: cannot locate suitable resource to bind parameter "<null atom>"
(67) : error C5041: cannot locate suitable resource to bind parameter "<null atom>"
(67) : error C5041: cannot locate suitable resource to bind parameter "<null atom>"
(67) : error C5041: cannot locate suitable resource to bind parameter "<null atom>"
(67) : error C5041: cannot locate suitable resource to bind parameter "<null atom>"
(67) : error C5041: cannot locate suitable resource to bind parameter "<null atom>"
(67) : error C5041: cannot locate suitable resource to bind parameter "<null atom>"
(67) : error C5041: cannot locate suitable resource to bind parameter "<null atom>"
(67) : error C5041: cannot locate suitable resource to bind parameter "<null atom>"
(67) : error C5041: cannot locate suitable resource to bind parameter "<null atom>"
(67) : error C5041: cannot locate suitable resource to bind parameter "<null atom>"
(67) : error C5041: cannot locate suitable resource to bind parameter "<null atom>"
(67) : error C5041: cannot locate suitable resource to bind parameter "<null atom>"
(67) : error C5041: cannot locate suitable resource to bind parameter "<null atom>"
(67) : error C5041: cannot locate suitable resource to bind parameter "<null atom>"
(67) : error C5041: cannot locate suitable resource to bind parameter "<null atom>"
(67) : error C5041: cannot locate suitable resource to bind parameter "<null atom>"
 in CgProgram::compileMicrocode at /root/ogre/PlugIns/CgProgramManager/src/OgreCgProgramManagerDll.cpp (line 67)
16:35:52: High-level program Ogre/RTShader/shadow_caster_skinning_3weight_vs encountered an error during loading and is thus not supported.
OGRE EXCEPTION(7:InternalErrorException): Unable to compile Cg program Ogre/RTShader/shadow_caster_skinning_3weight_vs: The compile returned an error.
(64) : warning C7019: "blendWgt" is too large for semantic "BLENDWEIGHT", which is size 1
(67) : error C5041: cannot locate suitable resource to bind parameter "<null atom>"
(67) : error C5041: cannot locate suitable resource to bind parameter "<null atom>"
(67) : error C5041: cannot locate suitable resource to bind parameter "<null atom>"
(67) : error C5041: cannot locate suitable resource to bind parameter "<null atom>"
(67) : error C5041: cannot locate suitable resource to bind parameter "<null atom>"
(67) : error C5041: cannot locate suitable resource to bind parameter "<null atom>"
(67) : error C5041: cannot locate suitable resource to bind parameter "<null atom>"
(67) : error C5041: cannot locate suitable resource to bind parameter "<null atom>"
(67) : error C5041: cannot locate suitable resource to bind parameter "<null atom>"
(67) : error C5041: cannot locate suitable resource to bind parameter "<null atom>"
(67) : error C5041: cannot locate suitable resource to bind parameter "<null atom>"
(67) : error C5041: cannot locate suitable resource to bind parameter "<null atom>"
(67) : error C5041: cannot locate suitable resource to bind parameter "<null atom>"
(67) : error C5041: cannot locate suitable resource to bind parameter "<null atom>"
(67) : error C5041: cannot locate suitable resource to bind parameter "<null atom>"
(67) : error C5041: cannot locate suitable resource to bind parameter "<null atom>"
(67) : error C5041: cannot locate suitable resource to bind parameter "<null atom>"
(67) : error C5041: cannot locate suitable resource to bind parameter "<null atom>"
(67) : error C5041: cannot locate suitable resource to bind parameter "<null atom>"
 in CgProgram::compileMicrocode at /root/ogre/PlugIns/CgProgramManager/src/OgreCgProgramManagerDll.cpp (line 67)
16:35:52: OGRE EXCEPTION(2:InvalidParametersException): Named constants have not been initialised, perhaps a compile error. in GpuProgramParameters::_findNamedConstantDefinition at /root/ogre/OgreMain/src/OgreGpuProgramParams.cpp (line 1709)
16:35:52: Compiler error: invalid parameters in HardwareSkinningShadow.material(57): setting of constant failed
16:35:52: OGRE EXCEPTION(2:InvalidParametersException): Named constants have not been initialised, perhaps a compile error. in GpuProgramParameters::_findNamedConstantDefinition at /root/ogre/OgreMain/src/OgreGpuProgramParams.cpp (line 1709)
16:35:52: Compiler error: invalid parameters in HardwareSkinningShadow.material(58): setting of constant failed
16:35:52: OGRE EXCEPTION(7:InternalErrorException): Unable to compile Cg program Ogre/RTShader/shadow_caster_skinning_4weight_vs: The compile returned an error.
(88) : warning C7019: "blendWgt" is too large for semantic "BLENDWEIGHT", which is size 1
(91) : error C5041: cannot locate suitable resource to bind parameter "<null atom>"
(91) : error C5041: cannot locate suitable resource to bind parameter "<null atom>"
(91) : error C5041: cannot locate suitable resource to bind parameter "<null atom>"
(91) : error C5041: cannot locate suitable resource to bind parameter "<null atom>"
(91) : error C5041: cannot locate suitable resource to bind parameter "<null atom>"
(91) : error C5041: cannot locate suitable resource to bind parameter "<null atom>"
(91) : error C5041: cannot locate suitable resource to bind parameter "<null atom>"
(91) : error C5041: cannot locate suitable resource to bind parameter "<null atom>"
(91) : error C5041: cannot locate suitable resource to bind parameter "<null atom>"
(91) : error C5041: cannot locate suitable resource to bind parameter "<null atom>"
(91) : error C5041: cannot locate suitable resource to bind parameter "<null atom>"
(91) : error C5041: cannot locate suitable resource to bind parameter "<null atom>"
(91) : error C5041: cannot locate suitable resource to bind parameter "<null atom>"
(91) : error C5041: cannot locate suitable resource to bind parameter "<null atom>"
(91) : error C5041: cannot locate suitable resource to bind parameter "<null atom>"
(91) : error C5041: cannot locate suitable resource to bind parameter "<null atom>"
(91) : error C5041: cannot locate suitable resource to bind parameter "<null atom>"
(91) : error C5041: cannot locate suitable resource to bind parameter "<null atom>"
(91) : error C5041: cannot locate suitable resource to bind parameter "<null atom>"
 in CgProgram::compileMicrocode at /root/ogre/PlugIns/CgProgramManager/src/OgreCgProgramManagerDll.cpp (line 67)
16:35:52: High-level program Ogre/RTShader/shadow_caster_skinning_4weight_vs encountered an error during loading and is thus not supported.
OGRE EXCEPTION(7:InternalErrorException): Unable to compile Cg program Ogre/RTShader/shadow_caster_skinning_4weight_vs: The compile returned an error.
(88) : warning C7019: "blendWgt" is too large for semantic "BLENDWEIGHT", which is size 1
(91) : error C5041: cannot locate suitable resource to bind parameter "<null atom>"
(91) : error C5041: cannot locate suitable resource to bind parameter "<null atom>"
(91) : error C5041: cannot locate suitable resource to bind parameter "<null atom>"
(91) : error C5041: cannot locate suitable resource to bind parameter "<null atom>"
(91) : error C5041: cannot locate suitable resource to bind parameter "<null atom>"
(91) : error C5041: cannot locate suitable resource to bind parameter "<null atom>"
(91) : error C5041: cannot locate suitable resource to bind parameter "<null atom>"
(91) : error C5041: cannot locate suitable resource to bind parameter "<null atom>"
(91) : error C5041: cannot locate suitable resource to bind parameter "<null atom>"
(91) : error C5041: cannot locate suitable resource to bind parameter "<null atom>"
(91) : error C5041: cannot locate suitable resource to bind parameter "<null atom>"
(91) : error C5041: cannot locate suitable resource to bind parameter "<null atom>"
(91) : error C5041: cannot locate suitable resource to bind parameter "<null atom>"
(91) : error C5041: cannot locate suitable resource to bind parameter "<null atom>"
(91) : error C5041: cannot locate suitable resource to bind parameter "<null atom>"
(91) : error C5041: cannot locate suitable resource to bind parameter "<null atom>"
(91) : error C5041: cannot locate suitable resource to bind parameter "<null atom>"
(91) : error C5041: cannot locate suitable resource to bind parameter "<null atom>"
(91) : error C5041: cannot locate suitable resource to bind parameter "<null atom>"
 in CgProgram::compileMicrocode at /root/ogre/PlugIns/CgProgramManager/src/OgreCgProgramManagerDll.cpp (line 67)
16:35:52: OGRE EXCEPTION(2:InvalidParametersException): Named constants have not been initialised, perhaps a compile error. in GpuProgramParameters::_findNamedConstantDefinition at /root/ogre/OgreMain/src/OgreGpuProgramParams.cpp (line 1709)
16:35:52: Compiler error: invalid parameters in HardwareSkinningShadow.material(72): setting of constant failed
16:35:52: OGRE EXCEPTION(2:InvalidParametersException): Named constants have not been initialised, perhaps a compile error. in GpuProgramParameters::_findNamedConstantDefinition at /root/ogre/OgreMain/src/OgreGpuProgramParams.cpp (line 1709)
16:35:52: Compiler error: invalid parameters in HardwareSkinningShadow.material(73): setting of constant failed
16:35:53: Parsing script TriplanarTexturing.material
16:35:53: Compiler error: unknown error in TriplanarTexturing.material(9): token "rtshader_system" is not recognized
16:35:53: Parsing script DualQuaternionSkinning_Shadow.material
16:35:53: OGRE EXCEPTION(7:InternalErrorException): Unable to compile Cg program Ogre/RTShader/shadow_caster_dq_skinning_1weight_twophase_vs_cg: The compile returned an error.
(227) : warning C7019: "blendWgt" is too large for semantic "BLENDWEIGHT", which is size 1
(0) : error C6007: Constant register limit exceeded; more than 96 constant registers needed to compiled program
(0) : error C6007: Constant register limit exceeded; more than 96 constant registers needed to compiled program
(0) : error C6007: Constant register limit exceeded; more than 96 constant registers needed to compiled program
 in CgProgram::compileMicrocode at /root/ogre/PlugIns/CgProgramManager/src/OgreCgProgramManagerDll.cpp (line 67)
16:35:53: High-level program Ogre/RTShader/shadow_caster_dq_skinning_1weight_twophase_vs_cg encountered an error during loading and is thus not supported.
OGRE EXCEPTION(7:InternalErrorException): Unable to compile Cg program Ogre/RTShader/shadow_caster_dq_skinning_1weight_twophase_vs_cg: The compile returned an error.
(227) : warning C7019: "blendWgt" is too large for semantic "BLENDWEIGHT", which is size 1
(0) : error C6007: Constant register limit exceeded; more than 96 constant registers needed to compiled program
(0) : error C6007: Constant register limit exceeded; more than 96 constant registers needed to compiled program
(0) : error C6007: Constant register limit exceeded; more than 96 constant registers needed to compiled program
 in CgProgram::compileMicrocode at /root/ogre/PlugIns/CgProgramManager/src/OgreCgProgramManagerDll.cpp (line 67)
16:35:53: OGRE EXCEPTION(2:InvalidParametersException): Named constants have not been initialised, perhaps a compile error. in GpuProgramParameters::_findNamedConstantDefinition at /root/ogre/OgreMain/src/OgreGpuProgramParams.cpp (line 1709)
16:35:53: Compiler error: invalid parameters in DualQuaternionSkinning_Shadow.material(211): setting of constant failed
16:35:53: OGRE EXCEPTION(2:InvalidParametersException): Named constants have not been initialised, perhaps a compile error. in GpuProgramParameters::_findNamedConstantDefinition at /root/ogre/OgreMain/src/OgreGpuProgramParams.cpp (line 1709)
16:35:53: Compiler error: invalid parameters in DualQuaternionSkinning_Shadow.material(212): setting of constant failed
16:35:53: OGRE EXCEPTION(2:InvalidParametersException): Named constants have not been initialised, perhaps a compile error. in GpuProgramParameters::_findNamedConstantDefinition at /root/ogre/OgreMain/src/OgreGpuProgramParams.cpp (line 1709)
16:35:53: Compiler error: invalid parameters in DualQuaternionSkinning_Shadow.material(213): setting of constant failed
16:35:53: OGRE EXCEPTION(2:InvalidParametersException): Named constants have not been initialised, perhaps a compile error. in GpuProgramParameters::_findNamedConstantDefinition at /root/ogre/OgreMain/src/OgreGpuProgramParams.cpp (line 1709)
16:35:53: Compiler error: invalid parameters in DualQuaternionSkinning_Shadow.material(214): setting of constant failed
16:35:53: OGRE EXCEPTION(7:InternalErrorException): Unable to compile Cg program Ogre/RTShader/shadow_caster_dq_skinning_2weight_twophase_vs_cg: The compile returned an error.
(261) : warning C7019: "blendWgt" is too large for semantic "BLENDWEIGHT", which is size 1
(0) : error C6007: Constant register limit exceeded; more than 96 constant registers needed to compiled program
(0) : error C6007: Constant register limit exceeded; more than 96 constant registers needed to compiled program
(0) : error C6007: Constant register limit exceeded; more than 96 constant registers needed to compiled program
 in CgProgram::compileMicrocode at /root/ogre/PlugIns/CgProgramManager/src/OgreCgProgramManagerDll.cpp (line 67)
16:35:53: High-level program Ogre/RTShader/shadow_caster_dq_skinning_2weight_twophase_vs_cg encountered an error during loading and is thus not supported.
OGRE EXCEPTION(7:InternalErrorException): Unable to compile Cg program Ogre/RTShader/shadow_caster_dq_skinning_2weight_twophase_vs_cg: The compile returned an error.
(261) : warning C7019: "blendWgt" is too large for semantic "BLENDWEIGHT", which is size 1
(0) : error C6007: Constant register limit exceeded; more than 96 constant registers needed to compiled program
(0) : error C6007: Constant register limit exceeded; more than 96 constant registers needed to compiled program
(0) : error C6007: Constant register limit exceeded; more than 96 constant registers needed to compiled program
 in CgProgram::compileMicrocode at /root/ogre/PlugIns/CgProgramManager/src/OgreCgProgramManagerDll.cpp (line 67)
16:35:53: OGRE EXCEPTION(2:InvalidParametersException): Named constants have not been initialised, perhaps a compile error. in GpuProgramParameters::_findNamedConstantDefinition at /root/ogre/OgreMain/src/OgreGpuProgramParams.cpp (line 1709)
16:35:53: Compiler error: invalid parameters in DualQuaternionSkinning_Shadow.material(228): setting of constant failed
16:35:53: OGRE EXCEPTION(2:InvalidParametersException): Named constants have not been initialised, perhaps a compile error. in GpuProgramParameters::_findNamedConstantDefinition at /root/ogre/OgreMain/src/OgreGpuProgramParams.cpp (line 1709)
16:35:53: Compiler error: invalid parameters in DualQuaternionSkinning_Shadow.material(229): setting of constant failed
16:35:53: OGRE EXCEPTION(2:InvalidParametersException): Named constants have not been initialised, perhaps a compile error. in GpuProgramParameters::_findNamedConstantDefinition at /root/ogre/OgreMain/src/OgreGpuProgramParams.cpp (line 1709)
16:35:53: Compiler error: invalid parameters in DualQuaternionSkinning_Shadow.material(230): setting of constant failed
16:35:53: OGRE EXCEPTION(2:InvalidParametersException): Named constants have not been initialised, perhaps a compile error. in GpuProgramParameters::_findNamedConstantDefinition at /root/ogre/OgreMain/src/OgreGpuProgramParams.cpp (line 1709)
16:35:53: Compiler error: invalid parameters in DualQuaternionSkinning_Shadow.material(231): setting of constant failed
16:35:53: Parsing script HorizonBased.material
16:35:53: Parsing script CreaseShading.material
16:35:53: Parsing script Crytek.material
16:35:53: Parsing script SSAOPost.material
16:35:53: Parsing script Modulate.material
16:35:53: Parsing script ShowDepth.material
16:35:53: Parsing script HemisphereMC.material
16:35:53: Parsing script ShowNormals.material
16:35:53: Parsing script ShowViewPos.material
16:35:53: Parsing script GBuffer.material
16:35:53: Parsing script UnsharpMask.material
16:35:53: Parsing script Volumetric.material
16:35:53: Parsing script triplanarReference.material
16:35:53: Parsing script glTF2_PBR.material
16:35:53: Parsing script RomanBath.material
16:35:53: Parsing script Sinbad.material
16:35:53: Parsing script Examples-Water.particle
16:35:53: Parsing script smoke.particle
16:35:53: Parsing script Examples.particle
16:35:53: Parsing script emitted_emitter.particle
16:35:53: Parsing script Examples.compositor
16:35:53: Parsing script ssao.compositor
16:35:53: Parsing script deferred.compositor
16:35:53: Parsing script SSAO.compositor
16:35:53: Parsing script SSAOPost.compositor
16:35:53: Finished parsing scripts for resource group General
16:35:53: Creating resources for group General
16:35:53: All done
16:35:53: Parsing scripts for resource group Internal
16:35:53: Finished parsing scripts for resource group Internal
16:35:53: Creating resources for group Internal
16:35:53: All done
16:35:53: *** All Resource Groups Init'd ***
16:35:53: *** Camera Set ***
16:35:53: *** GfxMgr Init Done! ***
16:35:53: Mesh: Loading cvn68.mesh.
16:35:53: Can't assign material DECK_WHITE/SOLID/TEX/ecslDark.bmp/VertCol to SubEntity of Ogre/MO1 because this Material does not exist. Have you forgotten to define it in a .material script?
16:35:53: Can't assign material RED/SOLID/TEX/ecslDark.bmp/VertCol to SubEntity of Ogre/MO1 because this Material does not exist. Have you forgotten to define it in a .material script?
16:35:53: Can't assign material WHITE/SOLID/TEX/ecslDark.bmp/VertCol to SubEntity of Ogre/MO1 because this Material does not exist. Have you forgotten to define it in a .material script?
16:35:53: Can't assign material ATT_ARRAY/SOLID/TEX/ecslDark.bmp/VertCol to SubEntity of Ogre/MO1 because this Material does not exist. Have you forgotten to define it in a .material script?
16:35:53: Can't assign material PADSBOX211/SOLID/TEX/ecslDark.bmp/VertCol to SubEntity of Ogre/MO1 because this Material does not exist. Have you forgotten to define it in a .material script?
16:35:53: Can't assign material DEF_4/SOLID/TEX/ecslDark.bmp/VertCol to SubEntity of Ogre/MO1 because this Material does not exist. Have you forgotten to define it in a .material script?
16:35:53: Can't assign material CLUTTER/SOLID/TEX/ecslDark.bmp/VertCol to SubEntity of Ogre/MO1 because this Material does not exist. Have you forgotten to define it in a .material script?
16:35:53: Can't assign material DEF_2/SOLID/TEX/ecslDark.bmp/VertCol to SubEntity of Ogre/MO1 because this Material does not exist. Have you forgotten to define it in a .material script?
16:35:53: Can't assign material YELLOW/SOLID/TEX/ecslDark.bmp/VertCol to SubEntity of Ogre/MO1 because this Material does not exist. Have you forgotten to define it in a .material script?
16:35:53: Can't assign material DEF_1/SOLID/TEX/ecslDark.bmp/VertCol to SubEntity of Ogre/MO1 because this Material does not exist. Have you forgotten to define it in a .material script?
16:35:53: Can't assign material FLIGHT-DECK/SOLID/TEX/ecslDark.bmp/VertCol to SubEntity of Ogre/MO1 because this Material does not exist. Have you forgotten to define it in a .material script?
16:35:53: Can't assign material HULL/SOLID/TEX/ecslDark.bmp/VertCol to SubEntity of Ogre/MO1 because this Material does not exist. Have you forgotten to define it in a .material script?
16:35:53: Can't assign material CAT-TRACK/SOLID/TEX/ecslDark.bmp/VertCol to SubEntity of Ogre/MO1 because this Material does not exist. Have you forgotten to define it in a .material script?
16:35:53: Mesh: Loading cigarette.mesh.
16:35:53: Can't assign material SOLID/TEX/ecslHorizontal.bmp to SubEntity of Ogre/MO2 because this Material does not exist. Have you forgotten to define it in a .material script?
16:35:53: Mesh: Loading ddg51.mesh.
16:35:53: Can't assign material C000015/SOLID/TEX/ecslHorizontal.bmp to SubEntity of Ogre/MO3 because this Material does not exist. Have you forgotten to define it in a .material script?
16:35:53: Can't assign material C000018/SOLID/TEX/ecslHorizontal.bmp to SubEntity of Ogre/MO3 because this Material does not exist. Have you forgotten to define it in a .material script?
16:35:53: Can't assign material C000013/SOLID/TEX/ecslHorizontal.bmp to SubEntity of Ogre/MO3 because this Material does not exist. Have you forgotten to define it in a .material script?
16:35:53: Can't assign material C000016/SOLID/TEX/ecslHorizontal.bmp to SubEntity of Ogre/MO3 because this Material does not exist. Have you forgotten to define it in a .material script?
16:35:53: Can't assign material C000005/SOLID/TEX/ecslHorizontal.bmp to SubEntity of Ogre/MO3 because this Material does not exist. Have you forgotten to define it in a .material script?
16:35:53: Can't assign material C000011/SOLID/TEX/ecslHorizontal.bmp to SubEntity of Ogre/MO3 because this Material does not exist. Have you forgotten to define it in a .material script?
16:35:53: Can't assign material C000017/SOLID/TEX/ecslHorizontal.bmp to SubEntity of Ogre/MO3 because this Material does not exist. Have you forgotten to define it in a .material script?
16:35:53: Can't assign material C000004/SOLID/TEX/ecslHorizontal.bmp to SubEntity of Ogre/MO3 because this Material does not exist. Have you forgotten to define it in a .material script?
16:35:53: Can't assign material C000003/SOLID/TEX/ecslHorizontal.bmp to SubEntity of Ogre/MO3 because this Material does not exist. Have you forgotten to define it in a .material script?
16:35:53: Can't assign material C000002/SOLID/TEX/ecslHorizontal.bmp to SubEntity of Ogre/MO3 because this Material does not exist. Have you forgotten to define it in a .material script?
16:35:53: Can't assign material C000012/SOLID/TEX/ecslHorizontal.bmp to SubEntity of Ogre/MO3 because this Material does not exist. Have you forgotten to define it in a .material script?
16:35:53: Can't assign material C000000/SOLID/TEX/ecslHorizontal.bmp to SubEntity of Ogre/MO3 because this Material does not exist. Have you forgotten to define it in a .material script?
16:35:53: Can't assign material C000007/SOLID/TEX/ecslHorizontal.bmp to SubEntity of Ogre/MO3 because this Material does not exist. Have you forgotten to define it in a .material script?
16:35:53: Can't assign material C000006/SOLID/TEX/ecslHorizontal.bmp to SubEntity of Ogre/MO3 because this Material does not exist. Have you forgotten to define it in a .material script?
16:35:53: Can't assign material Deck/SOLID/TEX/ecslHorizontal.bmp to SubEntity of Ogre/MO3 because this Material does not exist. Have you forgotten to define it in a .material script?
16:35:53: Mesh: Loading sleek.mesh.
16:35:53: Can't assign material DD21-Cabin-X/SOLID/TEX/ecsl.bmp to SubEntity of Ogre/MO4 because this Material does not exist. Have you forgotten to define it in a .material script?
16:35:53: Can't assign material DD21-Cabin-Cubic/SOLID/TEX/ecsl.bmp to SubEntity of Ogre/MO4 because this Material does not exist. Have you forgotten to define it in a .material script?
16:35:53: Can't assign material DD21-Arrays/SOLID/TEX/ecsl.bmp to SubEntity of Ogre/MO4 because this Material does not exist. Have you forgotten to define it in a .material script?
16:35:53: Can't assign material DD21-Helo-Deck/SOLID/TEX/ecsl.bmp to SubEntity of Ogre/MO4 because this Material does not exist. Have you forgotten to define it in a .material script?
16:35:53: Can't assign material DD21-Main-Rim/SOLID/TEX/ecsl.bmp to SubEntity of Ogre/MO4 because this Material does not exist. Have you forgotten to define it in a .material script?
16:35:53: Can't assign material DD21-Main-Deck/SOLID/TEX/ecsl.bmp to SubEntity of Ogre/MO4 because this Material does not exist. Have you forgotten to define it in a .material script?
16:35:53: Can't assign material DD21-Pipe/SOLID/TEX/ecsl.bmp to SubEntity of Ogre/MO4 because this Material does not exist. Have you forgotten to define it in a .material script?
16:35:53: Can't assign material DD21-Cabin-Z/SOLID/TEX/ecsl.bmp to SubEntity of Ogre/MO4 because this Material does not exist. Have you forgotten to define it in a .material script?
16:35:53: Can't assign material DD21-Dark-Hatche/SOLID/TEX/ecsl.bmp to SubEntity of Ogre/MO4 because this Material does not exist. Have you forgotten to define it in a .material script?
16:35:53: Can't assign material DD21-Main-Hull/SOLID/TEX/ecsl.bmp to SubEntity of Ogre/MO4 because this Material does not exist. Have you forgotten to define it in a .material script?
16:35:53: Can't assign material DD21-White/SOLID/TEX/ecsl.bmp to SubEntity of Ogre/MO4 because this Material does not exist. Have you forgotten to define it in a .material script?
16:35:53: Mesh: Loading alienship.mesh.
16:35:53: Can't assign material al-1 to SubEntity of Ogre/MO5 because this Material does not exist. Have you forgotten to define it in a .material script?
