18:02:20: Creating resource group General
18:02:20: Creating resource group Internal
18:02:20: Creating resource group Autodetect
18:02:20: SceneManagerFactory for type 'DefaultSceneManager' registered.
18:02:20: Registering ResourceManager for type Material
18:02:20: Registering ResourceManager for type Mesh
18:02:20: Registering ResourceManager for type Skeleton
18:02:20: MovableObjectFactory for type 'ParticleSystem' registered.
18:02:20: ArchiveFactory for archive type FileSystem registered.
18:02:20: ArchiveFactory for archive type Zip registered.
18:02:20: ArchiveFactory for archive type EmbeddedZip registered.
18:02:20: DDS codec registering
18:02:20: FreeImage version: 3.17.0
18:02:20: This program uses FreeImage, a free, open source image library supporting all common bitmap formats. See http://freeimage.sourceforge.net for details
18:02:20: Supported formats: bmp,ico,jpg,jif,jpeg,jpe,jng,koa,iff,lbm,mng,pbm,pbm,pcd,pcx,pgm,pgm,png,ppm,ppm,ras,tga,targa,tif,tiff,wap,wbmp,wbm,psd,cut,xbm,xpm,gif,hdr,sgi,rgb,rgba,bw,exr,j2k,j2c,jp2,pfm,pct,pict,pic,3fr,arw,bay,bmq,cap,cine,cr2,crw,cs1,dc2,dcr,drf,dsc,dng,erf,fff,ia,iiq,k25,kc2,kdc,mdc,mef,mos,mrw,nef,nrw,orf,pef,ptx,pxn,qtk,raf,raw,rdc,rw2,rwl,rwz,sr2,srf,srw,sti,x3f,webp,jxr,wdp,hdp
18:02:20: Registering ResourceManager for type HighLevelGpuProgram
18:02:20: Registering ResourceManager for type Compositor
18:02:20: MovableObjectFactory for type 'Entity' registered.
18:02:20: MovableObjectFactory for type 'Light' registered.
18:02:20: MovableObjectFactory for type 'BillboardSet' registered.
18:02:20: MovableObjectFactory for type 'ManualObject' registered.
18:02:20: MovableObjectFactory for type 'BillboardChain' registered.
18:02:20: MovableObjectFactory for type 'RibbonTrail' registered.
18:02:20: Loading library /usr/local/lib/OGRE/RenderSystem_GL
18:02:20: Installing plugin: GL RenderSystem
18:02:20: OpenGL Rendering Subsystem created.
18:02:20: Plugin successfully installed
18:02:20: Loading library /usr/local/lib/OGRE/Plugin_ParticleFX
18:02:20: Installing plugin: ParticleFX
18:02:20: Particle Emitter Type 'Point' registered
18:02:20: Particle Emitter Type 'Box' registered
18:02:20: Particle Emitter Type 'Ellipsoid' registered
18:02:20: Particle Emitter Type 'Cylinder' registered
18:02:20: Particle Emitter Type 'Ring' registered
18:02:20: Particle Emitter Type 'HollowEllipsoid' registered
18:02:20: Particle Affector Type 'LinearForce' registered
18:02:20: Particle Affector Type 'ColourFader' registered
18:02:20: Particle Affector Type 'ColourFader2' registered
18:02:20: Particle Affector Type 'ColourImage' registered
18:02:20: Particle Affector Type 'ColourInterpolator' registered
18:02:20: Particle Affector Type 'Scaler' registered
18:02:20: Particle Affector Type 'Rotator' registered
18:02:20: Particle Affector Type 'DirectionRandomiser' registered
18:02:20: Particle Affector Type 'DeflectorPlane' registered
18:02:20: Plugin successfully installed
18:02:20: Loading library /usr/local/lib/OGRE/Plugin_BSPSceneManager
18:02:20: Installing plugin: BSP Scene Manager
18:02:20: Plugin successfully installed
18:02:20: Loading library /usr/local/lib/OGRE/Plugin_CgProgramManager
18:02:20: Installing plugin: Cg Program Manager
18:02:20: Plugin successfully installed
18:02:20: Loading library /usr/local/lib/OGRE/Plugin_PCZSceneManager
18:02:20: Installing plugin: Portal Connected Zone Scene Manager
18:02:20: PCZone Factory Type 'ZoneType_Default' registered
18:02:20: Plugin successfully installed
18:02:20: Loading library /usr/local/lib/OGRE/Plugin_OctreeZone
18:02:20: Installing plugin: Octree Zone Factory
18:02:20: Plugin successfully installed
18:02:20: Loading library /usr/local/lib/OGRE/Plugin_OctreeSceneManager
18:02:20: Installing plugin: Octree Scene Manager
18:02:20: Plugin successfully installed
18:02:20: *-*-* OGRE Initialising
18:02:20: *-*-* Version 1.9.0 (Ghadamon)
18:02:20: Creating resource group Essential
18:02:20: Added resource location '/usr/local/share/OGRE/Media/thumbnails' of type 'FileSystem' to resource group 'Essential'
18:02:20: Added resource location '/usr/local/share/OGRE/Media/packs/SdkTrays.zip' of type 'Zip' to resource group 'Essential'
18:02:20: Added resource location '/usr/local/share/OGRE/Media/packs/profiler.zip' of type 'Zip' to resource group 'Essential'
18:02:20: Added resource location '/usr/local/share/OGRE/Media' of type 'FileSystem' to resource group 'General'
18:02:20: Creating resource group Popular
18:02:20: Added resource location '/usr/local/share/OGRE/Media/fonts' of type 'FileSystem' to resource group 'Popular'
18:02:20: Added resource location '/usr/local/share/OGRE/Media/materials/programs' of type 'FileSystem' to resource group 'Popular'
18:02:20: Added resource location '/usr/local/share/OGRE/Media/materials/programs/Cg' of type 'FileSystem' to resource group 'Popular'
18:02:20: Added resource location '/usr/local/share/OGRE/Media/materials/programs/GLSL' of type 'FileSystem' to resource group 'Popular'
18:02:20: Added resource location '/usr/local/share/OGRE/Media/materials/programs/GLSL150' of type 'FileSystem' to resource group 'Popular'
18:02:20: Added resource location '/usr/local/share/OGRE/Media/materials/programs/GLSL400' of type 'FileSystem' to resource group 'Popular'
18:02:20: Added resource location '/usr/local/share/OGRE/Media/materials/programs/HLSL' of type 'FileSystem' to resource group 'Popular'
18:02:20: Added resource location '/usr/local/share/OGRE/Media/materials/programs/HLSL_Cg' of type 'FileSystem' to resource group 'Popular'
18:02:20: Added resource location '/usr/local/share/OGRE/Media/materials/scripts' of type 'FileSystem' to resource group 'Popular'
18:02:20: Added resource location '/usr/local/share/OGRE/Media/materials/textures' of type 'FileSystem' to resource group 'Popular'
18:02:20: Added resource location '/usr/local/share/OGRE/Media/materials/textures/nvidia' of type 'FileSystem' to resource group 'Popular'
18:02:20: Added resource location '/usr/local/share/OGRE/Media/models' of type 'FileSystem' to resource group 'Popular'
18:02:20: Added resource location '/usr/local/share/OGRE/Media/particle' of type 'FileSystem' to resource group 'Popular'
18:02:20: Added resource location '/usr/local/share/OGRE/Media/DeferredShadingMedia' of type 'FileSystem' to resource group 'Popular'
18:02:20: Added resource location '/usr/local/share/OGRE/Media/PCZAppMedia' of type 'FileSystem' to resource group 'Popular'
18:02:20: Added resource location '/usr/local/share/OGRE/Media/RTShaderLib' of type 'FileSystem' to resource group 'Popular'
18:02:20: Added resource location '/usr/local/share/OGRE/Media/RTShaderLib/Cg' of type 'FileSystem' to resource group 'Popular'
18:02:20: Added resource location '/usr/local/share/OGRE/Media/RTShaderLib/GLSL' of type 'FileSystem' to resource group 'Popular'
18:02:20: Added resource location '/usr/local/share/OGRE/Media/RTShaderLib/GLSL150' of type 'FileSystem' to resource group 'Popular'
18:02:20: Added resource location '/usr/local/share/OGRE/Media/RTShaderLib/HLSL' of type 'FileSystem' to resource group 'Popular'
18:02:20: Added resource location '/usr/local/share/OGRE/Media/RTShaderLib/materials' of type 'FileSystem' to resource group 'Popular'
18:02:20: Added resource location '/usr/local/share/OGRE/Media/materials/scripts/SSAO' of type 'FileSystem' to resource group 'Popular'
18:02:20: Added resource location '/usr/local/share/OGRE/Media/materials/textures/SSAO' of type 'FileSystem' to resource group 'Popular'
18:02:20: Added resource location '/usr/local/share/OGRE/Media/volumeTerrain' of type 'FileSystem' to resource group 'Popular'
18:02:20: Added resource location '/usr/local/share/OGRE/Media/PBR' of type 'FileSystem' to resource group 'Popular'
18:02:20: Added resource location 'meshes' of type 'FileSystem' to resource group 'Popular'
18:02:20: Added resource location '/usr/local/share/OGRE/Media/packs/cubemap.zip' of type 'Zip' to resource group 'Popular'
18:02:20: Added resource location '/usr/local/share/OGRE/Media/packs/cubemapsJS.zip' of type 'Zip' to resource group 'Popular'
18:02:20: Added resource location '/usr/local/share/OGRE/Media/packs/dragon.zip' of type 'Zip' to resource group 'Popular'
18:02:20: Added resource location '/usr/local/share/OGRE/Media/packs/fresneldemo.zip' of type 'Zip' to resource group 'Popular'
18:02:20: Added resource location '/usr/local/share/OGRE/Media/packs/ogretestmap.zip' of type 'Zip' to resource group 'Popular'
18:02:20: Added resource location '/usr/local/share/OGRE/Media/packs/ogredance.zip' of type 'Zip' to resource group 'Popular'
18:02:20: Added resource location '/usr/local/share/OGRE/Media/packs/Sinbad.zip' of type 'Zip' to resource group 'Popular'
18:02:20: Added resource location '/usr/local/share/OGRE/Media/packs/skybox.zip' of type 'Zip' to resource group 'Popular'
18:02:20: Added resource location '/usr/local/share/OGRE/Media/volumeTerrain/volumeTerrainBig.zip' of type 'Zip' to resource group 'Popular'
18:02:20: Creating resource group Tests
18:02:20: Added resource location '/usr/local/Tests/Media' of type 'FileSystem' to resource group 'Tests'
