13:47:55: Creating resource group General
13:47:55: Creating resource group Internal
13:47:55: Creating resource group Autodetect
13:47:55: SceneManagerFactory for type 'DefaultSceneManager' registered.
13:47:55: Registering ResourceManager for type Material
13:47:55: Registering ResourceManager for type Mesh
13:47:55: Registering ResourceManager for type Skeleton
13:47:55: MovableObjectFactory for type 'ParticleSystem' registered.
13:47:55: ArchiveFactory for archive type FileSystem registered.
13:47:55: ArchiveFactory for archive type Zip registered.
13:47:55: ArchiveFactory for archive type EmbeddedZip registered.
13:47:55: DDS codec registering
13:47:55: FreeImage version: 3.17.0
13:47:55: This program uses FreeImage, a free, open source image library supporting all common bitmap formats. See http://freeimage.sourceforge.net for details
13:47:55: Supported formats: bmp,ico,jpg,jif,jpeg,jpe,jng,koa,iff,lbm,mng,pbm,pbm,pcd,pcx,pgm,pgm,png,ppm,ppm,ras,tga,targa,tif,tiff,wap,wbmp,wbm,psd,cut,xbm,xpm,gif,hdr,sgi,rgb,rgba,bw,exr,j2k,j2c,jp2,pfm,pct,pict,pic,3fr,arw,bay,bmq,cap,cine,cr2,crw,cs1,dc2,dcr,drf,dsc,dng,erf,fff,ia,iiq,k25,kc2,kdc,mdc,mef,mos,mrw,nef,nrw,orf,pef,ptx,pxn,qtk,raf,raw,rdc,rw2,rwl,rwz,sr2,srf,srw,sti,x3f,webp,jxr,wdp,hdp
13:47:55: Registering ResourceManager for type HighLevelGpuProgram
13:47:55: Registering ResourceManager for type Compositor
13:47:55: MovableObjectFactory for type 'Entity' registered.
13:47:55: MovableObjectFactory for type 'Light' registered.
13:47:55: MovableObjectFactory for type 'BillboardSet' registered.
13:47:55: MovableObjectFactory for type 'ManualObject' registered.
13:47:55: MovableObjectFactory for type 'BillboardChain' registered.
13:47:55: MovableObjectFactory for type 'RibbonTrail' registered.
13:47:55: Loading library /usr/local/lib/OGRE/RenderSystem_GL
13:47:55: Installing plugin: GL RenderSystem
13:47:55: OpenGL Rendering Subsystem created.
13:47:55: Plugin successfully installed
13:47:55: Loading library /usr/local/lib/OGRE/Plugin_ParticleFX
13:47:55: Installing plugin: ParticleFX
13:47:55: Particle Emitter Type 'Point' registered
13:47:55: Particle Emitter Type 'Box' registered
13:47:55: Particle Emitter Type 'Ellipsoid' registered
13:47:55: Particle Emitter Type 'Cylinder' registered
13:47:55: Particle Emitter Type 'Ring' registered
13:47:55: Particle Emitter Type 'HollowEllipsoid' registered
13:47:55: Particle Affector Type 'LinearForce' registered
13:47:55: Particle Affector Type 'ColourFader' registered
13:47:55: Particle Affector Type 'ColourFader2' registered
13:47:55: Particle Affector Type 'ColourImage' registered
13:47:55: Particle Affector Type 'ColourInterpolator' registered
13:47:55: Particle Affector Type 'Scaler' registered
13:47:55: Particle Affector Type 'Rotator' registered
13:47:55: Particle Affector Type 'DirectionRandomiser' registered
13:47:55: Particle Affector Type 'DeflectorPlane' registered
13:47:55: Plugin successfully installed
13:47:55: Loading library /usr/local/lib/OGRE/Plugin_BSPSceneManager
13:47:55: Installing plugin: BSP Scene Manager
13:47:55: Plugin successfully installed
13:47:55: Loading library /usr/local/lib/OGRE/Plugin_CgProgramManager
13:47:55: Installing plugin: Cg Program Manager
13:47:55: Plugin successfully installed
13:47:55: Loading library /usr/local/lib/OGRE/Plugin_PCZSceneManager
13:47:55: Installing plugin: Portal Connected Zone Scene Manager
13:47:55: PCZone Factory Type 'ZoneType_Default' registered
13:47:55: Plugin successfully installed
13:47:55: Loading library /usr/local/lib/OGRE/Plugin_OctreeZone
13:47:55: Installing plugin: Octree Zone Factory
13:47:55: Plugin successfully installed
13:47:55: Loading library /usr/local/lib/OGRE/Plugin_OctreeSceneManager
13:47:55: Installing plugin: Octree Scene Manager
13:47:55: Plugin successfully installed
13:47:55: *-*-* OGRE Initialising
13:47:55: *-*-* Version 1.9.0 (Ghadamon)
13:47:55: Creating resource group Essential
13:47:55: Added resource location '/usr/local/share/OGRE/Media/thumbnails' of type 'FileSystem' to resource group 'Essential'
13:47:55: Added resource location '/usr/local/share/OGRE/Media/packs/SdkTrays.zip' of type 'Zip' to resource group 'Essential'
13:47:55: Added resource location '/usr/local/share/OGRE/Media/packs/profiler.zip' of type 'Zip' to resource group 'Essential'
13:47:55: Added resource location '/usr/local/share/OGRE/Media' of type 'FileSystem' to resource group 'General'
13:47:55: Creating resource group Popular
13:47:55: Added resource location '/usr/local/share/OGRE/Media/fonts' of type 'FileSystem' to resource group 'Popular'
13:47:55: Added resource location '/usr/local/share/OGRE/Media/materials/programs' of type 'FileSystem' to resource group 'Popular'
13:47:55: Added resource location '/usr/local/share/OGRE/Media/materials/programs/Cg' of type 'FileSystem' to resource group 'Popular'
13:47:55: Added resource location '/usr/local/share/OGRE/Media/materials/programs/GLSL' of type 'FileSystem' to resource group 'Popular'
13:47:55: Added resource location '/usr/local/share/OGRE/Media/materials/programs/GLSL150' of type 'FileSystem' to resource group 'Popular'
13:47:55: Added resource location '/usr/local/share/OGRE/Media/materials/programs/GLSL400' of type 'FileSystem' to resource group 'Popular'
13:47:55: Added resource location '/usr/local/share/OGRE/Media/materials/programs/HLSL' of type 'FileSystem' to resource group 'Popular'
13:47:55: Added resource location '/usr/local/share/OGRE/Media/materials/programs/HLSL_Cg' of type 'FileSystem' to resource group 'Popular'
13:47:55: Added resource location '/usr/local/share/OGRE/Media/materials/scripts' of type 'FileSystem' to resource group 'Popular'
13:47:55: Added resource location '/usr/local/share/OGRE/Media/materials/textures' of type 'FileSystem' to resource group 'Popular'
13:47:55: Added resource location '/usr/local/share/OGRE/Media/materials/textures/nvidia' of type 'FileSystem' to resource group 'Popular'
13:47:55: Added resource location '/usr/local/share/OGRE/Media/models' of type 'FileSystem' to resource group 'Popular'
13:47:55: Added resource location '/usr/local/share/OGRE/Media/particle' of type 'FileSystem' to resource group 'Popular'
13:47:55: Added resource location '/usr/local/share/OGRE/Media/DeferredShadingMedia' of type 'FileSystem' to resource group 'Popular'
13:47:55: Added resource location '/usr/local/share/OGRE/Media/PCZAppMedia' of type 'FileSystem' to resource group 'Popular'
13:47:55: Added resource location '/usr/local/share/OGRE/Media/RTShaderLib' of type 'FileSystem' to resource group 'Popular'
13:47:55: Added resource location '/usr/local/share/OGRE/Media/RTShaderLib/Cg' of type 'FileSystem' to resource group 'Popular'
13:47:55: Added resource location '/usr/local/share/OGRE/Media/RTShaderLib/GLSL' of type 'FileSystem' to resource group 'Popular'
13:47:55: Added resource location '/usr/local/share/OGRE/Media/RTShaderLib/GLSL150' of type 'FileSystem' to resource group 'Popular'
13:47:55: Added resource location '/usr/local/share/OGRE/Media/RTShaderLib/HLSL' of type 'FileSystem' to resource group 'Popular'
13:47:55: Added resource location '/usr/local/share/OGRE/Media/RTShaderLib/materials' of type 'FileSystem' to resource group 'Popular'
13:47:55: Added resource location '/usr/local/share/OGRE/Media/materials/scripts/SSAO' of type 'FileSystem' to resource group 'Popular'
13:47:55: Added resource location '/usr/local/share/OGRE/Media/materials/textures/SSAO' of type 'FileSystem' to resource group 'Popular'
13:47:55: Added resource location '/usr/local/share/OGRE/Media/volumeTerrain' of type 'FileSystem' to resource group 'Popular'
13:47:55: Added resource location '/usr/local/share/OGRE/Media/PBR' of type 'FileSystem' to resource group 'Popular'
13:47:55: Added resource location 'meshes' of type 'FileSystem' to resource group 'Popular'
13:47:55: Added resource location '/usr/local/share/OGRE/Media/packs/cubemap.zip' of type 'Zip' to resource group 'Popular'
13:47:55: Added resource location '/usr/local/share/OGRE/Media/packs/cubemapsJS.zip' of type 'Zip' to resource group 'Popular'
13:47:55: Added resource location '/usr/local/share/OGRE/Media/packs/dragon.zip' of type 'Zip' to resource group 'Popular'
13:47:55: Added resource location '/usr/local/share/OGRE/Media/packs/fresneldemo.zip' of type 'Zip' to resource group 'Popular'
13:47:55: Added resource location '/usr/local/share/OGRE/Media/packs/ogretestmap.zip' of type 'Zip' to resource group 'Popular'
13:47:55: Added resource location '/usr/local/share/OGRE/Media/packs/ogredance.zip' of type 'Zip' to resource group 'Popular'
13:47:55: Added resource location '/usr/local/share/OGRE/Media/packs/Sinbad.zip' of type 'Zip' to resource group 'Popular'
13:47:55: Added resource location '/usr/local/share/OGRE/Media/packs/skybox.zip' of type 'Zip' to resource group 'Popular'
13:47:55: Added resource location '/usr/local/share/OGRE/Media/volumeTerrain/volumeTerrainBig.zip' of type 'Zip' to resource group 'Popular'
13:47:55: Creating resource group Tests
13:47:55: Added resource location '/usr/local/Tests/Media' of type 'FileSystem' to resource group 'Tests'
13:47:59: CPU Identifier & Features
13:47:59: -------------------------
13:47:59:  *   CPU ID: GenuineIntel: Intel(R) Core(TM) i5-5287U CPU @ 2.90GHz
13:47:59:  *      SSE: yes
13:47:59:  *     SSE2: yes
13:47:59:  *     SSE3: yes
13:47:59:  *      MMX: yes
13:47:59:  *   MMXEXT: yes
13:47:59:  *    3DNOW: no
13:47:59:  * 3DNOWEXT: no
13:47:59:  *     CMOV: yes
13:47:59:  *      TSC: yes
13:47:59:  *      FPU: yes
13:47:59:  *      PRO: yes
13:47:59:  *       HT: no
13:47:59: -------------------------
13:47:59: ******************************
*** Starting GLX Subsystem ***
******************************
13:47:59: Registering ResourceManager for type Texture
13:47:59: GLRenderSystem::_createRenderWindow "TutorialApplication Render Window", 1280x800 fullscreen  miscParams: FSAA=0 displayFrequency=60 Hz gamma=No vsync=No 
13:47:59: GLXWindow::create used FBConfigID = 163
13:47:59: GL_VERSION = 3.0 Mesa 18.0.5
13:47:59: GL_VENDOR = VMware, Inc.
13:47:59: GL_RENDERER = SVGA3D; build: RELEASE;  LLVM;
13:47:59: GL_EXTENSIONS = GL_AMD_conservative_depth GL_AMD_shader_trinary_minmax GL_ANGLE_texture_compression_dxt3 GL_ANGLE_texture_compression_dxt5 GL_APPLE_packed_pixels GL_ARB_ES2_compatibility GL_ARB_ES3_compatibility GL_ARB_arrays_of_arrays GL_ARB_blend_func_extended GL_ARB_clear_buffer_object GL_ARB_clear_texture GL_ARB_color_buffer_float GL_ARB_compressed_texture_pixel_storage GL_ARB_conservative_depth GL_ARB_copy_buffer GL_ARB_copy_image GL_ARB_debug_output GL_ARB_depth_buffer_float GL_ARB_depth_clamp GL_ARB_depth_texture GL_ARB_draw_buffers GL_ARB_draw_elements_base_vertex GL_ARB_draw_instanced GL_ARB_explicit_attrib_location GL_ARB_explicit_uniform_location GL_ARB_fragment_coord_conventions GL_ARB_fragment_program GL_ARB_fragment_program_shadow GL_ARB_fragment_shader GL_ARB_framebuffer_object GL_ARB_framebuffer_sRGB GL_ARB_get_program_binary GL_ARB_get_texture_sub_image GL_ARB_half_float_pixel GL_ARB_half_float_vertex GL_ARB_instanced_arrays GL_ARB_internalformat_query GL_ARB_internalformat_query2 GL_ARB_invalidate_subdata GL_ARB_map_buffer_alignment GL_ARB_map_buffer_range GL_ARB_multi_bind GL_ARB_multisample GL_ARB_multitexture GL_ARB_occlusion_query GL_ARB_occlusion_query2 GL_ARB_pixel_buffer_object GL_ARB_point_parameters GL_ARB_point_sprite GL_ARB_program_interface_query GL_ARB_provoking_vertex GL_ARB_robustness GL_ARB_sampler_objects GL_ARB_seamless_cube_map GL_ARB_separate_shader_objects GL_ARB_shader_bit_encoding GL_ARB_shader_objects GL_ARB_shader_texture_lod GL_ARB_shading_language_100 GL_ARB_shading_language_420pack GL_ARB_shading_language_packing GL_ARB_shadow GL_ARB_sync GL_ARB_texture_border_clamp GL_ARB_texture_buffer_object GL_ARB_texture_compression GL_ARB_texture_compression_rgtc GL_ARB_texture_cube_map GL_ARB_texture_env_add GL_ARB_texture_env_combine GL_ARB_texture_env_crossbar GL_ARB_texture_env_dot3 GL_ARB_texture_filter_anisotropic GL_ARB_texture_float GL_ARB_texture_mirrored_repeat GL_ARB_texture_multisample GL_ARB_texture_non_power_of_two GL_ARB_texture_query_levels GL_ARB_texture_rectangle GL_ARB_texture_rg GL_ARB_texture_rgb10_a2ui GL_ARB_texture_storage GL_ARB_texture_storage_multisample GL_ARB_texture_swizzle GL_ARB_timer_query GL_ARB_transpose_matrix GL_ARB_uniform_buffer_object GL_ARB_vertex_array_bgra GL_ARB_vertex_array_object GL_ARB_vertex_attrib_binding GL_ARB_vertex_buffer_object GL_ARB_vertex_program GL_ARB_vertex_shader GL_ARB_vertex_type_2_10_10_10_rev GL_ARB_window_pos GL_ATI_blend_equation_separate GL_ATI_draw_buffers GL_ATI_fragment_shader GL_ATI_separate_stencil GL_ATI_texture_env_combine3 GL_ATI_texture_float GL_EXT_abgr GL_EXT_bgra GL_EXT_blend_color GL_EXT_blend_equation_separate GL_EXT_blend_func_separate GL_EXT_blend_minmax GL_EXT_blend_subtract GL_EXT_compiled_vertex_array GL_EXT_copy_texture GL_EXT_draw_buffers2 GL_EXT_draw_instanced GL_EXT_draw_range_elements GL_EXT_fog_coord GL_EXT_framebuffer_blit GL_EXT_framebuffer_multisample GL_EXT_framebuffer_multisample_blit_scaled GL_EXT_framebuffer_object GL_EXT_framebuffer_sRGB GL_EXT_gpu_program_parameters GL_EXT_multi_draw_arrays GL_EXT_packed_depth_stencil GL_EXT_packed_float GL_EXT_packed_pixels GL_EXT_pixel_buffer_object GL_EXT_point_parameters GL_EXT_polygon_offset GL_EXT_provoking_vertex GL_EXT_rescale_normal GL_EXT_secondary_color GL_EXT_separate_specular_color GL_EXT_shader_integer_mix GL_EXT_shadow_funcs GL_EXT_stencil_two_side GL_EXT_stencil_wrap GL_EXT_subtexture GL_EXT_texture GL_EXT_texture3D GL_EXT_texture_array GL_EXT_texture_compression_dxt1 GL_EXT_texture_compression_rgtc GL_EXT_texture_compression_s3tc GL_EXT_texture_cube_map GL_EXT_texture_edge_clamp GL_EXT_texture_env_add GL_EXT_texture_env_combine GL_EXT_texture_env_dot3 GL_EXT_texture_filter_anisotropic GL_EXT_texture_integer GL_EXT_texture_lod_bias GL_EXT_texture_object GL_EXT_texture_rectangle GL_EXT_texture_sRGB GL_EXT_texture_sRGB_decode GL_EXT_texture_shared_exponent GL_EXT_texture_snorm GL_EXT_texture_swizzle GL_EXT_timer_query GL_EXT_transform_feedback GL_EXT_vertex_array GL_EXT_vertex_array_bgra GL_IBM_multimode_draw_arrays GL_IBM_rasterpos_clip GL_IBM_texture_mirrored_repeat GL_INGR_blend_func_separate GL_KHR_context_flush_control GL_KHR_debug GL_KHR_no_error GL_MESA_pack_invert GL_MESA_shader_integer_functions GL_MESA_texture_signed_rgba GL_MESA_window_pos GL_NV_blend_square GL_NV_conditional_render GL_NV_depth_clamp GL_NV_fog_distance GL_NV_light_max_exponent GL_NV_packed_depth_stencil GL_NV_primitive_restart GL_NV_texgen_reflection GL_NV_texture_env_combine4 GL_NV_texture_rectangle GL_OES_EGL_image GL_OES_read_format GL_S3_s3tc GL_SGIS_generate_mipmap GL_SGIS_texture_border_clamp GL_SGIS_texture_edge_clamp GL_SGIS_texture_lod GL_SUN_multi_draw_arrays 
13:47:59: Supported GLX extensions: GLX_ARB_create_context GLX_ARB_create_context_profile GLX_ARB_fbconfig_float GLX_ARB_framebuffer_sRGB GLX_ARB_get_proc_address GLX_ARB_multisample GLX_EXT_create_context_es2_profile GLX_EXT_create_context_es_profile GLX_EXT_fbconfig_packed_float GLX_EXT_framebuffer_sRGB GLX_EXT_import_context GLX_EXT_texture_from_pixmap GLX_EXT_visual_info GLX_EXT_visual_rating GLX_MESA_copy_sub_buffer GLX_MESA_multithread_makecurrent GLX_MESA_query_renderer GLX_MESA_swap_control GLX_OML_swap_method GLX_SGIS_multisample GLX_SGIX_fbconfig GLX_SGIX_pbuffer GLX_SGIX_visual_select_group GLX_SGI_make_current_read GLX_SGI_video_sync 
13:47:59: ***************************
13:47:59: *** GL Renderer Started ***
13:47:59: ***************************
13:47:59: Registering ResourceManager for type GpuProgram
13:47:59: GLSL support detected
13:47:59: GL: Using GL_EXT_framebuffer_object for rendering to textures (best)
13:47:59: FBO PF_UNKNOWN depth/stencil support: D0S1 D0S4 D0S8 D0S16 D16S0 D24S0 D32S0 Packed-D24S8 
13:47:59: FBO PF_L8 depth/stencil support: D0S0 D0S1 D0S4 D0S8 D0S16 D16S0 D24S0 D32S0 Packed-D24S8 
13:47:59: FBO PF_L16 depth/stencil support: D0S0 D0S1 D0S4 D0S8 D0S16 D16S0 D24S0 D32S0 Packed-D24S8 
13:47:59: FBO PF_A8 depth/stencil support: D0S0 D0S1 D0S4 D0S8 D0S16 D16S0 D24S0 D32S0 Packed-D24S8 
13:47:59: FBO PF_A4L4 depth/stencil support: D0S0 D0S1 D0S4 D0S8 D0S16 D16S0 D24S0 D32S0 Packed-D24S8 
13:47:59: FBO PF_BYTE_LA depth/stencil support: D0S0 D0S1 D0S4 D0S8 D0S16 D16S0 D24S0 D32S0 Packed-D24S8 
13:47:59: FBO PF_R5G6B5 depth/stencil support: D0S0 D0S1 D0S4 D0S8 D0S16 D16S0 D24S0 D32S0 Packed-D24S8 
13:47:59: FBO PF_B5G6R5 depth/stencil support: D0S0 D0S1 D0S4 D0S8 D0S16 D16S0 D24S0 D32S0 Packed-D24S8 
13:47:59: FBO PF_A4R4G4B4 depth/stencil support: D0S0 D0S1 D0S4 D0S8 D0S16 D16S0 D24S0 D32S0 Packed-D24S8 
13:47:59: FBO PF_A1R5G5B5 depth/stencil support: D0S0 D0S1 D0S4 D0S8 D0S16 D16S0 D24S0 D32S0 Packed-D24S8 
13:47:59: FBO PF_R8G8B8 depth/stencil support: D0S0 D0S1 D0S4 D0S8 D0S16 D16S0 D24S0 D32S0 Packed-D24S8 
13:47:59: FBO PF_B8G8R8 depth/stencil support: D0S0 D0S1 D0S4 D0S8 D0S16 D16S0 D24S0 D32S0 Packed-D24S8 
13:47:59: FBO PF_A8R8G8B8 depth/stencil support: D0S0 D0S1 D0S4 D0S8 D0S16 D16S0 D24S0 D32S0 Packed-D24S8 
13:47:59: FBO PF_B8G8R8A8 depth/stencil support: D0S0 D0S1 D0S4 D0S8 D0S16 D16S0 D24S0 D32S0 Packed-D24S8 
13:47:59: FBO PF_A2R10G10B10 depth/stencil support: D0S0 D0S1 D0S4 D0S8 D0S16 D16S0 D24S0 D32S0 Packed-D24S8 
13:47:59: FBO PF_A2B10G10R10 depth/stencil support: D0S0 D0S1 D0S4 D0S8 D0S16 D16S0 D24S0 D32S0 Packed-D24S8 
13:47:59: FBO PF_FLOAT16_RGB depth/stencil support: D0S0 D0S1 D0S4 D0S8 D0S16 D16S0 D24S0 D32S0 Packed-D24S8 
13:47:59: FBO PF_FLOAT16_RGBA depth/stencil support: D0S0 D0S1 D0S4 D0S8 D0S16 D16S0 D24S0 D32S0 Packed-D24S8 
13:47:59: FBO PF_FLOAT32_RGB depth/stencil support: D0S0 D0S1 D0S4 D0S8 D0S16 D16S0 D24S0 D32S0 Packed-D24S8 
13:47:59: FBO PF_FLOAT32_RGBA depth/stencil support: D0S0 D0S1 D0S4 D0S8 D0S16 D16S0 D24S0 D32S0 Packed-D24S8 
13:47:59: FBO PF_X8R8G8B8 depth/stencil support: D0S0 D0S1 D0S4 D0S8 D0S16 D16S0 D24S0 D32S0 Packed-D24S8 
13:47:59: FBO PF_X8B8G8R8 depth/stencil support: D0S0 D0S1 D0S4 D0S8 D0S16 D16S0 D24S0 D32S0 Packed-D24S8 
13:47:59: FBO PF_SHORT_RGBA depth/stencil support: D0S0 D0S1 D0S4 D0S8 D0S16 D16S0 D24S0 D32S0 Packed-D24S8 
13:47:59: FBO PF_R3G3B2 depth/stencil support: D0S0 D0S1 D0S4 D0S8 D0S16 D16S0 D24S0 D32S0 Packed-D24S8 
13:47:59: FBO PF_FLOAT16_R depth/stencil support: D0S0 D0S1 D0S4 D0S8 D0S16 D16S0 D24S0 D32S0 Packed-D24S8 
13:47:59: FBO PF_FLOAT32_R depth/stencil support: D0S0 D0S1 D0S4 D0S8 D0S16 D16S0 D24S0 D32S0 Packed-D24S8 
13:47:59: FBO PF_SHORT_GR depth/stencil support: D0S0 D0S1 D0S4 D0S8 D0S16 D16S0 D24S0 D32S0 Packed-D24S8 
13:47:59: FBO PF_FLOAT16_GR depth/stencil support: D0S0 D0S1 D0S4 D0S8 D0S16 D16S0 D24S0 D32S0 Packed-D24S8 
13:47:59: FBO PF_FLOAT32_GR depth/stencil support: D0S0 D0S1 D0S4 D0S8 D0S16 D16S0 D24S0 D32S0 Packed-D24S8 
13:47:59: FBO PF_SHORT_RGB depth/stencil support: D0S0 D0S1 D0S4 D0S8 D0S16 D16S0 D24S0 D32S0 Packed-D24S8 
13:47:59: [GL] : Valid FBO targets PF_UNKNOWN PF_L8 PF_L16 PF_A8 PF_A4L4 PF_BYTE_LA PF_R5G6B5 PF_B5G6R5 PF_A4R4G4B4 PF_A1R5G5B5 PF_R8G8B8 PF_B8G8R8 PF_A8R8G8B8 PF_B8G8R8A8 PF_A2R10G10B10 PF_A2B10G10R10 PF_FLOAT16_RGB PF_FLOAT16_RGBA PF_FLOAT32_RGB PF_FLOAT32_RGBA PF_X8R8G8B8 PF_X8B8G8R8 PF_SHORT_RGBA PF_R3G3B2 PF_FLOAT16_R PF_FLOAT32_R PF_SHORT_GR PF_FLOAT16_GR PF_FLOAT32_GR PF_SHORT_RGB 
13:47:59: RenderSystem capabilities
13:47:59: -------------------------
13:47:59: RenderSystem Name: OpenGL Rendering Subsystem
13:47:59: GPU Vendor: unknown
13:47:59: Device Name: SVGA3D; build: RELEASE;  LLVM;
13:47:59: Driver Version: 3.0.0.0
13:47:59:  * Fixed function pipeline: yes
13:47:59:  * Hardware generation of mipmaps: yes
13:47:59:  * Texture blending: yes
13:47:59:  * Anisotropic texture filtering: yes
13:47:59:  * Dot product texture operation: yes
13:47:59:  * Cube mapping: yes
13:47:59:  * Hardware stencil buffer: yes
13:47:59:    - Stencil depth: 8
13:47:59:    - Two sided stencil support: yes
13:47:59:    - Wrap stencil values: yes
13:47:59:  * Hardware vertex / index buffers: yes
13:47:59:  * Vertex programs: yes
13:47:59:  * Number of floating-point constants for vertex programs: 4096
13:47:59:  * Number of integer constants for vertex programs: 0
13:47:59:  * Number of boolean constants for vertex programs: 0
13:47:59:  * Fragment programs: yes
13:47:59:  * Number of floating-point constants for fragment programs: 4096
13:47:59:  * Number of integer constants for fragment programs: 0
13:47:59:  * Number of boolean constants for fragment programs: 0
13:47:59:  * Geometry programs: no
13:47:59:  * Number of floating-point constants for geometry programs: 0
13:47:59:  * Number of integer constants for geometry programs: 3528
13:47:59:  * Number of boolean constants for geometry programs: 21780
13:47:59:  * Tesselation Hull programs: no
13:47:59:  * Number of floating-point constants for tesselation hull programs: 12338
13:47:59:  * Number of integer constants for tesselation hull programs: 48
13:47:59:  * Number of boolean constants for tesselation hull programs: 0
13:47:59:  * Tesselation Domain programs: no
13:47:59:  * Number of floating-point constants for tesselation domain programs: 0
13:47:59:  * Number of integer constants for tesselation domain programs: 3624
13:47:59:  * Number of boolean constants for tesselation domain programs: 21780
13:47:59:  * Compute programs: no
13:47:59:  * Number of floating-point constants for compute programs: 32520
13:47:59:  * Number of integer constants for compute programs: 0
13:47:59:  * Number of boolean constants for compute programs: 11
13:47:59:  * Supported Shader Profiles: arbfp1 arbvp1 glsl ps_1_1 ps_1_2 ps_1_3 ps_1_4
13:47:59:  * Texture Compression: yes
13:47:59:    - DXT: yes
13:47:59:    - VTC: no
13:47:59:    - PVRTC: no
13:47:59:    - ATC: no
13:47:59:    - ETC1: no
13:47:59:    - ETC2: no
13:47:59:    - BC4/BC5: no
13:47:59:    - BC6H/BC7: no
13:47:59:  * Scissor Rectangle: yes
13:47:59:  * Hardware Occlusion Query: yes
13:47:59:  * User clip planes: yes
13:47:59:  * VET_UBYTE4 vertex element type: yes
13:47:59:  * Infinite far plane projection: yes
13:47:59:  * Hardware render-to-texture: yes
13:47:59:  * Floating point textures: yes
13:47:59:  * Non-power-of-two textures: yes
13:47:59:  * 1d textures: yes
13:47:59:  * Volume textures: yes
13:47:59:  * Multiple Render Targets: 8
13:47:59:    - With different bit depths: yes
13:47:59:  * Point Sprites: yes
13:47:59:  * Extended point parameters: yes
13:47:59:  * Max Point Size: 80
13:47:59:  * Vertex texture fetch: yes
13:47:59:  * Number of world matrices: 0
13:47:59:  * Number of texture units: 16
13:47:59:  * Stencil buffer depth: 8
13:47:59:  * Number of vertex blend matrices: 0
13:47:59:    - Max vertex textures: 16
13:47:59:    - Vertex textures shared: yes
13:47:59:  * Render to Vertex Buffer : no
13:47:59:  * Hardware Atomic Counters: no
13:47:59:  * GL 1.5 without VBO workaround: no
13:47:59:  * Frame Buffer objects: yes
13:47:59:  * Frame Buffer objects (ARB extension): no
13:47:59:  * Frame Buffer objects (ATI extension): no
13:47:59:  * PBuffer support: yes
13:47:59:  * GL 1.5 without HW-occlusion workaround: no
13:47:59:  * Vertex Array Objects: no
13:47:59:  * Separate shader objects: no
13:47:59: DefaultWorkQueue('Root') initialising on thread 7f0855234800.
13:47:59: Particle Renderer Type 'billboard' registered
13:47:59: SceneManagerFactory for type 'BspSceneManager' registered.
13:47:59: Registering ResourceManager for type BspLevel
13:47:59: DefaultWorkQueue('Root')::WorkerFunc - thread 7f084197e700 starting.
13:47:59: SceneManagerFactory for type 'PCZSceneManager' registered.
13:47:59: MovableObjectFactory for type 'PCZLight' registered.
13:47:59: MovableObjectFactory for type 'Portal' registered.
13:47:59: MovableObjectFactory for type 'AntiPortal' registered.
13:47:59: PCZone Factory Type 'ZoneType_Octree' registered
13:47:59: SceneManagerFactory for type 'OctreeSceneManager' registered.
13:47:59: OverlayElementFactory for type Panel registered.
13:47:59: OverlayElementFactory for type BorderPanel registered.
13:47:59: OverlayElementFactory for type TextArea registered.
13:47:59: Registering ResourceManager for type Font
13:47:59: Parsing scripts for resource group Autodetect
13:47:59: Finished parsing scripts for resource group Autodetect
13:47:59: Creating resources for group Autodetect
13:47:59: All done
13:47:59: Parsing scripts for resource group Essential
13:47:59: Parsing script SdkTrays.material
13:47:59: Parsing script OgreProfiler.material
13:47:59: Parsing script SdkTrays.fontdef
13:47:59: Parsing script SdkTrays.overlay
13:47:59: Texture: sdk_cursor.png: Loading 1 faces(PF_A8R8G8B8,32x32x1) with 5 hardware generated mipmaps from Image. Internal format is PF_A8R8G8B8,32x32x1.
13:47:59: Texture: sdk_tray.png: Loading 1 faces(PF_A8R8G8B8,64x64x1) with 5 hardware generated mipmaps from Image. Internal format is PF_A8R8G8B8,64x64x1.
13:47:59: Texture: sdk_button_up.png: Loading 1 faces(PF_A8R8G8B8,128x32x1) with 5 hardware generated mipmaps from Image. Internal format is PF_A8R8G8B8,128x32x1.
13:47:59: Texture: sdk_text_box.png: Loading 1 faces(PF_A8R8G8B8,32x32x1) with 5 hardware generated mipmaps from Image. Internal format is PF_A8R8G8B8,32x32x1.
13:47:59: Texture: sdk_mini_tray.png: Loading 1 faces(PF_A8R8G8B8,32x32x1) with 5 hardware generated mipmaps from Image. Internal format is PF_A8R8G8B8,32x32x1.
13:47:59: Texture: sdk_track.png: Loading 1 faces(PF_A8R8G8B8,16x32x1) with 5 hardware generated mipmaps from Image. Internal format is PF_A8R8G8B8,16x32x1.
13:47:59: Texture: sdk_handle.png: Loading 1 faces(PF_A8R8G8B8,16x16x1) with 4 hardware generated mipmaps from Image. Internal format is PF_A8R8G8B8,16x16x1.
13:47:59: Texture: sdk_mini_text_box.png: Loading 1 faces(PF_A8R8G8B8,32x32x1) with 5 hardware generated mipmaps from Image. Internal format is PF_A8R8G8B8,32x32x1.
13:47:59: Texture: sdk_label.png: Loading 1 faces(PF_A8R8G8B8,32x32x1) with 5 hardware generated mipmaps from Image. Internal format is PF_A8R8G8B8,32x32x1.
13:47:59: Texture: sdk_separator.png: Loading 1 faces(PF_A8R8G8B8,64x16x1) with 5 hardware generated mipmaps from Image. Internal format is PF_A8R8G8B8,64x16x1.
13:47:59: Texture: sdk_logo.png: Loading 1 faces(PF_A8R8G8B8,128x64x1) with 5 hardware generated mipmaps from Image. Internal format is PF_A8R8G8B8,128x64x1.
13:47:59: Texture: sdk_shade.png: Loading 1 faces(PF_A8R8G8B8,64x48x1) with 5 hardware generated mipmaps from Image. Internal format is PF_A8R8G8B8,64x48x1.
13:47:59: Texture: sdk_frame.png: Loading 1 faces(PF_A8R8G8B8,32x32x1) with 5 hardware generated mipmaps from Image. Internal format is PF_A8R8G8B8,32x32x1.
13:47:59: Texture: sdk_mini_text_box_over.png: Loading 1 faces(PF_A8R8G8B8,32x32x1) with 5 hardware generated mipmaps from Image. Internal format is PF_A8R8G8B8,32x32x1.
13:47:59: Texture: sdk_pulse.png: Loading 1 faces(PF_R8G8B8,8x1x1) with 3 hardware generated mipmaps from Image. Internal format is PF_X8R8G8B8,8x1x1.
13:47:59: Finished parsing scripts for resource group Essential
13:47:59: Creating resources for group Essential
13:47:59: All done
13:47:59: Parsing scripts for resource group General
13:47:59: Finished parsing scripts for resource group General
13:47:59: Creating resources for group General
13:47:59: All done
13:47:59: Parsing scripts for resource group Internal
13:47:59: Finished parsing scripts for resource group Internal
13:47:59: Creating resources for group Internal
13:47:59: All done
13:47:59: Parsing scripts for resource group Popular
13:47:59: Parsing script StdQuad_vp.program
13:47:59: Parsing script Instancing.program
13:47:59: Parsing script DualQuaternion.program
13:48:00: OGRE EXCEPTION(7:InternalErrorException): Unable to compile Cg program Ogre/DualQuaternionHardwareSkinningTwoWeightsTwoPhaseCg: The compile returned an error.
DualQuaternion_Common.cg(167) : warning C7019: "blendWgt" is too large for semantic "BLENDWEIGHT", which is size 1
(0) : error C6007: Constant register limit exceeded; more than 96 constant registers needed to compiled program
(0) : error C6007: Constant register limit exceeded; more than 96 constant registers needed to compiled program
(0) : error C6007: Constant register limit exceeded; more than 96 constant registers needed to compiled program
(0) : error C6007: Constant register limit exceeded; more than 96 constant registers needed to compiled program
(0) : error C6007: Constant register limit exceeded; more than 96 constant registers needed to compiled program
(0) : error C6007: Constant register limit exceeded; more than 96 constant registers needed to compiled program
(0) : error C6007: Constant register limit exceeded; more than 96 constant registers needed to compiled program
(0) : error C6007: Constant register limit exceeded; more than 96 constant registers needed to compiled program
 in CgProgram::compileMicrocode at /root/ogre/PlugIns/CgProgramManager/src/OgreCgProgramManagerDll.cpp (line 67)
13:48:00: High-level program Ogre/DualQuaternionHardwareSkinningTwoWeightsTwoPhaseCg encountered an error during loading and is thus not supported.
OGRE EXCEPTION(7:InternalErrorException): Unable to compile Cg program Ogre/DualQuaternionHardwareSkinningTwoWeightsTwoPhaseCg: The compile returned an error.
DualQuaternion_Common.cg(167) : warning C7019: "blendWgt" is too large for semantic "BLENDWEIGHT", which is size 1
(0) : error C6007: Constant register limit exceeded; more than 96 constant registers needed to compiled program
(0) : error C6007: Constant register limit exceeded; more than 96 constant registers needed to compiled program
(0) : error C6007: Constant register limit exceeded; more than 96 constant registers needed to compiled program
(0) : error C6007: Constant register limit exceeded; more than 96 constant registers needed to compiled program
(0) : error C6007: Constant register limit exceeded; more than 96 constant registers needed to compiled program
(0) : error C6007: Constant register limit exceeded; more than 96 constant registers needed to compiled program
(0) : error C6007: Constant register limit exceeded; more than 96 constant registers needed to compiled program
(0) : error C6007: Constant register limit exceeded; more than 96 constant registers needed to compiled program
 in CgProgram::compileMicrocode at /root/ogre/PlugIns/CgProgramManager/src/OgreCgProgramManagerDll.cpp (line 67)
13:48:00: OGRE EXCEPTION(2:InvalidParametersException): Named constants have not been initialised, perhaps a compile error. in GpuProgramParameters::_findNamedConstantDefinition at /root/ogre/OgreMain/src/OgreGpuProgramParams.cpp (line 1709)
13:48:00: Compiler error: invalid parameters in DualQuaternion.program(28): setting of constant failed
13:48:00: Parsing script Examples.program
13:48:00: Parsing script ShadowCaster.program
13:48:00: Parsing script deferred_post.program
13:48:00: Parsing script GBuffer.program
13:48:00: Parsing script triplanarReference.program
13:48:00: Parsing script pbr.program
13:48:00: Parsing script HW_VTF_LUTInstancing.material
13:48:00: Parsing script CGSwizzle.material
13:48:00: Parsing script pssm.material
13:48:00: Parsing script SharpenEdges.material
13:48:00: Parsing script Examples-Advanced.material
13:48:00: Compiler error: object unsupported by render system in Examples-Advanced.material(938): , Shader name: Examples/TextureArrayPSasm
13:48:00: Parsing script Tiling.material
13:48:00: Parsing script VarianceShadowmap.material
13:48:00: Parsing script AdaptivePNTrianglesTessellation.material
13:48:00: Parsing script DOF.material
13:48:00: Parsing script Embossed.material
13:48:00: Parsing script Invert.material
13:48:00: Parsing script Examples-DynTex.material
13:48:00: Parsing script AtomicCounters.material
13:48:00: Compiler error: number expected in AtomicCounters.material(3): true invalid - extra parameters to shared_param_named must be numbers
13:48:00: Compiler error: number expected in AtomicCounters.material(14): false invalid - extra parameters to shared_param_named must be numbers
13:48:00: Parsing script ASCII.material
13:48:00: Parsing script RasterizationOrder.material
13:48:00: Parsing script OffsetMapping.material
13:48:00: Parsing script RZR-002.material
13:48:00: Parsing script IsoSurf.material
13:48:00: Parsing script FluidSim.material
13:48:00: Parsing script GLSLSwizzle.material
13:48:00: Parsing script ShaderInstancing.material
13:48:00: Parsing script Examples-Water.material
13:48:00: Parsing script HWInstancing.material
13:48:00: Parsing script Hair.material
13:48:00: Parsing script ASMSwizzle.material
13:48:00: Compiler error: object unsupported by render system in ASMSwizzle.material(1): , Shader name: Ogre/GPTest/Swizzle_GP_ASM
13:48:00: Parsing script Tessellation.material
13:48:00: Compiler error: unknown error in Tessellation.material(20): token class, tessellation_hull_program, unrecognized.
13:48:00: Compiler error: unknown error in Tessellation.material(32): token class, tessellation_hull_program, unrecognized.
13:48:00: Compiler error: unknown error in Tessellation.material(43): token class, tessellation_hull_program, unrecognized.
13:48:00: Compiler error: unknown error in Tessellation.material(49): token class, tessellation_domain_program, unrecognized.
13:48:00: Compiler error: unknown error in Tessellation.material(61): token class, tessellation_domain_program, unrecognized.
13:48:00: Compiler error: unknown error in Tessellation.material(72): token class, tessellation_domain_program, unrecognized.
13:48:00: Compiler error: unknown error in Tessellation.material(113): token class, tessellation_hull_program_ref, unrecognized.
13:48:00: Compiler error: unknown error in Tessellation.material(118): token class, tessellation_domain_program_ref, unrecognized.
13:48:00: Compiler error: unknown error in Tessellation.material(113): token "tessellation_hull_program_ref" is not recognized
13:48:00: Compiler error: unknown error in Tessellation.material(118): token "tessellation_domain_program_ref" is not recognized
13:48:00: Parsing script Posterize.material
13:48:00: Parsing script Bloom2.material
13:48:00: Parsing script Compute.material
13:48:00: Parsing script Penguin.material
13:48:00: Parsing script Island.material
13:48:00: Compiler error: unknown error in Island.material(200): token class, tessellation_hull_program, unrecognized.
13:48:00: Compiler error: unknown error in Island.material(216): token class, tessellation_domain_program, unrecognized.
13:48:00: Compiler error: unknown error in Island.material(272): token class, tessellation_hull_program_ref, unrecognized.
13:48:00: Compiler error: unknown error in Island.material(276): token class, tessellation_domain_program_ref, unrecognized.
13:48:00: Compiler error: unknown error in Island.material(296): token class, tessellation_hull_program_ref, unrecognized.
13:48:00: Compiler error: unknown error in Island.material(300): token class, tessellation_domain_program_ref, unrecognized.
13:48:00: Compiler error: unknown error in Island.material(316): token class, tessellation_domain_program, unrecognized.
13:48:00: Compiler error: unknown error in Island.material(365): token class, tessellation_hull_program_ref, unrecognized.
13:48:00: Compiler error: unknown error in Island.material(369): token class, tessellation_domain_program_ref, unrecognized.
13:48:00: Compiler error: unknown error in Island.material(272): token "tessellation_hull_program_ref" is not recognized
13:48:00: Compiler error: unknown error in Island.material(276): token "tessellation_domain_program_ref" is not recognized
13:48:00: Compiler error: unknown error in Island.material(296): token "tessellation_hull_program_ref" is not recognized
13:48:00: Compiler error: unknown error in Island.material(300): token "tessellation_domain_program_ref" is not recognized
13:48:00: Compiler error: unknown error in Island.material(365): token "tessellation_hull_program_ref" is not recognized
13:48:00: Compiler error: unknown error in Island.material(369): token "tessellation_domain_program_ref" is not recognized
13:48:00: Parsing script BlackAndWhite.material
13:48:00: Parsing script facial.material
13:48:00: Parsing script Swizzle.material
13:48:00: OGRE EXCEPTION(2:InvalidParametersException): Parameter called WorldViewProj does not exist.  in GpuProgramParameters::_findNamedConstantDefinition at /root/ogre/OgreMain/src/OgreGpuProgramParams.cpp (line 1719)
13:48:00: Compiler error: invalid parameters in Swizzle.material(68): setting of constant failed
13:48:00: OGRE EXCEPTION(2:InvalidParametersException): Parameter called origColour does not exist.  in GpuProgramParameters::_findNamedConstantDefinition at /root/ogre/OgreMain/src/OgreGpuProgramParams.cpp (line 1719)
13:48:00: Compiler error: invalid parameters in Swizzle.material(79): setting of constant failed
13:48:00: OGRE EXCEPTION(2:InvalidParametersException): Parameter called cloneColour does not exist.  in GpuProgramParameters::_findNamedConstantDefinition at /root/ogre/OgreMain/src/OgreGpuProgramParams.cpp (line 1719)
13:48:00: Compiler error: invalid parameters in Swizzle.material(80): setting of constant failed
13:48:00: Parsing script Glass.material
13:48:00: Parsing script shadows.material
13:48:00: Parsing script RadialBlur.material
13:48:00: Parsing script HW_VTFInstancing.material
13:48:00: Parsing script Example-Water.material
13:48:00: Parsing script OldTV.material
13:48:00: Parsing script MRTtest.material
13:48:00: Parsing script Ocean.material
13:48:00: Parsing script Ogre.material
13:48:00: Parsing script ShaderSystem.material
13:48:00: Parsing script Dither.material
13:48:00: Parsing script CompositorDemo.material
13:48:00: Parsing script TerrainTessellation.material
13:48:00: Compiler error: unknown error in TerrainTessellation.material(123): token class, tessellation_hull_program, unrecognized.
13:48:00: Compiler error: unknown error in TerrainTessellation.material(140): token class, tessellation_domain_program, unrecognized.
13:48:00: Compiler error: unknown error in TerrainTessellation.material(177): token class, tessellation_hull_program_ref, unrecognized.
13:48:00: Compiler error: unknown error in TerrainTessellation.material(182): token class, tessellation_domain_program_ref, unrecognized.
13:48:00: Compiler error: unknown error in TerrainTessellation.material(177): token "tessellation_hull_program_ref" is not recognized
13:48:00: Compiler error: unknown error in TerrainTessellation.material(182): token "tessellation_domain_program_ref" is not recognized
13:48:00: Parsing script OldMovie.material
13:48:00: Parsing script MotionBlur.material
13:48:00: Parsing script HeatVision.material
13:48:00: Parsing script ParticleGS.material
13:48:00: Parsing script Hurt.material
13:48:00: Parsing script Laplace.material
13:48:00: Parsing script Halftone.material
13:48:00: Parsing script NightVision.material
13:48:00: Parsing script DepthShadowmap.material
13:48:00: Parsing script Tesselation.material
13:48:00: Parsing script smoke.material
13:48:00: Parsing script instancing.material
13:48:00: Parsing script Bloom.material
13:48:00: Parsing script DamagedHelmet.material
13:48:00: Compiler error: unknown error in DamagedHelmet.material(64): token "rtshader_system" is not recognized
13:48:00: Parsing script hdr.material
13:48:00: Parsing script InstancingMisc.material
13:48:00: Parsing script sibenik.material
13:48:00: Parsing script Examples.material
13:48:00: Parsing script VTFInstancing.material
13:48:00: Parsing script DualQuaternion.material
13:48:00: Parsing script ShadowCaster.material
13:48:00: Parsing script deferreddemo.material
13:48:00: Parsing script deferred_post_minilight.material
13:48:00: Parsing script ssao.material
13:48:00: Parsing script deferred_post.material
13:48:00: Parsing script ROOM.material
13:48:00: Parsing script RTShaderSystem.material
13:48:00: Compiler error: unknown error in RTShaderSystem.material(23): token "rtshader_system" is not recognized
13:48:00: Compiler error: unknown error in RTShaderSystem.material(52): token "rtshader_system" is not recognized
13:48:00: Compiler error: unknown error in RTShaderSystem.material(81): token "rtshader_system" is not recognized
13:48:00: Compiler error: unknown error in RTShaderSystem.material(110): token "rtshader_system" is not recognized
13:48:00: Compiler error: unknown error in RTShaderSystem.material(146): token "rtshader_system" is not recognized
13:48:00: Compiler error: unknown error in RTShaderSystem.material(81): token "rtshader_system" is not recognized
13:48:00: Compiler error: unknown error in RTShaderSystem.material(162): token "rtshader_system" is not recognized
13:48:00: Compiler error: unknown error in RTShaderSystem.material(81): token "rtshader_system" is not recognized
13:48:00: Compiler error: unknown error in RTShaderSystem.material(110): token "rtshader_system" is not recognized
13:48:00: Compiler error: unknown error in RTShaderSystem.material(211): token "rtshader_system" is not recognized
13:48:00: Parsing script HardwareSkinningShadow.material
13:48:00: OGRE EXCEPTION(7:InternalErrorException): Unable to compile Cg program Ogre/RTShader/shadow_caster_skinning_1weight_vs: The compile returned an error.
(21) : warning C7019: "blendWgt" is too large for semantic "BLENDWEIGHT", which is size 1
(23) : error C5041: cannot locate suitable resource to bind parameter "<null atom>"
(23) : error C5041: cannot locate suitable resource to bind parameter "<null atom>"
(23) : error C5041: cannot locate suitable resource to bind parameter "<null atom>"
(23) : error C5041: cannot locate suitable resource to bind parameter "<null atom>"
(23) : error C5041: cannot locate suitable resource to bind parameter "<null atom>"
(23) : error C5041: cannot locate suitable resource to bind parameter "<null atom>"
(23) : error C5041: cannot locate suitable resource to bind parameter "<null atom>"
(23) : error C5041: cannot locate suitable resource to bind parameter "<null atom>"
(23) : error C5041: cannot locate suitable resource to bind parameter "<null atom>"
(23) : error C5041: cannot locate suitable resource to bind parameter "<null atom>"
(23) : error C5041: cannot locate suitable resource to bind parameter "<null atom>"
(23) : error C5041: cannot locate suitable resource to bind parameter "<null atom>"
(23) : error C5041: cannot locate suitable resource to bind parameter "<null atom>"
(23) : error C5041: cannot locate suitable resource to bind parameter "<null atom>"
(23) : error C5041: cannot locate suitable resource to bind parameter "<null atom>"
(23) : error C5041: cannot locate suitable resource to bind parameter "<null atom>"
(23) : error C5041: cannot locate suitable resource to bind parameter "<null atom>"
(23) : error C5041: cannot locate suitable resource to bind parameter "<null atom>"
(23) : error C5041: cannot locate suitable resource to bind parameter "<null atom>"
 in CgProgram::compileMicrocode at /root/ogre/PlugIns/CgProgramManager/src/OgreCgProgramManagerDll.cpp (line 67)
13:48:00: High-level program Ogre/RTShader/shadow_caster_skinning_1weight_vs encountered an error during loading and is thus not supported.
OGRE EXCEPTION(7:InternalErrorException): Unable to compile Cg program Ogre/RTShader/shadow_caster_skinning_1weight_vs: The compile returned an error.
(21) : warning C7019: "blendWgt" is too large for semantic "BLENDWEIGHT", which is size 1
(23) : error C5041: cannot locate suitable resource to bind parameter "<null atom>"
(23) : error C5041: cannot locate suitable resource to bind parameter "<null atom>"
(23) : error C5041: cannot locate suitable resource to bind parameter "<null atom>"
(23) : error C5041: cannot locate suitable resource to bind parameter "<null atom>"
(23) : error C5041: cannot locate suitable resource to bind parameter "<null atom>"
(23) : error C5041: cannot locate suitable resource to bind parameter "<null atom>"
(23) : error C5041: cannot locate suitable resource to bind parameter "<null atom>"
(23) : error C5041: cannot locate suitable resource to bind parameter "<null atom>"
(23) : error C5041: cannot locate suitable resource to bind parameter "<null atom>"
(23) : error C5041: cannot locate suitable resource to bind parameter "<null atom>"
(23) : error C5041: cannot locate suitable resource to bind parameter "<null atom>"
(23) : error C5041: cannot locate suitable resource to bind parameter "<null atom>"
(23) : error C5041: cannot locate suitable resource to bind parameter "<null atom>"
(23) : error C5041: cannot locate suitable resource to bind parameter "<null atom>"
(23) : error C5041: cannot locate suitable resource to bind parameter "<null atom>"
(23) : error C5041: cannot locate suitable resource to bind parameter "<null atom>"
(23) : error C5041: cannot locate suitable resource to bind parameter "<null atom>"
(23) : error C5041: cannot locate suitable resource to bind parameter "<null atom>"
(23) : error C5041: cannot locate suitable resource to bind parameter "<null atom>"
 in CgProgram::compileMicrocode at /root/ogre/PlugIns/CgProgramManager/src/OgreCgProgramManagerDll.cpp (line 67)
13:48:00: OGRE EXCEPTION(2:InvalidParametersException): Named constants have not been initialised, perhaps a compile error. in GpuProgramParameters::_findNamedConstantDefinition at /root/ogre/OgreMain/src/OgreGpuProgramParams.cpp (line 1709)
13:48:00: Compiler error: invalid parameters in HardwareSkinningShadow.material(29): setting of constant failed
13:48:00: OGRE EXCEPTION(2:InvalidParametersException): Named constants have not been initialised, perhaps a compile error. in GpuProgramParameters::_findNamedConstantDefinition at /root/ogre/OgreMain/src/OgreGpuProgramParams.cpp (line 1709)
13:48:00: Compiler error: invalid parameters in HardwareSkinningShadow.material(30): setting of constant failed
13:48:00: OGRE EXCEPTION(7:InternalErrorException): Unable to compile Cg program Ogre/RTShader/shadow_caster_skinning_2weight_vs_cg: The compile returned an error.
(41) : warning C7019: "blendWgt" is too large for semantic "BLENDWEIGHT", which is size 1
(44) : error C5041: cannot locate suitable resource to bind parameter "<null atom>"
(44) : error C5041: cannot locate suitable resource to bind parameter "<null atom>"
(44) : error C5041: cannot locate suitable resource to bind parameter "<null atom>"
(44) : error C5041: cannot locate suitable resource to bind parameter "<null atom>"
(44) : error C5041: cannot locate suitable resource to bind parameter "<null atom>"
(44) : error C5041: cannot locate suitable resource to bind parameter "<null atom>"
(44) : error C5041: cannot locate suitable resource to bind parameter "<null atom>"
(44) : error C5041: cannot locate suitable resource to bind parameter "<null atom>"
(44) : error C5041: cannot locate suitable resource to bind parameter "<null atom>"
(44) : error C5041: cannot locate suitable resource to bind parameter "<null atom>"
(44) : error C5041: cannot locate suitable resource to bind parameter "<null atom>"
(44) : error C5041: cannot locate suitable resource to bind parameter "<null atom>"
(44) : error C5041: cannot locate suitable resource to bind parameter "<null atom>"
(44) : error C5041: cannot locate suitable resource to bind parameter "<null atom>"
(44) : error C5041: cannot locate suitable resource to bind parameter "<null atom>"
(44) : error C5041: cannot locate suitable resource to bind parameter "<null atom>"
(44) : error C5041: cannot locate suitable resource to bind parameter "<null atom>"
(44) : error C5041: cannot locate suitable resource to bind parameter "<null atom>"
(44) : error C5041: cannot locate suitable resource to bind parameter "<null atom>"
 in CgProgram::compileMicrocode at /root/ogre/PlugIns/CgProgramManager/src/OgreCgProgramManagerDll.cpp (line 67)
13:48:00: High-level program Ogre/RTShader/shadow_caster_skinning_2weight_vs_cg encountered an error during loading and is thus not supported.
OGRE EXCEPTION(7:InternalErrorException): Unable to compile Cg program Ogre/RTShader/shadow_caster_skinning_2weight_vs_cg: The compile returned an error.
(41) : warning C7019: "blendWgt" is too large for semantic "BLENDWEIGHT", which is size 1
(44) : error C5041: cannot locate suitable resource to bind parameter "<null atom>"
(44) : error C5041: cannot locate suitable resource to bind parameter "<null atom>"
(44) : error C5041: cannot locate suitable resource to bind parameter "<null atom>"
(44) : error C5041: cannot locate suitable resource to bind parameter "<null atom>"
(44) : error C5041: cannot locate suitable resource to bind parameter "<null atom>"
(44) : error C5041: cannot locate suitable resource to bind parameter "<null atom>"
(44) : error C5041: cannot locate suitable resource to bind parameter "<null atom>"
(44) : error C5041: cannot locate suitable resource to bind parameter "<null atom>"
(44) : error C5041: cannot locate suitable resource to bind parameter "<null atom>"
(44) : error C5041: cannot locate suitable resource to bind parameter "<null atom>"
(44) : error C5041: cannot locate suitable resource to bind parameter "<null atom>"
(44) : error C5041: cannot locate suitable resource to bind parameter "<null atom>"
(44) : error C5041: cannot locate suitable resource to bind parameter "<null atom>"
(44) : error C5041: cannot locate suitable resource to bind parameter "<null atom>"
(44) : error C5041: cannot locate suitable resource to bind parameter "<null atom>"
(44) : error C5041: cannot locate suitable resource to bind parameter "<null atom>"
(44) : error C5041: cannot locate suitable resource to bind parameter "<null atom>"
(44) : error C5041: cannot locate suitable resource to bind parameter "<null atom>"
(44) : error C5041: cannot locate suitable resource to bind parameter "<null atom>"
 in CgProgram::compileMicrocode at /root/ogre/PlugIns/CgProgramManager/src/OgreCgProgramManagerDll.cpp (line 67)
13:48:00: OGRE EXCEPTION(2:InvalidParametersException): Named constants have not been initialised, perhaps a compile error. in GpuProgramParameters::_findNamedConstantDefinition at /root/ogre/OgreMain/src/OgreGpuProgramParams.cpp (line 1709)
13:48:00: Compiler error: invalid parameters in HardwareSkinningShadow.material(43): setting of constant failed
13:48:00: OGRE EXCEPTION(2:InvalidParametersException): Named constants have not been initialised, perhaps a compile error. in GpuProgramParameters::_findNamedConstantDefinition at /root/ogre/OgreMain/src/OgreGpuProgramParams.cpp (line 1709)
13:48:00: Compiler error: invalid parameters in HardwareSkinningShadow.material(44): setting of constant failed
13:48:00: OGRE EXCEPTION(7:InternalErrorException): Unable to compile Cg program Ogre/RTShader/shadow_caster_skinning_3weight_vs: The compile returned an error.
(64) : warning C7019: "blendWgt" is too large for semantic "BLENDWEIGHT", which is size 1
(67) : error C5041: cannot locate suitable resource to bind parameter "<null atom>"
(67) : error C5041: cannot locate suitable resource to bind parameter "<null atom>"
(67) : error C5041: cannot locate suitable resource to bind parameter "<null atom>"
(67) : error C5041: cannot locate suitable resource to bind parameter "<null atom>"
(67) : error C5041: cannot locate suitable resource to bind parameter "<null atom>"
(67) : error C5041: cannot locate suitable resource to bind parameter "<null atom>"
(67) : error C5041: cannot locate suitable resource to bind parameter "<null atom>"
(67) : error C5041: cannot locate suitable resource to bind parameter "<null atom>"
(67) : error C5041: cannot locate suitable resource to bind parameter "<null atom>"
(67) : error C5041: cannot locate suitable resource to bind parameter "<null atom>"
(67) : error C5041: cannot locate suitable resource to bind parameter "<null atom>"
(67) : error C5041: cannot locate suitable resource to bind parameter "<null atom>"
(67) : error C5041: cannot locate suitable resource to bind parameter "<null atom>"
(67) : error C5041: cannot locate suitable resource to bind parameter "<null atom>"
(67) : error C5041: cannot locate suitable resource to bind parameter "<null atom>"
(67) : error C5041: cannot locate suitable resource to bind parameter "<null atom>"
(67) : error C5041: cannot locate suitable resource to bind parameter "<null atom>"
(67) : error C5041: cannot locate suitable resource to bind parameter "<null atom>"
(67) : error C5041: cannot locate suitable resource to bind parameter "<null atom>"
 in CgProgram::compileMicrocode at /root/ogre/PlugIns/CgProgramManager/src/OgreCgProgramManagerDll.cpp (line 67)
13:48:00: High-level program Ogre/RTShader/shadow_caster_skinning_3weight_vs encountered an error during loading and is thus not supported.
OGRE EXCEPTION(7:InternalErrorException): Unable to compile Cg program Ogre/RTShader/shadow_caster_skinning_3weight_vs: The compile returned an error.
(64) : warning C7019: "blendWgt" is too large for semantic "BLENDWEIGHT", which is size 1
(67) : error C5041: cannot locate suitable resource to bind parameter "<null atom>"
(67) : error C5041: cannot locate suitable resource to bind parameter "<null atom>"
(67) : error C5041: cannot locate suitable resource to bind parameter "<null atom>"
(67) : error C5041: cannot locate suitable resource to bind parameter "<null atom>"
(67) : error C5041: cannot locate suitable resource to bind parameter "<null atom>"
(67) : error C5041: cannot locate suitable resource to bind parameter "<null atom>"
(67) : error C5041: cannot locate suitable resource to bind parameter "<null atom>"
(67) : error C5041: cannot locate suitable resource to bind parameter "<null atom>"
(67) : error C5041: cannot locate suitable resource to bind parameter "<null atom>"
(67) : error C5041: cannot locate suitable resource to bind parameter "<null atom>"
(67) : error C5041: cannot locate suitable resource to bind parameter "<null atom>"
(67) : error C5041: cannot locate suitable resource to bind parameter "<null atom>"
(67) : error C5041: cannot locate suitable resource to bind parameter "<null atom>"
(67) : error C5041: cannot locate suitable resource to bind parameter "<null atom>"
(67) : error C5041: cannot locate suitable resource to bind parameter "<null atom>"
(67) : error C5041: cannot locate suitable resource to bind parameter "<null atom>"
(67) : error C5041: cannot locate suitable resource to bind parameter "<null atom>"
(67) : error C5041: cannot locate suitable resource to bind parameter "<null atom>"
(67) : error C5041: cannot locate suitable resource to bind parameter "<null atom>"
 in CgProgram::compileMicrocode at /root/ogre/PlugIns/CgProgramManager/src/OgreCgProgramManagerDll.cpp (line 67)
13:48:00: OGRE EXCEPTION(2:InvalidParametersException): Named constants have not been initialised, perhaps a compile error. in GpuProgramParameters::_findNamedConstantDefinition at /root/ogre/OgreMain/src/OgreGpuProgramParams.cpp (line 1709)
13:48:00: Compiler error: invalid parameters in HardwareSkinningShadow.material(57): setting of constant failed
13:48:00: OGRE EXCEPTION(2:InvalidParametersException): Named constants have not been initialised, perhaps a compile error. in GpuProgramParameters::_findNamedConstantDefinition at /root/ogre/OgreMain/src/OgreGpuProgramParams.cpp (line 1709)
13:48:00: Compiler error: invalid parameters in HardwareSkinningShadow.material(58): setting of constant failed
13:48:00: OGRE EXCEPTION(7:InternalErrorException): Unable to compile Cg program Ogre/RTShader/shadow_caster_skinning_4weight_vs: The compile returned an error.
(88) : warning C7019: "blendWgt" is too large for semantic "BLENDWEIGHT", which is size 1
(91) : error C5041: cannot locate suitable resource to bind parameter "<null atom>"
(91) : error C5041: cannot locate suitable resource to bind parameter "<null atom>"
(91) : error C5041: cannot locate suitable resource to bind parameter "<null atom>"
(91) : error C5041: cannot locate suitable resource to bind parameter "<null atom>"
(91) : error C5041: cannot locate suitable resource to bind parameter "<null atom>"
(91) : error C5041: cannot locate suitable resource to bind parameter "<null atom>"
(91) : error C5041: cannot locate suitable resource to bind parameter "<null atom>"
(91) : error C5041: cannot locate suitable resource to bind parameter "<null atom>"
(91) : error C5041: cannot locate suitable resource to bind parameter "<null atom>"
(91) : error C5041: cannot locate suitable resource to bind parameter "<null atom>"
(91) : error C5041: cannot locate suitable resource to bind parameter "<null atom>"
(91) : error C5041: cannot locate suitable resource to bind parameter "<null atom>"
(91) : error C5041: cannot locate suitable resource to bind parameter "<null atom>"
(91) : error C5041: cannot locate suitable resource to bind parameter "<null atom>"
(91) : error C5041: cannot locate suitable resource to bind parameter "<null atom>"
(91) : error C5041: cannot locate suitable resource to bind parameter "<null atom>"
(91) : error C5041: cannot locate suitable resource to bind parameter "<null atom>"
(91) : error C5041: cannot locate suitable resource to bind parameter "<null atom>"
(91) : error C5041: cannot locate suitable resource to bind parameter "<null atom>"
 in CgProgram::compileMicrocode at /root/ogre/PlugIns/CgProgramManager/src/OgreCgProgramManagerDll.cpp (line 67)
13:48:00: High-level program Ogre/RTShader/shadow_caster_skinning_4weight_vs encountered an error during loading and is thus not supported.
OGRE EXCEPTION(7:InternalErrorException): Unable to compile Cg program Ogre/RTShader/shadow_caster_skinning_4weight_vs: The compile returned an error.
(88) : warning C7019: "blendWgt" is too large for semantic "BLENDWEIGHT", which is size 1
(91) : error C5041: cannot locate suitable resource to bind parameter "<null atom>"
(91) : error C5041: cannot locate suitable resource to bind parameter "<null atom>"
(91) : error C5041: cannot locate suitable resource to bind parameter "<null atom>"
(91) : error C5041: cannot locate suitable resource to bind parameter "<null atom>"
(91) : error C5041: cannot locate suitable resource to bind parameter "<null atom>"
(91) : error C5041: cannot locate suitable resource to bind parameter "<null atom>"
(91) : error C5041: cannot locate suitable resource to bind parameter "<null atom>"
(91) : error C5041: cannot locate suitable resource to bind parameter "<null atom>"
(91) : error C5041: cannot locate suitable resource to bind parameter "<null atom>"
(91) : error C5041: cannot locate suitable resource to bind parameter "<null atom>"
(91) : error C5041: cannot locate suitable resource to bind parameter "<null atom>"
(91) : error C5041: cannot locate suitable resource to bind parameter "<null atom>"
(91) : error C5041: cannot locate suitable resource to bind parameter "<null atom>"
(91) : error C5041: cannot locate suitable resource to bind parameter "<null atom>"
(91) : error C5041: cannot locate suitable resource to bind parameter "<null atom>"
(91) : error C5041: cannot locate suitable resource to bind parameter "<null atom>"
(91) : error C5041: cannot locate suitable resource to bind parameter "<null atom>"
(91) : error C5041: cannot locate suitable resource to bind parameter "<null atom>"
(91) : error C5041: cannot locate suitable resource to bind parameter "<null atom>"
 in CgProgram::compileMicrocode at /root/ogre/PlugIns/CgProgramManager/src/OgreCgProgramManagerDll.cpp (line 67)
13:48:00: OGRE EXCEPTION(2:InvalidParametersException): Named constants have not been initialised, perhaps a compile error. in GpuProgramParameters::_findNamedConstantDefinition at /root/ogre/OgreMain/src/OgreGpuProgramParams.cpp (line 1709)
13:48:00: Compiler error: invalid parameters in HardwareSkinningShadow.material(72): setting of constant failed
13:48:00: OGRE EXCEPTION(2:InvalidParametersException): Named constants have not been initialised, perhaps a compile error. in GpuProgramParameters::_findNamedConstantDefinition at /root/ogre/OgreMain/src/OgreGpuProgramParams.cpp (line 1709)
13:48:00: Compiler error: invalid parameters in HardwareSkinningShadow.material(73): setting of constant failed
13:48:00: Parsing script TriplanarTexturing.material
13:48:00: Compiler error: unknown error in TriplanarTexturing.material(9): token "rtshader_system" is not recognized
13:48:00: Parsing script DualQuaternionSkinning_Shadow.material
13:48:00: OGRE EXCEPTION(7:InternalErrorException): Unable to compile Cg program Ogre/RTShader/shadow_caster_dq_skinning_1weight_twophase_vs_cg: The compile returned an error.
(227) : warning C7019: "blendWgt" is too large for semantic "BLENDWEIGHT", which is size 1
(0) : error C6007: Constant register limit exceeded; more than 96 constant registers needed to compiled program
(0) : error C6007: Constant register limit exceeded; more than 96 constant registers needed to compiled program
(0) : error C6007: Constant register limit exceeded; more than 96 constant registers needed to compiled program
 in CgProgram::compileMicrocode at /root/ogre/PlugIns/CgProgramManager/src/OgreCgProgramManagerDll.cpp (line 67)
13:48:00: High-level program Ogre/RTShader/shadow_caster_dq_skinning_1weight_twophase_vs_cg encountered an error during loading and is thus not supported.
OGRE EXCEPTION(7:InternalErrorException): Unable to compile Cg program Ogre/RTShader/shadow_caster_dq_skinning_1weight_twophase_vs_cg: The compile returned an error.
(227) : warning C7019: "blendWgt" is too large for semantic "BLENDWEIGHT", which is size 1
(0) : error C6007: Constant register limit exceeded; more than 96 constant registers needed to compiled program
(0) : error C6007: Constant register limit exceeded; more than 96 constant registers needed to compiled program
(0) : error C6007: Constant register limit exceeded; more than 96 constant registers needed to compiled program
 in CgProgram::compileMicrocode at /root/ogre/PlugIns/CgProgramManager/src/OgreCgProgramManagerDll.cpp (line 67)
13:48:00: OGRE EXCEPTION(2:InvalidParametersException): Named constants have not been initialised, perhaps a compile error. in GpuProgramParameters::_findNamedConstantDefinition at /root/ogre/OgreMain/src/OgreGpuProgramParams.cpp (line 1709)
13:48:00: Compiler error: invalid parameters in DualQuaternionSkinning_Shadow.material(211): setting of constant failed
13:48:00: OGRE EXCEPTION(2:InvalidParametersException): Named constants have not been initialised, perhaps a compile error. in GpuProgramParameters::_findNamedConstantDefinition at /root/ogre/OgreMain/src/OgreGpuProgramParams.cpp (line 1709)
13:48:00: Compiler error: invalid parameters in DualQuaternionSkinning_Shadow.material(212): setting of constant failed
13:48:00: OGRE EXCEPTION(2:InvalidParametersException): Named constants have not been initialised, perhaps a compile error. in GpuProgramParameters::_findNamedConstantDefinition at /root/ogre/OgreMain/src/OgreGpuProgramParams.cpp (line 1709)
13:48:00: Compiler error: invalid parameters in DualQuaternionSkinning_Shadow.material(213): setting of constant failed
13:48:00: OGRE EXCEPTION(2:InvalidParametersException): Named constants have not been initialised, perhaps a compile error. in GpuProgramParameters::_findNamedConstantDefinition at /root/ogre/OgreMain/src/OgreGpuProgramParams.cpp (line 1709)
13:48:00: Compiler error: invalid parameters in DualQuaternionSkinning_Shadow.material(214): setting of constant failed
13:48:00: OGRE EXCEPTION(7:InternalErrorException): Unable to compile Cg program Ogre/RTShader/shadow_caster_dq_skinning_2weight_twophase_vs_cg: The compile returned an error.
(261) : warning C7019: "blendWgt" is too large for semantic "BLENDWEIGHT", which is size 1
(0) : error C6007: Constant register limit exceeded; more than 96 constant registers needed to compiled program
(0) : error C6007: Constant register limit exceeded; more than 96 constant registers needed to compiled program
(0) : error C6007: Constant register limit exceeded; more than 96 constant registers needed to compiled program
 in CgProgram::compileMicrocode at /root/ogre/PlugIns/CgProgramManager/src/OgreCgProgramManagerDll.cpp (line 67)
13:48:01: High-level program Ogre/RTShader/shadow_caster_dq_skinning_2weight_twophase_vs_cg encountered an error during loading and is thus not supported.
OGRE EXCEPTION(7:InternalErrorException): Unable to compile Cg program Ogre/RTShader/shadow_caster_dq_skinning_2weight_twophase_vs_cg: The compile returned an error.
(261) : warning C7019: "blendWgt" is too large for semantic "BLENDWEIGHT", which is size 1
(0) : error C6007: Constant register limit exceeded; more than 96 constant registers needed to compiled program
(0) : error C6007: Constant register limit exceeded; more than 96 constant registers needed to compiled program
(0) : error C6007: Constant register limit exceeded; more than 96 constant registers needed to compiled program
 in CgProgram::compileMicrocode at /root/ogre/PlugIns/CgProgramManager/src/OgreCgProgramManagerDll.cpp (line 67)
13:48:01: OGRE EXCEPTION(2:InvalidParametersException): Named constants have not been initialised, perhaps a compile error. in GpuProgramParameters::_findNamedConstantDefinition at /root/ogre/OgreMain/src/OgreGpuProgramParams.cpp (line 1709)
13:48:01: Compiler error: invalid parameters in DualQuaternionSkinning_Shadow.material(228): setting of constant failed
13:48:01: OGRE EXCEPTION(2:InvalidParametersException): Named constants have not been initialised, perhaps a compile error. in GpuProgramParameters::_findNamedConstantDefinition at /root/ogre/OgreMain/src/OgreGpuProgramParams.cpp (line 1709)
13:48:01: Compiler error: invalid parameters in DualQuaternionSkinning_Shadow.material(229): setting of constant failed
13:48:01: OGRE EXCEPTION(2:InvalidParametersException): Named constants have not been initialised, perhaps a compile error. in GpuProgramParameters::_findNamedConstantDefinition at /root/ogre/OgreMain/src/OgreGpuProgramParams.cpp (line 1709)
13:48:01: Compiler error: invalid parameters in DualQuaternionSkinning_Shadow.material(230): setting of constant failed
13:48:01: OGRE EXCEPTION(2:InvalidParametersException): Named constants have not been initialised, perhaps a compile error. in GpuProgramParameters::_findNamedConstantDefinition at /root/ogre/OgreMain/src/OgreGpuProgramParams.cpp (line 1709)
13:48:01: Compiler error: invalid parameters in DualQuaternionSkinning_Shadow.material(231): setting of constant failed
13:48:01: Parsing script HorizonBased.material
13:48:01: Parsing script CreaseShading.material
13:48:01: Parsing script Crytek.material
13:48:01: Parsing script SSAOPost.material
13:48:01: Parsing script Modulate.material
13:48:01: Parsing script ShowDepth.material
13:48:01: Parsing script HemisphereMC.material
13:48:01: Parsing script ShowNormals.material
13:48:01: Parsing script ShowViewPos.material
13:48:01: Parsing script GBuffer.material
13:48:01: Parsing script UnsharpMask.material
13:48:01: Parsing script Volumetric.material
13:48:01: Parsing script triplanarReference.material
13:48:01: Parsing script glTF2_PBR.material
13:48:01: Parsing script RomanBath.material
13:48:01: Parsing script Sinbad.material
13:48:01: Parsing script Examples-Water.particle
13:48:01: Parsing script smoke.particle
13:48:01: Parsing script Examples.particle
13:48:01: Parsing script emitted_emitter.particle
13:48:01: Parsing script Examples.compositor
13:48:01: Parsing script ssao.compositor
13:48:01: Parsing script deferred.compositor
13:48:01: Parsing script SSAO.compositor
13:48:01: Parsing script SSAOPost.compositor
13:48:01: Finished parsing scripts for resource group Popular
13:48:01: Creating resources for group Popular
13:48:01: All done
13:48:01: Parsing scripts for resource group Tests
13:48:01: Finished parsing scripts for resource group Tests
13:48:01: Creating resources for group Tests
13:48:01: All done
13:48:01: Mesh: Loading cube.mesh.
13:48:01: Texture: stormy_fr.jpg: Loading 1 faces(PF_R8G8B8,512x512x1) with 5 hardware generated mipmaps from Image. Internal format is PF_X8R8G8B8,512x512x1.
13:48:01: Texture: stormy_bk.jpg: Loading 1 faces(PF_R8G8B8,512x512x1) with 5 hardware generated mipmaps from Image. Internal format is PF_X8R8G8B8,512x512x1.
13:48:01: Texture: stormy_lf.jpg: Loading 1 faces(PF_R8G8B8,512x512x1) with 5 hardware generated mipmaps from Image. Internal format is PF_X8R8G8B8,512x512x1.
13:48:01: Texture: stormy_rt.jpg: Loading 1 faces(PF_R8G8B8,512x512x1) with 5 hardware generated mipmaps from Image. Internal format is PF_X8R8G8B8,512x512x1.
13:48:01: Texture: stormy_up.jpg: Loading 1 faces(PF_R8G8B8,512x512x1) with 5 hardware generated mipmaps from Image. Internal format is PF_X8R8G8B8,512x512x1.
13:48:01: Texture: stormy_dn.jpg: Loading 1 faces(PF_R8G8B8,512x512x1) with 5 hardware generated mipmaps from Image. Internal format is PF_X8R8G8B8,512x512x1.
13:48:01: Texture: rockwall.tga: Loading 1 faces(PF_R8G8B8,256x256x1) with 5 hardware generated mipmaps from Image. Internal format is PF_X8R8G8B8,256x256x1.
13:48:01: Mesh: Loading alienship.mesh.
13:48:01: Can't assign material al-1 to SubEntity of Ogre/MO3 because this Material does not exist. Have you forgotten to define it in a .material script?
13:48:01: Can't assign material al-1 to SubEntity of Ogre/MO4 because this Material does not exist. Have you forgotten to define it in a .material script?
13:48:01: Can't assign material al-1 to SubEntity of Ogre/MO5 because this Material does not exist. Have you forgotten to define it in a .material script?
13:48:01: Can't assign material al-1 to SubEntity of Ogre/MO6 because this Material does not exist. Have you forgotten to define it in a .material script?
13:48:01: Can't assign material al-1 to SubEntity of Ogre/MO7 because this Material does not exist. Have you forgotten to define it in a .material script?
13:48:01: Can't assign material al-1 to SubEntity of Ogre/MO8 because this Material does not exist. Have you forgotten to define it in a .material script?
13:48:01: Can't assign material al-1 to SubEntity of Ogre/MO9 because this Material does not exist. Have you forgotten to define it in a .material script?
13:48:01: Can't assign material al-1 to SubEntity of Ogre/MO10 because this Material does not exist. Have you forgotten to define it in a .material script?
13:48:01: Can't assign material al-1 to SubEntity of Ogre/MO11 because this Material does not exist. Have you forgotten to define it in a .material script?
13:48:01: Can't assign material al-1 to SubEntity of Ogre/MO12 because this Material does not exist. Have you forgotten to define it in a .material script?
13:48:01: Can't assign material al-1 to SubEntity of Ogre/MO13 because this Material does not exist. Have you forgotten to define it in a .material script?
13:48:01: Can't assign material al-1 to SubEntity of Ogre/MO14 because this Material does not exist. Have you forgotten to define it in a .material script?
13:48:01: Can't assign material al-1 to SubEntity of Ogre/MO15 because this Material does not exist. Have you forgotten to define it in a .material script?
13:48:01: Can't assign material al-1 to SubEntity of Ogre/MO16 because this Material does not exist. Have you forgotten to define it in a .material script?
13:48:01: Can't assign material al-1 to SubEntity of Ogre/MO17 because this Material does not exist. Have you forgotten to define it in a .material script?
13:48:01: Can't assign material al-1 to SubEntity of Ogre/MO18 because this Material does not exist. Have you forgotten to define it in a .material script?
13:48:01: Can't assign material al-1 to SubEntity of Ogre/MO19 because this Material does not exist. Have you forgotten to define it in a .material script?
13:48:01: Can't assign material al-1 to SubEntity of Ogre/MO20 because this Material does not exist. Have you forgotten to define it in a .material script?
13:48:01: Can't assign material al-1 to SubEntity of Ogre/MO21 because this Material does not exist. Have you forgotten to define it in a .material script?
13:48:01: Can't assign material al-1 to SubEntity of Ogre/MO22 because this Material does not exist. Have you forgotten to define it in a .material script?
13:48:01: Can't assign material al-1 to SubEntity of Ogre/MO23 because this Material does not exist. Have you forgotten to define it in a .material script?
13:48:01: Can't assign material al-1 to SubEntity of Ogre/MO24 because this Material does not exist. Have you forgotten to define it in a .material script?
13:48:01: Can't assign material al-1 to SubEntity of Ogre/MO25 because this Material does not exist. Have you forgotten to define it in a .material script?
13:48:01: Can't assign material al-1 to SubEntity of Ogre/MO26 because this Material does not exist. Have you forgotten to define it in a .material script?
13:48:01: Can't assign material al-1 to SubEntity of Ogre/MO27 because this Material does not exist. Have you forgotten to define it in a .material script?
13:48:01: Can't assign material al-1 to SubEntity of Ogre/MO28 because this Material does not exist. Have you forgotten to define it in a .material script?
13:48:01: Can't assign material al-1 to SubEntity of Ogre/MO29 because this Material does not exist. Have you forgotten to define it in a .material script?
13:48:01: Can't assign material al-1 to SubEntity of Ogre/MO30 because this Material does not exist. Have you forgotten to define it in a .material script?
13:48:01: Can't assign material al-1 to SubEntity of Ogre/MO31 because this Material does not exist. Have you forgotten to define it in a .material script?
13:48:01: Can't assign material al-1 to SubEntity of Ogre/MO32 because this Material does not exist. Have you forgotten to define it in a .material script?
13:48:01: Can't assign material al-1 to SubEntity of Ogre/MO33 because this Material does not exist. Have you forgotten to define it in a .material script?
13:48:01: Can't assign material al-1 to SubEntity of Ogre/MO34 because this Material does not exist. Have you forgotten to define it in a .material script?
13:48:01: Can't assign material al-1 to SubEntity of Ogre/MO35 because this Material does not exist. Have you forgotten to define it in a .material script?
13:48:01: Can't assign material al-1 to SubEntity of Ogre/MO36 because this Material does not exist. Have you forgotten to define it in a .material script?
13:48:01: Can't assign material al-1 to SubEntity of Ogre/MO37 because this Material does not exist. Have you forgotten to define it in a .material script?
13:48:01: Can't assign material al-1 to SubEntity of Ogre/MO38 because this Material does not exist. Have you forgotten to define it in a .material script?
13:48:01: Can't assign material al-1 to SubEntity of Ogre/MO39 because this Material does not exist. Have you forgotten to define it in a .material script?
13:48:01: Can't assign material al-1 to SubEntity of Ogre/MO40 because this Material does not exist. Have you forgotten to define it in a .material script?
13:48:01: Can't assign material al-1 to SubEntity of Ogre/MO41 because this Material does not exist. Have you forgotten to define it in a .material script?
13:48:01: Can't assign material al-1 to SubEntity of Ogre/MO42 because this Material does not exist. Have you forgotten to define it in a .material script?
13:48:01: Can't assign material al-1 to SubEntity of Ogre/MO43 because this Material does not exist. Have you forgotten to define it in a .material script?
13:48:01: Can't assign material al-1 to SubEntity of Ogre/MO44 because this Material does not exist. Have you forgotten to define it in a .material script?
13:48:01: Can't assign material al-1 to SubEntity of Ogre/MO45 because this Material does not exist. Have you forgotten to define it in a .material script?
13:48:01: Can't assign material al-1 to SubEntity of Ogre/MO46 because this Material does not exist. Have you forgotten to define it in a .material script?
13:48:01: Can't assign material al-1 to SubEntity of Ogre/MO47 because this Material does not exist. Have you forgotten to define it in a .material script?
13:48:01: Can't assign material al-1 to SubEntity of Ogre/MO48 because this Material does not exist. Have you forgotten to define it in a .material script?
13:48:01: Can't assign material al-1 to SubEntity of Ogre/MO49 because this Material does not exist. Have you forgotten to define it in a .material script?
13:48:01: Can't assign material al-1 to SubEntity of Ogre/MO50 because this Material does not exist. Have you forgotten to define it in a .material script?
13:48:01: Can't assign material al-1 to SubEntity of Ogre/MO51 because this Material does not exist. Have you forgotten to define it in a .material script?
13:48:01: Can't assign material al-1 to SubEntity of Ogre/MO52 because this Material does not exist. Have you forgotten to define it in a .material script?
13:48:01: Can't assign material al-1 to SubEntity of Ogre/MO53 because this Material does not exist. Have you forgotten to define it in a .material script?
13:48:01: Can't assign material al-1 to SubEntity of Ogre/MO54 because this Material does not exist. Have you forgotten to define it in a .material script?
13:48:01: Can't assign material al-1 to SubEntity of Ogre/MO55 because this Material does not exist. Have you forgotten to define it in a .material script?
13:48:01: Can't assign material al-1 to SubEntity of Ogre/MO56 because this Material does not exist. Have you forgotten to define it in a .material script?
13:48:01: Can't assign material al-1 to SubEntity of Ogre/MO57 because this Material does not exist. Have you forgotten to define it in a .material script?
13:48:01: Can't assign material al-1 to SubEntity of Ogre/MO58 because this Material does not exist. Have you forgotten to define it in a .material script?
13:48:01: Can't assign material al-1 to SubEntity of Ogre/MO59 because this Material does not exist. Have you forgotten to define it in a .material script?
13:48:01: Can't assign material al-1 to SubEntity of Ogre/MO60 because this Material does not exist. Have you forgotten to define it in a .material script?
13:48:01: Can't assign material al-1 to SubEntity of Ogre/MO61 because this Material does not exist. Have you forgotten to define it in a .material script?
13:48:01: Can't assign material al-1 to SubEntity of Ogre/MO62 because this Material does not exist. Have you forgotten to define it in a .material script?
13:48:01: Can't assign material al-1 to SubEntity of Ogre/MO63 because this Material does not exist. Have you forgotten to define it in a .material script?
13:48:01: Can't assign material al-1 to SubEntity of Ogre/MO64 because this Material does not exist. Have you forgotten to define it in a .material script?
13:48:01: Can't assign material al-1 to SubEntity of Ogre/MO65 because this Material does not exist. Have you forgotten to define it in a .material script?
13:48:01: Can't assign material al-1 to SubEntity of Ogre/MO66 because this Material does not exist. Have you forgotten to define it in a .material script?
13:48:01: Can't assign material al-1 to SubEntity of Ogre/MO67 because this Material does not exist. Have you forgotten to define it in a .material script?
13:48:01: Can't assign material al-1 to SubEntity of Ogre/MO68 because this Material does not exist. Have you forgotten to define it in a .material script?
13:48:01: Can't assign material al-1 to SubEntity of Ogre/MO69 because this Material does not exist. Have you forgotten to define it in a .material script?
13:48:01: Can't assign material al-1 to SubEntity of Ogre/MO70 because this Material does not exist. Have you forgotten to define it in a .material script?
13:48:01: Can't assign material al-1 to SubEntity of Ogre/MO71 because this Material does not exist. Have you forgotten to define it in a .material script?
13:48:01: Can't assign material al-1 to SubEntity of Ogre/MO72 because this Material does not exist. Have you forgotten to define it in a .material script?
13:48:01: Can't assign material al-1 to SubEntity of Ogre/MO73 because this Material does not exist. Have you forgotten to define it in a .material script?
13:48:01: Can't assign material al-1 to SubEntity of Ogre/MO74 because this Material does not exist. Have you forgotten to define it in a .material script?
13:48:01: Can't assign material al-1 to SubEntity of Ogre/MO75 because this Material does not exist. Have you forgotten to define it in a .material script?
13:48:01: Can't assign material al-1 to SubEntity of Ogre/MO76 because this Material does not exist. Have you forgotten to define it in a .material script?
13:48:01: Can't assign material al-1 to SubEntity of Ogre/MO77 because this Material does not exist. Have you forgotten to define it in a .material script?
13:48:01: Can't assign material al-1 to SubEntity of Ogre/MO78 because this Material does not exist. Have you forgotten to define it in a .material script?
13:48:01: Can't assign material al-1 to SubEntity of Ogre/MO79 because this Material does not exist. Have you forgotten to define it in a .material script?
13:48:01: Can't assign material al-1 to SubEntity of Ogre/MO80 because this Material does not exist. Have you forgotten to define it in a .material script?
13:48:01: Can't assign material al-1 to SubEntity of Ogre/MO81 because this Material does not exist. Have you forgotten to define it in a .material script?
13:48:01: Can't assign material al-1 to SubEntity of Ogre/MO82 because this Material does not exist. Have you forgotten to define it in a .material script?
13:48:01: Can't assign material al-1 to SubEntity of Ogre/MO83 because this Material does not exist. Have you forgotten to define it in a .material script?
13:48:01: Can't assign material al-1 to SubEntity of Ogre/MO84 because this Material does not exist. Have you forgotten to define it in a .material script?
13:48:01: Can't assign material al-1 to SubEntity of Ogre/MO85 because this Material does not exist. Have you forgotten to define it in a .material script?
13:48:01: Can't assign material al-1 to SubEntity of Ogre/MO86 because this Material does not exist. Have you forgotten to define it in a .material script?
13:48:01: Can't assign material al-1 to SubEntity of Ogre/MO87 because this Material does not exist. Have you forgotten to define it in a .material script?
13:48:01: Can't assign material al-1 to SubEntity of Ogre/MO88 because this Material does not exist. Have you forgotten to define it in a .material script?
13:48:01: Can't assign material al-1 to SubEntity of Ogre/MO89 because this Material does not exist. Have you forgotten to define it in a .material script?
13:48:01: Can't assign material al-1 to SubEntity of Ogre/MO90 because this Material does not exist. Have you forgotten to define it in a .material script?
13:48:01: Can't assign material al-1 to SubEntity of Ogre/MO91 because this Material does not exist. Have you forgotten to define it in a .material script?
13:48:01: Can't assign material al-1 to SubEntity of Ogre/MO92 because this Material does not exist. Have you forgotten to define it in a .material script?
13:48:01: Can't assign material al-1 to SubEntity of Ogre/MO93 because this Material does not exist. Have you forgotten to define it in a .material script?
13:48:01: Can't assign material al-1 to SubEntity of Ogre/MO94 because this Material does not exist. Have you forgotten to define it in a .material script?
13:48:01: Can't assign material al-1 to SubEntity of Ogre/MO95 because this Material does not exist. Have you forgotten to define it in a .material script?
13:48:01: Can't assign material al-1 to SubEntity of Ogre/MO96 because this Material does not exist. Have you forgotten to define it in a .material script?
13:48:01: Can't assign material al-1 to SubEntity of Ogre/MO97 because this Material does not exist. Have you forgotten to define it in a .material script?
13:48:01: Can't assign material al-1 to SubEntity of Ogre/MO98 because this Material does not exist. Have you forgotten to define it in a .material script?
13:48:01: Can't assign material al-1 to SubEntity of Ogre/MO99 because this Material does not exist. Have you forgotten to define it in a .material script?
13:48:01: Can't assign material al-1 to SubEntity of Ogre/MO100 because this Material does not exist. Have you forgotten to define it in a .material script?
13:48:01: Can't assign material al-1 to SubEntity of Ogre/MO101 because this Material does not exist. Have you forgotten to define it in a .material script?
13:48:01: Can't assign material al-1 to SubEntity of Ogre/MO102 because this Material does not exist. Have you forgotten to define it in a .material script?
13:48:01: *** Initializing OIS ***
13:48:01: Texture: spot_shadow_fade.png: Loading 1 faces(PF_R8G8B8,128x128x1) with 5 hardware generated mipmaps from Image. Internal format is PF_X8R8G8B8,128x128x1.
13:48:01: Font SdkTrays/Caption using texture size 512x256
13:48:01: Info: Freetype returned null for character 160 in font SdkTrays/Caption
13:48:01: Texture: SdkTrays/CaptionTexture: Loading 1 faces(PF_BYTE_LA,512x256x1) Internal format is PF_BYTE_LA,512x256x1.
13:48:01: Font SdkTrays/Value using texture size 512x256
13:48:01: Info: Freetype returned null for character 127 in font SdkTrays/Value
13:48:01: Info: Freetype returned null for character 128 in font SdkTrays/Value
13:48:01: Info: Freetype returned null for character 129 in font SdkTrays/Value
13:48:01: Info: Freetype returned null for character 130 in font SdkTrays/Value
13:48:01: Info: Freetype returned null for character 131 in font SdkTrays/Value
13:48:01: Info: Freetype returned null for character 132 in font SdkTrays/Value
13:48:01: Info: Freetype returned null for character 133 in font SdkTrays/Value
13:48:01: Info: Freetype returned null for character 134 in font SdkTrays/Value
13:48:01: Info: Freetype returned null for character 135 in font SdkTrays/Value
13:48:01: Info: Freetype returned null for character 136 in font SdkTrays/Value
13:48:01: Info: Freetype returned null for character 137 in font SdkTrays/Value
13:48:01: Info: Freetype returned null for character 138 in font SdkTrays/Value
13:48:01: Info: Freetype returned null for character 139 in font SdkTrays/Value
13:48:01: Info: Freetype returned null for character 140 in font SdkTrays/Value
13:48:01: Info: Freetype returned null for character 141 in font SdkTrays/Value
13:48:01: Info: Freetype returned null for character 142 in font SdkTrays/Value
13:48:01: Info: Freetype returned null for character 143 in font SdkTrays/Value
13:48:01: Info: Freetype returned null for character 144 in font SdkTrays/Value
13:48:01: Info: Freetype returned null for character 145 in font SdkTrays/Value
13:48:01: Info: Freetype returned null for character 146 in font SdkTrays/Value
13:48:01: Info: Freetype returned null for character 147 in font SdkTrays/Value
13:48:01: Info: Freetype returned null for character 148 in font SdkTrays/Value
13:48:01: Info: Freetype returned null for character 149 in font SdkTrays/Value
13:48:01: Info: Freetype returned null for character 150 in font SdkTrays/Value
13:48:01: Info: Freetype returned null for character 151 in font SdkTrays/Value
13:48:01: Info: Freetype returned null for character 152 in font SdkTrays/Value
13:48:01: Info: Freetype returned null for character 153 in font SdkTrays/Value
13:48:01: Info: Freetype returned null for character 154 in font SdkTrays/Value
13:48:01: Info: Freetype returned null for character 155 in font SdkTrays/Value
13:48:01: Info: Freetype returned null for character 156 in font SdkTrays/Value
13:48:01: Info: Freetype returned null for character 157 in font SdkTrays/Value
13:48:01: Info: Freetype returned null for character 158 in font SdkTrays/Value
13:48:01: Info: Freetype returned null for character 159 in font SdkTrays/Value
13:48:01: Info: Freetype returned null for character 160 in font SdkTrays/Value
13:48:01: Texture: SdkTrays/ValueTexture: Loading 1 faces(PF_BYTE_LA,512x256x1) Internal format is PF_BYTE_LA,512x256x1.
13:48:02: Unregistering ResourceManager for type Font
13:48:02: DefaultWorkQueue('Root') shutting down on thread 7f0855234800.
13:48:02: DefaultWorkQueue('Root')::WorkerFunc - thread 7f084197e700 stopped.
13:48:02: PCZone Factory Type 'ZoneType_Octree' unregistered
13:48:02: Unregistering ResourceManager for type BspLevel
13:48:02: *-*-* OGRE Shutdown
13:48:02: Unregistering ResourceManager for type Compositor
13:48:02: Unregistering ResourceManager for type Skeleton
13:48:02: Unregistering ResourceManager for type Mesh
13:48:02: Unregistering ResourceManager for type HighLevelGpuProgram
13:48:02: Uninstalling plugin: Octree Scene Manager
13:48:02: Plugin successfully uninstalled
13:48:02: Unloading library /usr/local/lib/OGRE/Plugin_OctreeSceneManager
13:48:02: Uninstalling plugin: Octree Zone Factory
13:48:02: Plugin successfully uninstalled
13:48:02: Unloading library /usr/local/lib/OGRE/Plugin_OctreeZone
13:48:02: Uninstalling plugin: Portal Connected Zone Scene Manager
13:48:02: Plugin successfully uninstalled
13:48:02: Unloading library /usr/local/lib/OGRE/Plugin_PCZSceneManager
13:48:02: Uninstalling plugin: Cg Program Manager
13:48:02: Plugin successfully uninstalled
13:48:02: Unloading library /usr/local/lib/OGRE/Plugin_CgProgramManager
13:48:02: Uninstalling plugin: BSP Scene Manager
13:48:02: Plugin successfully uninstalled
13:48:02: Unloading library /usr/local/lib/OGRE/Plugin_BSPSceneManager
13:48:02: Uninstalling plugin: ParticleFX
13:48:02: Plugin successfully uninstalled
13:48:02: Unloading library /usr/local/lib/OGRE/Plugin_ParticleFX
13:48:02: Uninstalling plugin: GL RenderSystem
13:48:02: Unregistering ResourceManager for type GpuProgram
13:48:02: ******************************
*** Stopping GLX Subsystem ***
******************************
13:48:02: Unregistering ResourceManager for type Texture
13:48:02: Plugin successfully uninstalled
13:48:02: Unloading library /usr/local/lib/OGRE/RenderSystem_GL
13:48:02: Unregistering ResourceManager for type Material
