21:17:32: Creating resource group General
21:17:32: Creating resource group Internal
21:17:32: Creating resource group Autodetect
21:17:32: SceneManagerFactory for type 'DefaultSceneManager' registered.
21:17:32: Registering ResourceManager for type Material
21:17:32: Registering ResourceManager for type Mesh
21:17:32: Registering ResourceManager for type Skeleton
21:17:32: MovableObjectFactory for type 'ParticleSystem' registered.
21:17:32: ArchiveFactory for archive type FileSystem registered.
21:17:32: ArchiveFactory for archive type Zip registered.
21:17:32: ArchiveFactory for archive type EmbeddedZip registered.
21:17:32: DDS codec registering
21:17:32: FreeImage version: 3.17.0
21:17:32: This program uses FreeImage, a free, open source image library supporting all common bitmap formats. See http://freeimage.sourceforge.net for details
21:17:32: Supported formats: bmp,ico,jpg,jif,jpeg,jpe,jng,koa,iff,lbm,mng,pbm,pbm,pcd,pcx,pgm,pgm,png,ppm,ppm,ras,tga,targa,tif,tiff,wap,wbmp,wbm,psd,cut,xbm,xpm,gif,hdr,sgi,rgb,rgba,bw,exr,j2k,j2c,jp2,pfm,pct,pict,pic,3fr,arw,bay,bmq,cap,cine,cr2,crw,cs1,dc2,dcr,drf,dsc,dng,erf,fff,ia,iiq,k25,kc2,kdc,mdc,mef,mos,mrw,nef,nrw,orf,pef,ptx,pxn,qtk,raf,raw,rdc,rw2,rwl,rwz,sr2,srf,srw,sti,x3f,webp,jxr,wdp,hdp
21:17:32: Registering ResourceManager for type HighLevelGpuProgram
21:17:32: Registering ResourceManager for type Compositor
21:17:32: MovableObjectFactory for type 'Entity' registered.
21:17:32: MovableObjectFactory for type 'Light' registered.
21:17:32: MovableObjectFactory for type 'BillboardSet' registered.
21:17:32: MovableObjectFactory for type 'ManualObject' registered.
21:17:32: MovableObjectFactory for type 'BillboardChain' registered.
21:17:32: MovableObjectFactory for type 'RibbonTrail' registered.
21:17:32: Loading library /usr/local/lib/OGRE/RenderSystem_GL
21:17:32: Installing plugin: GL RenderSystem
21:17:32: OpenGL Rendering Subsystem created.
21:17:33: Plugin successfully installed
21:17:33: Loading library /usr/local/lib/OGRE/Plugin_ParticleFX
21:17:33: Installing plugin: ParticleFX
21:17:33: Particle Emitter Type 'Point' registered
21:17:33: Particle Emitter Type 'Box' registered
21:17:33: Particle Emitter Type 'Ellipsoid' registered
21:17:33: Particle Emitter Type 'Cylinder' registered
21:17:33: Particle Emitter Type 'Ring' registered
21:17:33: Particle Emitter Type 'HollowEllipsoid' registered
21:17:33: Particle Affector Type 'LinearForce' registered
21:17:33: Particle Affector Type 'ColourFader' registered
21:17:33: Particle Affector Type 'ColourFader2' registered
21:17:33: Particle Affector Type 'ColourImage' registered
21:17:33: Particle Affector Type 'ColourInterpolator' registered
21:17:33: Particle Affector Type 'Scaler' registered
21:17:33: Particle Affector Type 'Rotator' registered
21:17:33: Particle Affector Type 'DirectionRandomiser' registered
21:17:33: Particle Affector Type 'DeflectorPlane' registered
21:17:33: Plugin successfully installed
21:17:33: Loading library /usr/local/lib/OGRE/Plugin_BSPSceneManager
21:17:33: Installing plugin: BSP Scene Manager
21:17:33: Plugin successfully installed
21:17:33: Loading library /usr/local/lib/OGRE/Plugin_CgProgramManager
21:17:33: Installing plugin: Cg Program Manager
21:17:33: Plugin successfully installed
21:17:33: Loading library /usr/local/lib/OGRE/Plugin_PCZSceneManager
21:17:33: Installing plugin: Portal Connected Zone Scene Manager
21:17:33: PCZone Factory Type 'ZoneType_Default' registered
21:17:33: Plugin successfully installed
21:17:33: Loading library /usr/local/lib/OGRE/Plugin_OctreeZone
21:17:33: Installing plugin: Octree Zone Factory
21:17:33: Plugin successfully installed
21:17:33: Loading library /usr/local/lib/OGRE/Plugin_OctreeSceneManager
21:17:33: Installing plugin: Octree Scene Manager
21:17:33: Plugin successfully installed
21:17:33: *-*-* OGRE Initialising
21:17:33: *-*-* Version 1.9.0 (Ghadamon)
21:17:33: Added resource location '/usr/local/share/OGRE/Media/thumbnails' of type 'FileSystem' to resource group 'General'
21:17:33: Added resource location '/usr/local/share/OGRE/Media/packs/SdkTrays.zip' of type 'Zip' to resource group 'General'
21:17:33: Added resource location '/usr/local/share/OGRE/Media/packs/profiler.zip' of type 'Zip' to resource group 'General'
21:17:33: Added resource location '/usr/local/share/OGRE/Media' of type 'FileSystem' to resource group 'General'
21:17:33: Added resource location '/usr/local/share/OGRE/Media/fonts' of type 'FileSystem' to resource group 'General'
21:17:33: Added resource location '/usr/local/share/OGRE/Media/materials/programs' of type 'FileSystem' to resource group 'General'
21:17:33: Added resource location '/usr/local/share/OGRE/Media/materials/programs/Cg' of type 'FileSystem' to resource group 'General'
21:17:33: Added resource location '/usr/local/share/OGRE/Media/materials/programs/GLSL' of type 'FileSystem' to resource group 'General'
21:17:33: Added resource location '/usr/local/share/OGRE/Media/materials/programs/GLSL150' of type 'FileSystem' to resource group 'General'
21:17:33: Added resource location '/usr/local/share/OGRE/Media/materials/programs/GLSL400' of type 'FileSystem' to resource group 'General'
21:17:33: Added resource location '/usr/local/share/OGRE/Media/materials/programs/HLSL' of type 'FileSystem' to resource group 'General'
21:17:33: Added resource location '/usr/local/share/OGRE/Media/materials/programs/HLSL_Cg' of type 'FileSystem' to resource group 'General'
21:17:33: Added resource location '/usr/local/share/OGRE/Media/materials/scripts' of type 'FileSystem' to resource group 'General'
21:17:33: Added resource location '/usr/local/share/OGRE/Media/materials/textures' of type 'FileSystem' to resource group 'General'
21:17:33: Added resource location '/usr/local/share/OGRE/Media/materials/textures/nvidia' of type 'FileSystem' to resource group 'General'
21:17:33: Added resource location '/usr/local/share/OGRE/Media/models' of type 'FileSystem' to resource group 'General'
21:17:33: Added resource location '/usr/local/share/OGRE/Media/particle' of type 'FileSystem' to resource group 'General'
21:17:33: Added resource location '/usr/local/share/OGRE/Media/DeferredShadingMedia' of type 'FileSystem' to resource group 'General'
21:17:33: Added resource location '/usr/local/share/OGRE/Media/PCZAppMedia' of type 'FileSystem' to resource group 'General'
21:17:33: Added resource location '/usr/local/share/OGRE/Media/RTShaderLib' of type 'FileSystem' to resource group 'General'
21:17:33: Added resource location '/usr/local/share/OGRE/Media/RTShaderLib/Cg' of type 'FileSystem' to resource group 'General'
21:17:33: Added resource location '/usr/local/share/OGRE/Media/RTShaderLib/GLSL' of type 'FileSystem' to resource group 'General'
21:17:33: Added resource location '/usr/local/share/OGRE/Media/RTShaderLib/GLSL150' of type 'FileSystem' to resource group 'General'
21:17:33: Added resource location '/usr/local/share/OGRE/Media/RTShaderLib/HLSL' of type 'FileSystem' to resource group 'General'
21:17:33: Added resource location '/usr/local/share/OGRE/Media/RTShaderLib/materials' of type 'FileSystem' to resource group 'General'
21:17:33: Added resource location '/usr/local/share/OGRE/Media/materials/scripts/SSAO' of type 'FileSystem' to resource group 'General'
21:17:33: Added resource location '/usr/local/share/OGRE/Media/materials/textures/SSAO' of type 'FileSystem' to resource group 'General'
21:17:33: Added resource location '/usr/local/share/OGRE/Media/volumeTerrain' of type 'FileSystem' to resource group 'General'
21:17:33: Added resource location '/usr/local/share/OGRE/Media/PBR' of type 'FileSystem' to resource group 'General'
21:17:33: Added resource location 'meshes' of type 'FileSystem' to resource group 'General'
21:17:33: Added resource location '/usr/local/share/OGRE/Media/packs/cubemap.zip' of type 'Zip' to resource group 'General'
21:17:33: Added resource location '/usr/local/share/OGRE/Media/packs/cubemapsJS.zip' of type 'Zip' to resource group 'General'
21:17:33: Added resource location '/usr/local/share/OGRE/Media/packs/dragon.zip' of type 'Zip' to resource group 'General'
21:17:33: Added resource location '/usr/local/share/OGRE/Media/packs/fresneldemo.zip' of type 'Zip' to resource group 'General'
21:17:33: Added resource location '/usr/local/share/OGRE/Media/packs/ogretestmap.zip' of type 'Zip' to resource group 'General'
21:17:33: Added resource location '/usr/local/share/OGRE/Media/packs/ogredance.zip' of type 'Zip' to resource group 'General'
21:17:33: Added resource location '/usr/local/share/OGRE/Media/packs/Sinbad.zip' of type 'Zip' to resource group 'General'
21:17:33: Added resource location '/usr/local/share/OGRE/Media/packs/skybox.zip' of type 'Zip' to resource group 'General'
21:17:33: Added resource location '/usr/local/share/OGRE/Media/volumeTerrain/volumeTerrainBig.zip' of type 'Zip' to resource group 'General'
21:17:33: Added resource location '/usr/local/Tests/Media' of type 'FileSystem' to resource group 'General'
21:17:33: CPU Identifier & Features
21:17:33: -------------------------
21:17:33:  *   CPU ID: GenuineIntel: Intel(R) Core(TM) i5-5287U CPU @ 2.90GHz
21:17:33:  *      SSE: yes
21:17:33:  *     SSE2: yes
21:17:33:  *     SSE3: yes
21:17:33:  *      MMX: yes
21:17:33:  *   MMXEXT: yes
21:17:33:  *    3DNOW: no
21:17:33:  * 3DNOWEXT: no
21:17:33:  *     CMOV: yes
21:17:33:  *      TSC: yes
21:17:33:  *      FPU: yes
21:17:33:  *      PRO: yes
21:17:33:  *       HT: no
21:17:33: -------------------------
21:17:33: ******************************
*** Starting GLX Subsystem ***
******************************
21:17:33: Registering ResourceManager for type Texture
21:17:33: GLRenderSystem::_createRenderWindow "TutorialApplication Render Window", 640x480 windowed  miscParams: FSAA=0 displayFrequency=60 Hz gamma=No vsync=No 
21:17:33: GLXWindow::create used FBConfigID = 163
21:17:33: GL_VERSION = 3.0 Mesa 18.0.5
21:17:33: GL_VENDOR = VMware, Inc.
21:17:33: GL_RENDERER = SVGA3D; build: RELEASE;  LLVM;
21:17:33: GL_EXTENSIONS = GL_AMD_conservative_depth GL_AMD_shader_trinary_minmax GL_ANGLE_texture_compression_dxt3 GL_ANGLE_texture_compression_dxt5 GL_APPLE_packed_pixels GL_ARB_ES2_compatibility GL_ARB_ES3_compatibility GL_ARB_arrays_of_arrays GL_ARB_blend_func_extended GL_ARB_clear_buffer_object GL_ARB_clear_texture GL_ARB_color_buffer_float GL_ARB_compressed_texture_pixel_storage GL_ARB_conservative_depth GL_ARB_copy_buffer GL_ARB_copy_image GL_ARB_debug_output GL_ARB_depth_buffer_float GL_ARB_depth_clamp GL_ARB_depth_texture GL_ARB_draw_buffers GL_ARB_draw_elements_base_vertex GL_ARB_draw_instanced GL_ARB_explicit_attrib_location GL_ARB_explicit_uniform_location GL_ARB_fragment_coord_conventions GL_ARB_fragment_program GL_ARB_fragment_program_shadow GL_ARB_fragment_shader GL_ARB_framebuffer_object GL_ARB_framebuffer_sRGB GL_ARB_get_program_binary GL_ARB_get_texture_sub_image GL_ARB_half_float_pixel GL_ARB_half_float_vertex GL_ARB_instanced_arrays GL_ARB_internalformat_query GL_ARB_internalformat_query2 GL_ARB_invalidate_subdata GL_ARB_map_buffer_alignment GL_ARB_map_buffer_range GL_ARB_multi_bind GL_ARB_multisample GL_ARB_multitexture GL_ARB_occlusion_query GL_ARB_occlusion_query2 GL_ARB_pixel_buffer_object GL_ARB_point_parameters GL_ARB_point_sprite GL_ARB_program_interface_query GL_ARB_provoking_vertex GL_ARB_robustness GL_ARB_sampler_objects GL_ARB_seamless_cube_map GL_ARB_separate_shader_objects GL_ARB_shader_bit_encoding GL_ARB_shader_objects GL_ARB_shader_texture_lod GL_ARB_shading_language_100 GL_ARB_shading_language_420pack GL_ARB_shading_language_packing GL_ARB_shadow GL_ARB_sync GL_ARB_texture_border_clamp GL_ARB_texture_buffer_object GL_ARB_texture_compression GL_ARB_texture_compression_rgtc GL_ARB_texture_cube_map GL_ARB_texture_env_add GL_ARB_texture_env_combine GL_ARB_texture_env_crossbar GL_ARB_texture_env_dot3 GL_ARB_texture_filter_anisotropic GL_ARB_texture_float GL_ARB_texture_mirrored_repeat GL_ARB_texture_multisample GL_ARB_texture_non_power_of_two GL_ARB_texture_query_levels GL_ARB_texture_rectangle GL_ARB_texture_rg GL_ARB_texture_rgb10_a2ui GL_ARB_texture_storage GL_ARB_texture_storage_multisample GL_ARB_texture_swizzle GL_ARB_timer_query GL_ARB_transpose_matrix GL_ARB_uniform_buffer_object GL_ARB_vertex_array_bgra GL_ARB_vertex_array_object GL_ARB_vertex_attrib_binding GL_ARB_vertex_buffer_object GL_ARB_vertex_program GL_ARB_vertex_shader GL_ARB_vertex_type_2_10_10_10_rev GL_ARB_window_pos GL_ATI_blend_equation_separate GL_ATI_draw_buffers GL_ATI_fragment_shader GL_ATI_separate_stencil GL_ATI_texture_env_combine3 GL_ATI_texture_float GL_EXT_abgr GL_EXT_bgra GL_EXT_blend_color GL_EXT_blend_equation_separate GL_EXT_blend_func_separate GL_EXT_blend_minmax GL_EXT_blend_subtract GL_EXT_compiled_vertex_array GL_EXT_copy_texture GL_EXT_draw_buffers2 GL_EXT_draw_instanced GL_EXT_draw_range_elements GL_EXT_fog_coord GL_EXT_framebuffer_blit GL_EXT_framebuffer_multisample GL_EXT_framebuffer_multisample_blit_scaled GL_EXT_framebuffer_object GL_EXT_framebuffer_sRGB GL_EXT_gpu_program_parameters GL_EXT_multi_draw_arrays GL_EXT_packed_depth_stencil GL_EXT_packed_float GL_EXT_packed_pixels GL_EXT_pixel_buffer_object GL_EXT_point_parameters GL_EXT_polygon_offset GL_EXT_provoking_vertex GL_EXT_rescale_normal GL_EXT_secondary_color GL_EXT_separate_specular_color GL_EXT_shader_integer_mix GL_EXT_shadow_funcs GL_EXT_stencil_two_side GL_EXT_stencil_wrap GL_EXT_subtexture GL_EXT_texture GL_EXT_texture3D GL_EXT_texture_array GL_EXT_texture_compression_dxt1 GL_EXT_texture_compression_rgtc GL_EXT_texture_compression_s3tc GL_EXT_texture_cube_map GL_EXT_texture_edge_clamp GL_EXT_texture_env_add GL_EXT_texture_env_combine GL_EXT_texture_env_dot3 GL_EXT_texture_filter_anisotropic GL_EXT_texture_integer GL_EXT_texture_lod_bias GL_EXT_texture_object GL_EXT_texture_rectangle GL_EXT_texture_sRGB GL_EXT_texture_sRGB_decode GL_EXT_texture_shared_exponent GL_EXT_texture_snorm GL_EXT_texture_swizzle GL_EXT_timer_query GL_EXT_transform_feedback GL_EXT_vertex_array GL_EXT_vertex_array_bgra GL_IBM_multimode_draw_arrays GL_IBM_rasterpos_clip GL_IBM_texture_mirrored_repeat GL_INGR_blend_func_separate GL_KHR_context_flush_control GL_KHR_debug GL_KHR_no_error GL_MESA_pack_invert GL_MESA_shader_integer_functions GL_MESA_texture_signed_rgba GL_MESA_window_pos GL_NV_blend_square GL_NV_conditional_render GL_NV_depth_clamp GL_NV_fog_distance GL_NV_light_max_exponent GL_NV_packed_depth_stencil GL_NV_primitive_restart GL_NV_texgen_reflection GL_NV_texture_env_combine4 GL_NV_texture_rectangle GL_OES_EGL_image GL_OES_read_format GL_S3_s3tc GL_SGIS_generate_mipmap GL_SGIS_texture_border_clamp GL_SGIS_texture_edge_clamp GL_SGIS_texture_lod GL_SUN_multi_draw_arrays 
21:17:33: Supported GLX extensions: GLX_ARB_create_context GLX_ARB_create_context_profile GLX_ARB_fbconfig_float GLX_ARB_framebuffer_sRGB GLX_ARB_get_proc_address GLX_ARB_multisample GLX_EXT_create_context_es2_profile GLX_EXT_create_context_es_profile GLX_EXT_fbconfig_packed_float GLX_EXT_framebuffer_sRGB GLX_EXT_import_context GLX_EXT_texture_from_pixmap GLX_EXT_visual_info GLX_EXT_visual_rating GLX_MESA_copy_sub_buffer GLX_MESA_multithread_makecurrent GLX_MESA_query_renderer GLX_MESA_swap_control GLX_OML_swap_method GLX_SGIS_multisample GLX_SGIX_fbconfig GLX_SGIX_pbuffer GLX_SGIX_visual_select_group GLX_SGI_make_current_read GLX_SGI_video_sync 
21:17:33: ***************************
21:17:33: *** GL Renderer Started ***
21:17:33: ***************************
21:17:33: Registering ResourceManager for type GpuProgram
21:17:33: GLSL support detected
21:17:33: GL: Using GL_EXT_framebuffer_object for rendering to textures (best)
21:17:33: FBO PF_UNKNOWN depth/stencil support: D0S1 D0S4 D0S8 D0S16 D16S0 D24S0 D32S0 Packed-D24S8 
21:17:33: FBO PF_L8 depth/stencil support: D0S0 D0S1 D0S4 D0S8 D0S16 D16S0 D24S0 D32S0 Packed-D24S8 
21:17:33: FBO PF_L16 depth/stencil support: D0S0 D0S1 D0S4 D0S8 D0S16 D16S0 D24S0 D32S0 Packed-D24S8 
21:17:33: FBO PF_A8 depth/stencil support: D0S0 D0S1 D0S4 D0S8 D0S16 D16S0 D24S0 D32S0 Packed-D24S8 
21:17:33: FBO PF_A4L4 depth/stencil support: D0S0 D0S1 D0S4 D0S8 D0S16 D16S0 D24S0 D32S0 Packed-D24S8 
21:17:33: FBO PF_BYTE_LA depth/stencil support: D0S0 D0S1 D0S4 D0S8 D0S16 D16S0 D24S0 D32S0 Packed-D24S8 
21:17:33: FBO PF_R5G6B5 depth/stencil support: D0S0 D0S1 D0S4 D0S8 D0S16 D16S0 D24S0 D32S0 Packed-D24S8 
21:17:33: FBO PF_B5G6R5 depth/stencil support: D0S0 D0S1 D0S4 D0S8 D0S16 D16S0 D24S0 D32S0 Packed-D24S8 
21:17:33: FBO PF_A4R4G4B4 depth/stencil support: D0S0 D0S1 D0S4 D0S8 D0S16 D16S0 D24S0 D32S0 Packed-D24S8 
21:17:33: FBO PF_A1R5G5B5 depth/stencil support: D0S0 D0S1 D0S4 D0S8 D0S16 D16S0 D24S0 D32S0 Packed-D24S8 
21:17:33: FBO PF_R8G8B8 depth/stencil support: D0S0 D0S1 D0S4 D0S8 D0S16 D16S0 D24S0 D32S0 Packed-D24S8 
21:17:33: FBO PF_B8G8R8 depth/stencil support: D0S0 D0S1 D0S4 D0S8 D0S16 D16S0 D24S0 D32S0 Packed-D24S8 
21:17:33: FBO PF_A8R8G8B8 depth/stencil support: D0S0 D0S1 D0S4 D0S8 D0S16 D16S0 D24S0 D32S0 Packed-D24S8 
21:17:33: FBO PF_B8G8R8A8 depth/stencil support: D0S0 D0S1 D0S4 D0S8 D0S16 D16S0 D24S0 D32S0 Packed-D24S8 
21:17:33: FBO PF_A2R10G10B10 depth/stencil support: D0S0 D0S1 D0S4 D0S8 D0S16 D16S0 D24S0 D32S0 Packed-D24S8 
21:17:33: FBO PF_A2B10G10R10 depth/stencil support: D0S0 D0S1 D0S4 D0S8 D0S16 D16S0 D24S0 D32S0 Packed-D24S8 
21:17:33: FBO PF_FLOAT16_RGB depth/stencil support: D0S0 D0S1 D0S4 D0S8 D0S16 D16S0 D24S0 D32S0 Packed-D24S8 
21:17:33: FBO PF_FLOAT16_RGBA depth/stencil support: D0S0 D0S1 D0S4 D0S8 D0S16 D16S0 D24S0 D32S0 Packed-D24S8 
21:17:33: FBO PF_FLOAT32_RGB depth/stencil support: D0S0 D0S1 D0S4 D0S8 D0S16 D16S0 D24S0 D32S0 Packed-D24S8 
21:17:33: FBO PF_FLOAT32_RGBA depth/stencil support: D0S0 D0S1 D0S4 D0S8 D0S16 D16S0 D24S0 D32S0 Packed-D24S8 
21:17:33: FBO PF_X8R8G8B8 depth/stencil support: D0S0 D0S1 D0S4 D0S8 D0S16 D16S0 D24S0 D32S0 Packed-D24S8 
21:17:33: FBO PF_X8B8G8R8 depth/stencil support: D0S0 D0S1 D0S4 D0S8 D0S16 D16S0 D24S0 D32S0 Packed-D24S8 
21:17:33: FBO PF_SHORT_RGBA depth/stencil support: D0S0 D0S1 D0S4 D0S8 D0S16 D16S0 D24S0 D32S0 Packed-D24S8 
21:17:33: FBO PF_R3G3B2 depth/stencil support: D0S0 D0S1 D0S4 D0S8 D0S16 D16S0 D24S0 D32S0 Packed-D24S8 
21:17:33: FBO PF_FLOAT16_R depth/stencil support: D0S0 D0S1 D0S4 D0S8 D0S16 D16S0 D24S0 D32S0 Packed-D24S8 
21:17:33: FBO PF_FLOAT32_R depth/stencil support: D0S0 D0S1 D0S4 D0S8 D0S16 D16S0 D24S0 D32S0 Packed-D24S8 
21:17:33: FBO PF_SHORT_GR depth/stencil support: D0S0 D0S1 D0S4 D0S8 D0S16 D16S0 D24S0 D32S0 Packed-D24S8 
21:17:33: FBO PF_FLOAT16_GR depth/stencil support: D0S0 D0S1 D0S4 D0S8 D0S16 D16S0 D24S0 D32S0 Packed-D24S8 
21:17:33: FBO PF_FLOAT32_GR depth/stencil support: D0S0 D0S1 D0S4 D0S8 D0S16 D16S0 D24S0 D32S0 Packed-D24S8 
21:17:33: FBO PF_SHORT_RGB depth/stencil support: D0S0 D0S1 D0S4 D0S8 D0S16 D16S0 D24S0 D32S0 Packed-D24S8 
21:17:33: [GL] : Valid FBO targets PF_UNKNOWN PF_L8 PF_L16 PF_A8 PF_A4L4 PF_BYTE_LA PF_R5G6B5 PF_B5G6R5 PF_A4R4G4B4 PF_A1R5G5B5 PF_R8G8B8 PF_B8G8R8 PF_A8R8G8B8 PF_B8G8R8A8 PF_A2R10G10B10 PF_A2B10G10R10 PF_FLOAT16_RGB PF_FLOAT16_RGBA PF_FLOAT32_RGB PF_FLOAT32_RGBA PF_X8R8G8B8 PF_X8B8G8R8 PF_SHORT_RGBA PF_R3G3B2 PF_FLOAT16_R PF_FLOAT32_R PF_SHORT_GR PF_FLOAT16_GR PF_FLOAT32_GR PF_SHORT_RGB 
21:17:33: RenderSystem capabilities
21:17:33: -------------------------
21:17:33: RenderSystem Name: OpenGL Rendering Subsystem
21:17:33: GPU Vendor: unknown
21:17:33: Device Name: SVGA3D; build: RELEASE;  LLVM;
21:17:33: Driver Version: 3.0.0.0
21:17:33:  * Fixed function pipeline: yes
21:17:33:  * Hardware generation of mipmaps: yes
21:17:33:  * Texture blending: yes
21:17:33:  * Anisotropic texture filtering: yes
21:17:33:  * Dot product texture operation: yes
21:17:33:  * Cube mapping: yes
21:17:33:  * Hardware stencil buffer: yes
21:17:33:    - Stencil depth: 8
21:17:33:    - Two sided stencil support: yes
21:17:33:    - Wrap stencil values: yes
21:17:33:  * Hardware vertex / index buffers: yes
21:17:33:  * Vertex programs: yes
21:17:33:  * Number of floating-point constants for vertex programs: 4096
21:17:33:  * Number of integer constants for vertex programs: 0
21:17:33:  * Number of boolean constants for vertex programs: 0
21:17:33:  * Fragment programs: yes
21:17:33:  * Number of floating-point constants for fragment programs: 4096
21:17:33:  * Number of integer constants for fragment programs: 0
21:17:33:  * Number of boolean constants for fragment programs: 0
21:17:33:  * Geometry programs: no
21:17:33:  * Number of floating-point constants for geometry programs: 0
21:17:33:  * Number of integer constants for geometry programs: 7624
21:17:33:  * Number of boolean constants for geometry programs: 62619
21:17:33:  * Tesselation Hull programs: no
21:17:33:  * Number of floating-point constants for tesselation hull programs: 12338
21:17:33:  * Number of integer constants for tesselation hull programs: 48
21:17:33:  * Number of boolean constants for tesselation hull programs: 0
21:17:33:  * Tesselation Domain programs: no
21:17:33:  * Number of floating-point constants for tesselation domain programs: 0
21:17:33:  * Number of integer constants for tesselation domain programs: 7720
21:17:33:  * Number of boolean constants for tesselation domain programs: 62619
21:17:33:  * Compute programs: no
21:17:33:  * Number of floating-point constants for compute programs: 32606
21:17:33:  * Number of integer constants for compute programs: 0
21:17:33:  * Number of boolean constants for compute programs: 11
21:17:33:  * Supported Shader Profiles: arbfp1 arbvp1 glsl ps_1_1 ps_1_2 ps_1_3 ps_1_4
21:17:33:  * Texture Compression: yes
21:17:33:    - DXT: yes
21:17:33:    - VTC: no
21:17:33:    - PVRTC: no
21:17:33:    - ATC: no
21:17:33:    - ETC1: no
21:17:33:    - ETC2: no
21:17:33:    - BC4/BC5: no
21:17:33:    - BC6H/BC7: no
21:17:33:  * Scissor Rectangle: yes
21:17:33:  * Hardware Occlusion Query: yes
21:17:33:  * User clip planes: yes
21:17:33:  * VET_UBYTE4 vertex element type: yes
21:17:33:  * Infinite far plane projection: yes
21:17:33:  * Hardware render-to-texture: yes
21:17:33:  * Floating point textures: yes
21:17:33:  * Non-power-of-two textures: yes
21:17:33:  * 1d textures: yes
21:17:33:  * Volume textures: yes
21:17:33:  * Multiple Render Targets: 8
21:17:33:    - With different bit depths: yes
21:17:33:  * Point Sprites: yes
21:17:33:  * Extended point parameters: yes
21:17:33:  * Max Point Size: 80
21:17:33:  * Vertex texture fetch: yes
21:17:33:  * Number of world matrices: 0
21:17:33:  * Number of texture units: 16
21:17:33:  * Stencil buffer depth: 8
21:17:33:  * Number of vertex blend matrices: 0
21:17:33:    - Max vertex textures: 16
21:17:33:    - Vertex textures shared: yes
21:17:33:  * Render to Vertex Buffer : no
21:17:33:  * Hardware Atomic Counters: no
21:17:33:  * GL 1.5 without VBO workaround: no
21:17:33:  * Frame Buffer objects: yes
21:17:33:  * Frame Buffer objects (ARB extension): no
21:17:33:  * Frame Buffer objects (ATI extension): no
21:17:33:  * PBuffer support: yes
21:17:33:  * GL 1.5 without HW-occlusion workaround: no
21:17:33:  * Vertex Array Objects: no
21:17:33:  * Separate shader objects: no
21:17:35: DefaultWorkQueue('Root') initialising on thread 7f5ef4aa3800.
21:17:35: Particle Renderer Type 'billboard' registered
21:17:35: SceneManagerFactory for type 'BspSceneManager' registered.
21:17:35: Registering ResourceManager for type BspLevel
21:17:35: SceneManagerFactory for type 'PCZSceneManager' registered.
21:17:35: DefaultWorkQueue('Root')::WorkerFunc - thread 7f5ee16f4700 starting.
21:17:35: MovableObjectFactory for type 'PCZLight' registered.
21:17:35: MovableObjectFactory for type 'Portal' registered.
21:17:35: MovableObjectFactory for type 'AntiPortal' registered.
21:17:35: PCZone Factory Type 'ZoneType_Octree' registered
21:17:35: SceneManagerFactory for type 'OctreeSceneManager' registered.
21:17:35: Parsing scripts for resource group Autodetect
21:17:35: Finished parsing scripts for resource group Autodetect
21:17:35: Creating resources for group Autodetect
21:17:35: All done
21:17:35: Parsing scripts for resource group General
21:17:35: Parsing script StdQuad_vp.program
21:17:35: Parsing script Instancing.program
21:17:35: Parsing script DualQuaternion.program
21:17:35: OGRE EXCEPTION(7:InternalErrorException): Unable to compile Cg program Ogre/DualQuaternionHardwareSkinningTwoWeightsTwoPhaseCg: The compile returned an error.
DualQuaternion_Common.cg(167) : warning C7019: "blendWgt" is too large for semantic "BLENDWEIGHT", which is size 1
(0) : error C6007: Constant register limit exceeded; more than 96 constant registers needed to compiled program
(0) : error C6007: Constant register limit exceeded; more than 96 constant registers needed to compiled program
(0) : error C6007: Constant register limit exceeded; more than 96 constant registers needed to compiled program
(0) : error C6007: Constant register limit exceeded; more than 96 constant registers needed to compiled program
(0) : error C6007: Constant register limit exceeded; more than 96 constant registers needed to compiled program
(0) : error C6007: Constant register limit exceeded; more than 96 constant registers needed to compiled program
(0) : error C6007: Constant register limit exceeded; more than 96 constant registers needed to compiled program
(0) : error C6007: Constant register limit exceeded; more than 96 constant registers needed to compiled program
 in CgProgram::compileMicrocode at /root/ogre/PlugIns/CgProgramManager/src/OgreCgProgramManagerDll.cpp (line 67)
21:17:35: High-level program Ogre/DualQuaternionHardwareSkinningTwoWeightsTwoPhaseCg encountered an error during loading and is thus not supported.
OGRE EXCEPTION(7:InternalErrorException): Unable to compile Cg program Ogre/DualQuaternionHardwareSkinningTwoWeightsTwoPhaseCg: The compile returned an error.
DualQuaternion_Common.cg(167) : warning C7019: "blendWgt" is too large for semantic "BLENDWEIGHT", which is size 1
(0) : error C6007: Constant register limit exceeded; more than 96 constant registers needed to compiled program
(0) : error C6007: Constant register limit exceeded; more than 96 constant registers needed to compiled program
(0) : error C6007: Constant register limit exceeded; more than 96 constant registers needed to compiled program
(0) : error C6007: Constant register limit exceeded; more than 96 constant registers needed to compiled program
(0) : error C6007: Constant register limit exceeded; more than 96 constant registers needed to compiled program
(0) : error C6007: Constant register limit exceeded; more than 96 constant registers needed to compiled program
(0) : error C6007: Constant register limit exceeded; more than 96 constant registers needed to compiled program
(0) : error C6007: Constant register limit exceeded; more than 96 constant registers needed to compiled program
 in CgProgram::compileMicrocode at /root/ogre/PlugIns/CgProgramManager/src/OgreCgProgramManagerDll.cpp (line 67)
21:17:35: OGRE EXCEPTION(2:InvalidParametersException): Named constants have not been initialised, perhaps a compile error. in GpuProgramParameters::_findNamedConstantDefinition at /root/ogre/OgreMain/src/OgreGpuProgramParams.cpp (line 1709)
21:17:35: Compiler error: invalid parameters in DualQuaternion.program(28): setting of constant failed
21:17:35: Parsing script Examples.program
21:17:35: Parsing script ShadowCaster.program
21:17:35: Parsing script deferred_post.program
21:17:35: Parsing script GBuffer.program
21:17:35: Parsing script triplanarReference.program
21:17:35: Parsing script pbr.program
21:17:35: Parsing script SdkTrays.material
21:17:35: Parsing script OgreProfiler.material
21:17:35: Parsing script HW_VTF_LUTInstancing.material
21:17:35: Parsing script CGSwizzle.material
21:17:35: Parsing script pssm.material
21:17:35: Parsing script SharpenEdges.material
21:17:35: Parsing script Examples-Advanced.material
21:17:35: Compiler error: object unsupported by render system in Examples-Advanced.material(938): , Shader name: Examples/TextureArrayPSasm
21:17:35: Parsing script Tiling.material
21:17:35: Parsing script VarianceShadowmap.material
21:17:35: Parsing script AdaptivePNTrianglesTessellation.material
21:17:35: Parsing script DOF.material
21:17:35: Parsing script Embossed.material
21:17:35: Parsing script Invert.material
21:17:35: Parsing script Examples-DynTex.material
21:17:35: Parsing script AtomicCounters.material
21:17:35: Compiler error: number expected in AtomicCounters.material(3): true invalid - extra parameters to shared_param_named must be numbers
21:17:35: Compiler error: number expected in AtomicCounters.material(14): false invalid - extra parameters to shared_param_named must be numbers
21:17:35: Parsing script ASCII.material
21:17:35: Parsing script RasterizationOrder.material
21:17:35: Parsing script OffsetMapping.material
21:17:35: Parsing script RZR-002.material
21:17:35: Parsing script IsoSurf.material
21:17:35: Parsing script FluidSim.material
21:17:35: Parsing script GLSLSwizzle.material
21:17:35: Parsing script ShaderInstancing.material
21:17:35: Parsing script Examples-Water.material
21:17:35: Parsing script HWInstancing.material
21:17:35: Parsing script Hair.material
21:17:35: Parsing script ASMSwizzle.material
21:17:35: Compiler error: object unsupported by render system in ASMSwizzle.material(1): , Shader name: Ogre/GPTest/Swizzle_GP_ASM
21:17:35: Parsing script Tessellation.material
21:17:35: Compiler error: unknown error in Tessellation.material(20): token class, tessellation_hull_program, unrecognized.
21:17:35: Compiler error: unknown error in Tessellation.material(32): token class, tessellation_hull_program, unrecognized.
21:17:35: Compiler error: unknown error in Tessellation.material(43): token class, tessellation_hull_program, unrecognized.
21:17:35: Compiler error: unknown error in Tessellation.material(49): token class, tessellation_domain_program, unrecognized.
21:17:35: Compiler error: unknown error in Tessellation.material(61): token class, tessellation_domain_program, unrecognized.
21:17:35: Compiler error: unknown error in Tessellation.material(72): token class, tessellation_domain_program, unrecognized.
21:17:35: Compiler error: unknown error in Tessellation.material(113): token class, tessellation_hull_program_ref, unrecognized.
21:17:35: Compiler error: unknown error in Tessellation.material(118): token class, tessellation_domain_program_ref, unrecognized.
21:17:35: Compiler error: unknown error in Tessellation.material(113): token "tessellation_hull_program_ref" is not recognized
21:17:35: Compiler error: unknown error in Tessellation.material(118): token "tessellation_domain_program_ref" is not recognized
21:17:35: Parsing script Posterize.material
21:17:35: Parsing script Bloom2.material
21:17:35: Parsing script Compute.material
21:17:35: Parsing script Penguin.material
21:17:35: Parsing script Island.material
21:17:35: Compiler error: unknown error in Island.material(200): token class, tessellation_hull_program, unrecognized.
21:17:35: Compiler error: unknown error in Island.material(216): token class, tessellation_domain_program, unrecognized.
21:17:35: Compiler error: unknown error in Island.material(272): token class, tessellation_hull_program_ref, unrecognized.
21:17:35: Compiler error: unknown error in Island.material(276): token class, tessellation_domain_program_ref, unrecognized.
21:17:35: Compiler error: unknown error in Island.material(296): token class, tessellation_hull_program_ref, unrecognized.
21:17:35: Compiler error: unknown error in Island.material(300): token class, tessellation_domain_program_ref, unrecognized.
21:17:35: Compiler error: unknown error in Island.material(316): token class, tessellation_domain_program, unrecognized.
21:17:35: Compiler error: unknown error in Island.material(365): token class, tessellation_hull_program_ref, unrecognized.
21:17:35: Compiler error: unknown error in Island.material(369): token class, tessellation_domain_program_ref, unrecognized.
21:17:35: Compiler error: unknown error in Island.material(272): token "tessellation_hull_program_ref" is not recognized
21:17:35: Compiler error: unknown error in Island.material(276): token "tessellation_domain_program_ref" is not recognized
21:17:35: Compiler error: unknown error in Island.material(296): token "tessellation_hull_program_ref" is not recognized
21:17:35: Compiler error: unknown error in Island.material(300): token "tessellation_domain_program_ref" is not recognized
21:17:35: Compiler error: unknown error in Island.material(365): token "tessellation_hull_program_ref" is not recognized
21:17:35: Compiler error: unknown error in Island.material(369): token "tessellation_domain_program_ref" is not recognized
21:17:35: Parsing script BlackAndWhite.material
21:17:35: Parsing script facial.material
21:17:35: Parsing script Swizzle.material
21:17:35: OGRE EXCEPTION(2:InvalidParametersException): Parameter called WorldViewProj does not exist.  in GpuProgramParameters::_findNamedConstantDefinition at /root/ogre/OgreMain/src/OgreGpuProgramParams.cpp (line 1719)
21:17:35: Compiler error: invalid parameters in Swizzle.material(68): setting of constant failed
21:17:35: OGRE EXCEPTION(2:InvalidParametersException): Parameter called origColour does not exist.  in GpuProgramParameters::_findNamedConstantDefinition at /root/ogre/OgreMain/src/OgreGpuProgramParams.cpp (line 1719)
21:17:35: Compiler error: invalid parameters in Swizzle.material(79): setting of constant failed
21:17:35: OGRE EXCEPTION(2:InvalidParametersException): Parameter called cloneColour does not exist.  in GpuProgramParameters::_findNamedConstantDefinition at /root/ogre/OgreMain/src/OgreGpuProgramParams.cpp (line 1719)
21:17:35: Compiler error: invalid parameters in Swizzle.material(80): setting of constant failed
21:17:35: Parsing script Glass.material
21:17:35: Parsing script shadows.material
21:17:35: Parsing script RadialBlur.material
21:17:35: Parsing script HW_VTFInstancing.material
21:17:35: Parsing script Example-Water.material
21:17:35: Parsing script OldTV.material
21:17:35: Parsing script MRTtest.material
21:17:35: Parsing script Ocean.material
21:17:35: Parsing script Ogre.material
21:17:35: Parsing script ShaderSystem.material
21:17:35: Parsing script Dither.material
21:17:35: Parsing script CompositorDemo.material
21:17:35: Parsing script TerrainTessellation.material
21:17:35: Compiler error: unknown error in TerrainTessellation.material(123): token class, tessellation_hull_program, unrecognized.
21:17:35: Compiler error: unknown error in TerrainTessellation.material(140): token class, tessellation_domain_program, unrecognized.
21:17:35: Compiler error: unknown error in TerrainTessellation.material(177): token class, tessellation_hull_program_ref, unrecognized.
21:17:35: Compiler error: unknown error in TerrainTessellation.material(182): token class, tessellation_domain_program_ref, unrecognized.
21:17:35: Compiler error: unknown error in TerrainTessellation.material(177): token "tessellation_hull_program_ref" is not recognized
21:17:35: Compiler error: unknown error in TerrainTessellation.material(182): token "tessellation_domain_program_ref" is not recognized
21:17:35: Parsing script OldMovie.material
21:17:35: Parsing script MotionBlur.material
21:17:35: Parsing script HeatVision.material
21:17:35: Parsing script ParticleGS.material
21:17:35: Parsing script Hurt.material
21:17:35: Parsing script Laplace.material
21:17:35: Parsing script Halftone.material
21:17:35: Parsing script NightVision.material
21:17:35: Parsing script DepthShadowmap.material
21:17:35: Parsing script Tesselation.material
21:17:35: Parsing script smoke.material
21:17:35: Parsing script instancing.material
21:17:35: Parsing script Bloom.material
21:17:36: Parsing script DamagedHelmet.material
21:17:36: Compiler error: unknown error in DamagedHelmet.material(64): token "rtshader_system" is not recognized
21:17:36: Parsing script hdr.material
21:17:36: Parsing script InstancingMisc.material
21:17:36: Parsing script sibenik.material
21:17:36: Parsing script Examples.material
21:17:36: Parsing script VTFInstancing.material
21:17:36: Parsing script DualQuaternion.material
21:17:36: Parsing script ShadowCaster.material
21:17:36: Parsing script deferreddemo.material
21:17:36: Parsing script deferred_post_minilight.material
21:17:36: Parsing script ssao.material
21:17:36: Parsing script deferred_post.material
21:17:36: Parsing script ROOM.material
21:17:36: Parsing script RTShaderSystem.material
21:17:36: Compiler error: unknown error in RTShaderSystem.material(23): token "rtshader_system" is not recognized
21:17:36: Compiler error: unknown error in RTShaderSystem.material(52): token "rtshader_system" is not recognized
21:17:36: Compiler error: unknown error in RTShaderSystem.material(81): token "rtshader_system" is not recognized
21:17:36: Compiler error: unknown error in RTShaderSystem.material(110): token "rtshader_system" is not recognized
21:17:36: Compiler error: unknown error in RTShaderSystem.material(146): token "rtshader_system" is not recognized
21:17:36: Compiler error: unknown error in RTShaderSystem.material(81): token "rtshader_system" is not recognized
21:17:36: Compiler error: unknown error in RTShaderSystem.material(162): token "rtshader_system" is not recognized
21:17:36: Compiler error: unknown error in RTShaderSystem.material(81): token "rtshader_system" is not recognized
21:17:36: Compiler error: unknown error in RTShaderSystem.material(110): token "rtshader_system" is not recognized
21:17:36: Compiler error: unknown error in RTShaderSystem.material(211): token "rtshader_system" is not recognized
21:17:36: Parsing script HardwareSkinningShadow.material
21:17:36: OGRE EXCEPTION(7:InternalErrorException): Unable to compile Cg program Ogre/RTShader/shadow_caster_skinning_1weight_vs: The compile returned an error.
(21) : warning C7019: "blendWgt" is too large for semantic "BLENDWEIGHT", which is size 1
(23) : error C5041: cannot locate suitable resource to bind parameter "<null atom>"
(23) : error C5041: cannot locate suitable resource to bind parameter "<null atom>"
(23) : error C5041: cannot locate suitable resource to bind parameter "<null atom>"
(23) : error C5041: cannot locate suitable resource to bind parameter "<null atom>"
(23) : error C5041: cannot locate suitable resource to bind parameter "<null atom>"
(23) : error C5041: cannot locate suitable resource to bind parameter "<null atom>"
(23) : error C5041: cannot locate suitable resource to bind parameter "<null atom>"
(23) : error C5041: cannot locate suitable resource to bind parameter "<null atom>"
(23) : error C5041: cannot locate suitable resource to bind parameter "<null atom>"
(23) : error C5041: cannot locate suitable resource to bind parameter "<null atom>"
(23) : error C5041: cannot locate suitable resource to bind parameter "<null atom>"
(23) : error C5041: cannot locate suitable resource to bind parameter "<null atom>"
(23) : error C5041: cannot locate suitable resource to bind parameter "<null atom>"
(23) : error C5041: cannot locate suitable resource to bind parameter "<null atom>"
(23) : error C5041: cannot locate suitable resource to bind parameter "<null atom>"
(23) : error C5041: cannot locate suitable resource to bind parameter "<null atom>"
(23) : error C5041: cannot locate suitable resource to bind parameter "<null atom>"
(23) : error C5041: cannot locate suitable resource to bind parameter "<null atom>"
(23) : error C5041: cannot locate suitable resource to bind parameter "<null atom>"
 in CgProgram::compileMicrocode at /root/ogre/PlugIns/CgProgramManager/src/OgreCgProgramManagerDll.cpp (line 67)
21:17:36: High-level program Ogre/RTShader/shadow_caster_skinning_1weight_vs encountered an error during loading and is thus not supported.
OGRE EXCEPTION(7:InternalErrorException): Unable to compile Cg program Ogre/RTShader/shadow_caster_skinning_1weight_vs: The compile returned an error.
(21) : warning C7019: "blendWgt" is too large for semantic "BLENDWEIGHT", which is size 1
(23) : error C5041: cannot locate suitable resource to bind parameter "<null atom>"
(23) : error C5041: cannot locate suitable resource to bind parameter "<null atom>"
(23) : error C5041: cannot locate suitable resource to bind parameter "<null atom>"
(23) : error C5041: cannot locate suitable resource to bind parameter "<null atom>"
(23) : error C5041: cannot locate suitable resource to bind parameter "<null atom>"
(23) : error C5041: cannot locate suitable resource to bind parameter "<null atom>"
(23) : error C5041: cannot locate suitable resource to bind parameter "<null atom>"
(23) : error C5041: cannot locate suitable resource to bind parameter "<null atom>"
(23) : error C5041: cannot locate suitable resource to bind parameter "<null atom>"
(23) : error C5041: cannot locate suitable resource to bind parameter "<null atom>"
(23) : error C5041: cannot locate suitable resource to bind parameter "<null atom>"
(23) : error C5041: cannot locate suitable resource to bind parameter "<null atom>"
(23) : error C5041: cannot locate suitable resource to bind parameter "<null atom>"
(23) : error C5041: cannot locate suitable resource to bind parameter "<null atom>"
(23) : error C5041: cannot locate suitable resource to bind parameter "<null atom>"
(23) : error C5041: cannot locate suitable resource to bind parameter "<null atom>"
(23) : error C5041: cannot locate suitable resource to bind parameter "<null atom>"
(23) : error C5041: cannot locate suitable resource to bind parameter "<null atom>"
(23) : error C5041: cannot locate suitable resource to bind parameter "<null atom>"
 in CgProgram::compileMicrocode at /root/ogre/PlugIns/CgProgramManager/src/OgreCgProgramManagerDll.cpp (line 67)
21:17:36: OGRE EXCEPTION(2:InvalidParametersException): Named constants have not been initialised, perhaps a compile error. in GpuProgramParameters::_findNamedConstantDefinition at /root/ogre/OgreMain/src/OgreGpuProgramParams.cpp (line 1709)
21:17:36: Compiler error: invalid parameters in HardwareSkinningShadow.material(29): setting of constant failed
21:17:36: OGRE EXCEPTION(2:InvalidParametersException): Named constants have not been initialised, perhaps a compile error. in GpuProgramParameters::_findNamedConstantDefinition at /root/ogre/OgreMain/src/OgreGpuProgramParams.cpp (line 1709)
21:17:36: Compiler error: invalid parameters in HardwareSkinningShadow.material(30): setting of constant failed
21:17:36: OGRE EXCEPTION(7:InternalErrorException): Unable to compile Cg program Ogre/RTShader/shadow_caster_skinning_2weight_vs_cg: The compile returned an error.
(41) : warning C7019: "blendWgt" is too large for semantic "BLENDWEIGHT", which is size 1
(44) : error C5041: cannot locate suitable resource to bind parameter "<null atom>"
(44) : error C5041: cannot locate suitable resource to bind parameter "<null atom>"
(44) : error C5041: cannot locate suitable resource to bind parameter "<null atom>"
(44) : error C5041: cannot locate suitable resource to bind parameter "<null atom>"
(44) : error C5041: cannot locate suitable resource to bind parameter "<null atom>"
(44) : error C5041: cannot locate suitable resource to bind parameter "<null atom>"
(44) : error C5041: cannot locate suitable resource to bind parameter "<null atom>"
(44) : error C5041: cannot locate suitable resource to bind parameter "<null atom>"
(44) : error C5041: cannot locate suitable resource to bind parameter "<null atom>"
(44) : error C5041: cannot locate suitable resource to bind parameter "<null atom>"
(44) : error C5041: cannot locate suitable resource to bind parameter "<null atom>"
(44) : error C5041: cannot locate suitable resource to bind parameter "<null atom>"
(44) : error C5041: cannot locate suitable resource to bind parameter "<null atom>"
(44) : error C5041: cannot locate suitable resource to bind parameter "<null atom>"
(44) : error C5041: cannot locate suitable resource to bind parameter "<null atom>"
(44) : error C5041: cannot locate suitable resource to bind parameter "<null atom>"
(44) : error C5041: cannot locate suitable resource to bind parameter "<null atom>"
(44) : error C5041: cannot locate suitable resource to bind parameter "<null atom>"
(44) : error C5041: cannot locate suitable resource to bind parameter "<null atom>"
 in CgProgram::compileMicrocode at /root/ogre/PlugIns/CgProgramManager/src/OgreCgProgramManagerDll.cpp (line 67)
21:17:36: High-level program Ogre/RTShader/shadow_caster_skinning_2weight_vs_cg encountered an error during loading and is thus not supported.
OGRE EXCEPTION(7:InternalErrorException): Unable to compile Cg program Ogre/RTShader/shadow_caster_skinning_2weight_vs_cg: The compile returned an error.
(41) : warning C7019: "blendWgt" is too large for semantic "BLENDWEIGHT", which is size 1
(44) : error C5041: cannot locate suitable resource to bind parameter "<null atom>"
(44) : error C5041: cannot locate suitable resource to bind parameter "<null atom>"
(44) : error C5041: cannot locate suitable resource to bind parameter "<null atom>"
(44) : error C5041: cannot locate suitable resource to bind parameter "<null atom>"
(44) : error C5041: cannot locate suitable resource to bind parameter "<null atom>"
(44) : error C5041: cannot locate suitable resource to bind parameter "<null atom>"
(44) : error C5041: cannot locate suitable resource to bind parameter "<null atom>"
(44) : error C5041: cannot locate suitable resource to bind parameter "<null atom>"
(44) : error C5041: cannot locate suitable resource to bind parameter "<null atom>"
(44) : error C5041: cannot locate suitable resource to bind parameter "<null atom>"
(44) : error C5041: cannot locate suitable resource to bind parameter "<null atom>"
(44) : error C5041: cannot locate suitable resource to bind parameter "<null atom>"
(44) : error C5041: cannot locate suitable resource to bind parameter "<null atom>"
(44) : error C5041: cannot locate suitable resource to bind parameter "<null atom>"
(44) : error C5041: cannot locate suitable resource to bind parameter "<null atom>"
(44) : error C5041: cannot locate suitable resource to bind parameter "<null atom>"
(44) : error C5041: cannot locate suitable resource to bind parameter "<null atom>"
(44) : error C5041: cannot locate suitable resource to bind parameter "<null atom>"
(44) : error C5041: cannot locate suitable resource to bind parameter "<null atom>"
 in CgProgram::compileMicrocode at /root/ogre/PlugIns/CgProgramManager/src/OgreCgProgramManagerDll.cpp (line 67)
21:17:36: OGRE EXCEPTION(2:InvalidParametersException): Named constants have not been initialised, perhaps a compile error. in GpuProgramParameters::_findNamedConstantDefinition at /root/ogre/OgreMain/src/OgreGpuProgramParams.cpp (line 1709)
21:17:36: Compiler error: invalid parameters in HardwareSkinningShadow.material(43): setting of constant failed
21:17:36: OGRE EXCEPTION(2:InvalidParametersException): Named constants have not been initialised, perhaps a compile error. in GpuProgramParameters::_findNamedConstantDefinition at /root/ogre/OgreMain/src/OgreGpuProgramParams.cpp (line 1709)
21:17:36: Compiler error: invalid parameters in HardwareSkinningShadow.material(44): setting of constant failed
21:17:36: OGRE EXCEPTION(7:InternalErrorException): Unable to compile Cg program Ogre/RTShader/shadow_caster_skinning_3weight_vs: The compile returned an error.
(64) : warning C7019: "blendWgt" is too large for semantic "BLENDWEIGHT", which is size 1
(67) : error C5041: cannot locate suitable resource to bind parameter "<null atom>"
(67) : error C5041: cannot locate suitable resource to bind parameter "<null atom>"
(67) : error C5041: cannot locate suitable resource to bind parameter "<null atom>"
(67) : error C5041: cannot locate suitable resource to bind parameter "<null atom>"
(67) : error C5041: cannot locate suitable resource to bind parameter "<null atom>"
(67) : error C5041: cannot locate suitable resource to bind parameter "<null atom>"
(67) : error C5041: cannot locate suitable resource to bind parameter "<null atom>"
(67) : error C5041: cannot locate suitable resource to bind parameter "<null atom>"
(67) : error C5041: cannot locate suitable resource to bind parameter "<null atom>"
(67) : error C5041: cannot locate suitable resource to bind parameter "<null atom>"
(67) : error C5041: cannot locate suitable resource to bind parameter "<null atom>"
(67) : error C5041: cannot locate suitable resource to bind parameter "<null atom>"
(67) : error C5041: cannot locate suitable resource to bind parameter "<null atom>"
(67) : error C5041: cannot locate suitable resource to bind parameter "<null atom>"
(67) : error C5041: cannot locate suitable resource to bind parameter "<null atom>"
(67) : error C5041: cannot locate suitable resource to bind parameter "<null atom>"
(67) : error C5041: cannot locate suitable resource to bind parameter "<null atom>"
(67) : error C5041: cannot locate suitable resource to bind parameter "<null atom>"
(67) : error C5041: cannot locate suitable resource to bind parameter "<null atom>"
 in CgProgram::compileMicrocode at /root/ogre/PlugIns/CgProgramManager/src/OgreCgProgramManagerDll.cpp (line 67)
21:17:36: High-level program Ogre/RTShader/shadow_caster_skinning_3weight_vs encountered an error during loading and is thus not supported.
OGRE EXCEPTION(7:InternalErrorException): Unable to compile Cg program Ogre/RTShader/shadow_caster_skinning_3weight_vs: The compile returned an error.
(64) : warning C7019: "blendWgt" is too large for semantic "BLENDWEIGHT", which is size 1
(67) : error C5041: cannot locate suitable resource to bind parameter "<null atom>"
(67) : error C5041: cannot locate suitable resource to bind parameter "<null atom>"
(67) : error C5041: cannot locate suitable resource to bind parameter "<null atom>"
(67) : error C5041: cannot locate suitable resource to bind parameter "<null atom>"
(67) : error C5041: cannot locate suitable resource to bind parameter "<null atom>"
(67) : error C5041: cannot locate suitable resource to bind parameter "<null atom>"
(67) : error C5041: cannot locate suitable resource to bind parameter "<null atom>"
(67) : error C5041: cannot locate suitable resource to bind parameter "<null atom>"
(67) : error C5041: cannot locate suitable resource to bind parameter "<null atom>"
(67) : error C5041: cannot locate suitable resource to bind parameter "<null atom>"
(67) : error C5041: cannot locate suitable resource to bind parameter "<null atom>"
(67) : error C5041: cannot locate suitable resource to bind parameter "<null atom>"
(67) : error C5041: cannot locate suitable resource to bind parameter "<null atom>"
(67) : error C5041: cannot locate suitable resource to bind parameter "<null atom>"
(67) : error C5041: cannot locate suitable resource to bind parameter "<null atom>"
(67) : error C5041: cannot locate suitable resource to bind parameter "<null atom>"
(67) : error C5041: cannot locate suitable resource to bind parameter "<null atom>"
(67) : error C5041: cannot locate suitable resource to bind parameter "<null atom>"
(67) : error C5041: cannot locate suitable resource to bind parameter "<null atom>"
 in CgProgram::compileMicrocode at /root/ogre/PlugIns/CgProgramManager/src/OgreCgProgramManagerDll.cpp (line 67)
21:17:36: OGRE EXCEPTION(2:InvalidParametersException): Named constants have not been initialised, perhaps a compile error. in GpuProgramParameters::_findNamedConstantDefinition at /root/ogre/OgreMain/src/OgreGpuProgramParams.cpp (line 1709)
21:17:36: Compiler error: invalid parameters in HardwareSkinningShadow.material(57): setting of constant failed
21:17:36: OGRE EXCEPTION(2:InvalidParametersException): Named constants have not been initialised, perhaps a compile error. in GpuProgramParameters::_findNamedConstantDefinition at /root/ogre/OgreMain/src/OgreGpuProgramParams.cpp (line 1709)
21:17:36: Compiler error: invalid parameters in HardwareSkinningShadow.material(58): setting of constant failed
21:17:36: OGRE EXCEPTION(7:InternalErrorException): Unable to compile Cg program Ogre/RTShader/shadow_caster_skinning_4weight_vs: The compile returned an error.
(88) : warning C7019: "blendWgt" is too large for semantic "BLENDWEIGHT", which is size 1
(91) : error C5041: cannot locate suitable resource to bind parameter "<null atom>"
(91) : error C5041: cannot locate suitable resource to bind parameter "<null atom>"
(91) : error C5041: cannot locate suitable resource to bind parameter "<null atom>"
(91) : error C5041: cannot locate suitable resource to bind parameter "<null atom>"
(91) : error C5041: cannot locate suitable resource to bind parameter "<null atom>"
(91) : error C5041: cannot locate suitable resource to bind parameter "<null atom>"
(91) : error C5041: cannot locate suitable resource to bind parameter "<null atom>"
(91) : error C5041: cannot locate suitable resource to bind parameter "<null atom>"
(91) : error C5041: cannot locate suitable resource to bind parameter "<null atom>"
(91) : error C5041: cannot locate suitable resource to bind parameter "<null atom>"
(91) : error C5041: cannot locate suitable resource to bind parameter "<null atom>"
(91) : error C5041: cannot locate suitable resource to bind parameter "<null atom>"
(91) : error C5041: cannot locate suitable resource to bind parameter "<null atom>"
(91) : error C5041: cannot locate suitable resource to bind parameter "<null atom>"
(91) : error C5041: cannot locate suitable resource to bind parameter "<null atom>"
(91) : error C5041: cannot locate suitable resource to bind parameter "<null atom>"
(91) : error C5041: cannot locate suitable resource to bind parameter "<null atom>"
(91) : error C5041: cannot locate suitable resource to bind parameter "<null atom>"
(91) : error C5041: cannot locate suitable resource to bind parameter "<null atom>"
 in CgProgram::compileMicrocode at /root/ogre/PlugIns/CgProgramManager/src/OgreCgProgramManagerDll.cpp (line 67)
21:17:36: High-level program Ogre/RTShader/shadow_caster_skinning_4weight_vs encountered an error during loading and is thus not supported.
OGRE EXCEPTION(7:InternalErrorException): Unable to compile Cg program Ogre/RTShader/shadow_caster_skinning_4weight_vs: The compile returned an error.
(88) : warning C7019: "blendWgt" is too large for semantic "BLENDWEIGHT", which is size 1
(91) : error C5041: cannot locate suitable resource to bind parameter "<null atom>"
(91) : error C5041: cannot locate suitable resource to bind parameter "<null atom>"
(91) : error C5041: cannot locate suitable resource to bind parameter "<null atom>"
(91) : error C5041: cannot locate suitable resource to bind parameter "<null atom>"
(91) : error C5041: cannot locate suitable resource to bind parameter "<null atom>"
(91) : error C5041: cannot locate suitable resource to bind parameter "<null atom>"
(91) : error C5041: cannot locate suitable resource to bind parameter "<null atom>"
(91) : error C5041: cannot locate suitable resource to bind parameter "<null atom>"
(91) : error C5041: cannot locate suitable resource to bind parameter "<null atom>"
(91) : error C5041: cannot locate suitable resource to bind parameter "<null atom>"
(91) : error C5041: cannot locate suitable resource to bind parameter "<null atom>"
(91) : error C5041: cannot locate suitable resource to bind parameter "<null atom>"
(91) : error C5041: cannot locate suitable resource to bind parameter "<null atom>"
(91) : error C5041: cannot locate suitable resource to bind parameter "<null atom>"
(91) : error C5041: cannot locate suitable resource to bind parameter "<null atom>"
(91) : error C5041: cannot locate suitable resource to bind parameter "<null atom>"
(91) : error C5041: cannot locate suitable resource to bind parameter "<null atom>"
(91) : error C5041: cannot locate suitable resource to bind parameter "<null atom>"
(91) : error C5041: cannot locate suitable resource to bind parameter "<null atom>"
 in CgProgram::compileMicrocode at /root/ogre/PlugIns/CgProgramManager/src/OgreCgProgramManagerDll.cpp (line 67)
21:17:36: OGRE EXCEPTION(2:InvalidParametersException): Named constants have not been initialised, perhaps a compile error. in GpuProgramParameters::_findNamedConstantDefinition at /root/ogre/OgreMain/src/OgreGpuProgramParams.cpp (line 1709)
21:17:36: Compiler error: invalid parameters in HardwareSkinningShadow.material(72): setting of constant failed
21:17:36: OGRE EXCEPTION(2:InvalidParametersException): Named constants have not been initialised, perhaps a compile error. in GpuProgramParameters::_findNamedConstantDefinition at /root/ogre/OgreMain/src/OgreGpuProgramParams.cpp (line 1709)
21:17:36: Compiler error: invalid parameters in HardwareSkinningShadow.material(73): setting of constant failed
21:17:36: Parsing script TriplanarTexturing.material
21:17:36: Compiler error: unknown error in TriplanarTexturing.material(9): token "rtshader_system" is not recognized
21:17:36: Parsing script DualQuaternionSkinning_Shadow.material
21:17:36: OGRE EXCEPTION(7:InternalErrorException): Unable to compile Cg program Ogre/RTShader/shadow_caster_dq_skinning_1weight_twophase_vs_cg: The compile returned an error.
(227) : warning C7019: "blendWgt" is too large for semantic "BLENDWEIGHT", which is size 1
(0) : error C6007: Constant register limit exceeded; more than 96 constant registers needed to compiled program
(0) : error C6007: Constant register limit exceeded; more than 96 constant registers needed to compiled program
(0) : error C6007: Constant register limit exceeded; more than 96 constant registers needed to compiled program
 in CgProgram::compileMicrocode at /root/ogre/PlugIns/CgProgramManager/src/OgreCgProgramManagerDll.cpp (line 67)
21:17:36: High-level program Ogre/RTShader/shadow_caster_dq_skinning_1weight_twophase_vs_cg encountered an error during loading and is thus not supported.
OGRE EXCEPTION(7:InternalErrorException): Unable to compile Cg program Ogre/RTShader/shadow_caster_dq_skinning_1weight_twophase_vs_cg: The compile returned an error.
(227) : warning C7019: "blendWgt" is too large for semantic "BLENDWEIGHT", which is size 1
(0) : error C6007: Constant register limit exceeded; more than 96 constant registers needed to compiled program
(0) : error C6007: Constant register limit exceeded; more than 96 constant registers needed to compiled program
(0) : error C6007: Constant register limit exceeded; more than 96 constant registers needed to compiled program
 in CgProgram::compileMicrocode at /root/ogre/PlugIns/CgProgramManager/src/OgreCgProgramManagerDll.cpp (line 67)
21:17:36: OGRE EXCEPTION(2:InvalidParametersException): Named constants have not been initialised, perhaps a compile error. in GpuProgramParameters::_findNamedConstantDefinition at /root/ogre/OgreMain/src/OgreGpuProgramParams.cpp (line 1709)
21:17:36: Compiler error: invalid parameters in DualQuaternionSkinning_Shadow.material(211): setting of constant failed
21:17:36: OGRE EXCEPTION(2:InvalidParametersException): Named constants have not been initialised, perhaps a compile error. in GpuProgramParameters::_findNamedConstantDefinition at /root/ogre/OgreMain/src/OgreGpuProgramParams.cpp (line 1709)
21:17:36: Compiler error: invalid parameters in DualQuaternionSkinning_Shadow.material(212): setting of constant failed
21:17:36: OGRE EXCEPTION(2:InvalidParametersException): Named constants have not been initialised, perhaps a compile error. in GpuProgramParameters::_findNamedConstantDefinition at /root/ogre/OgreMain/src/OgreGpuProgramParams.cpp (line 1709)
21:17:36: Compiler error: invalid parameters in DualQuaternionSkinning_Shadow.material(213): setting of constant failed
21:17:36: OGRE EXCEPTION(2:InvalidParametersException): Named constants have not been initialised, perhaps a compile error. in GpuProgramParameters::_findNamedConstantDefinition at /root/ogre/OgreMain/src/OgreGpuProgramParams.cpp (line 1709)
21:17:36: Compiler error: invalid parameters in DualQuaternionSkinning_Shadow.material(214): setting of constant failed
21:17:36: OGRE EXCEPTION(7:InternalErrorException): Unable to compile Cg program Ogre/RTShader/shadow_caster_dq_skinning_2weight_twophase_vs_cg: The compile returned an error.
(261) : warning C7019: "blendWgt" is too large for semantic "BLENDWEIGHT", which is size 1
(0) : error C6007: Constant register limit exceeded; more than 96 constant registers needed to compiled program
(0) : error C6007: Constant register limit exceeded; more than 96 constant registers needed to compiled program
(0) : error C6007: Constant register limit exceeded; more than 96 constant registers needed to compiled program
 in CgProgram::compileMicrocode at /root/ogre/PlugIns/CgProgramManager/src/OgreCgProgramManagerDll.cpp (line 67)
21:17:36: High-level program Ogre/RTShader/shadow_caster_dq_skinning_2weight_twophase_vs_cg encountered an error during loading and is thus not supported.
OGRE EXCEPTION(7:InternalErrorException): Unable to compile Cg program Ogre/RTShader/shadow_caster_dq_skinning_2weight_twophase_vs_cg: The compile returned an error.
(261) : warning C7019: "blendWgt" is too large for semantic "BLENDWEIGHT", which is size 1
(0) : error C6007: Constant register limit exceeded; more than 96 constant registers needed to compiled program
(0) : error C6007: Constant register limit exceeded; more than 96 constant registers needed to compiled program
(0) : error C6007: Constant register limit exceeded; more than 96 constant registers needed to compiled program
 in CgProgram::compileMicrocode at /root/ogre/PlugIns/CgProgramManager/src/OgreCgProgramManagerDll.cpp (line 67)
21:17:36: OGRE EXCEPTION(2:InvalidParametersException): Named constants have not been initialised, perhaps a compile error. in GpuProgramParameters::_findNamedConstantDefinition at /root/ogre/OgreMain/src/OgreGpuProgramParams.cpp (line 1709)
21:17:36: Compiler error: invalid parameters in DualQuaternionSkinning_Shadow.material(228): setting of constant failed
21:17:36: OGRE EXCEPTION(2:InvalidParametersException): Named constants have not been initialised, perhaps a compile error. in GpuProgramParameters::_findNamedConstantDefinition at /root/ogre/OgreMain/src/OgreGpuProgramParams.cpp (line 1709)
21:17:36: Compiler error: invalid parameters in DualQuaternionSkinning_Shadow.material(229): setting of constant failed
21:17:36: OGRE EXCEPTION(2:InvalidParametersException): Named constants have not been initialised, perhaps a compile error. in GpuProgramParameters::_findNamedConstantDefinition at /root/ogre/OgreMain/src/OgreGpuProgramParams.cpp (line 1709)
21:17:36: Compiler error: invalid parameters in DualQuaternionSkinning_Shadow.material(230): setting of constant failed
21:17:36: OGRE EXCEPTION(2:InvalidParametersException): Named constants have not been initialised, perhaps a compile error. in GpuProgramParameters::_findNamedConstantDefinition at /root/ogre/OgreMain/src/OgreGpuProgramParams.cpp (line 1709)
21:17:36: Compiler error: invalid parameters in DualQuaternionSkinning_Shadow.material(231): setting of constant failed
21:17:36: Parsing script HorizonBased.material
21:17:36: Parsing script CreaseShading.material
21:17:36: Parsing script Crytek.material
21:17:36: Parsing script SSAOPost.material
21:17:36: Parsing script Modulate.material
21:17:36: Parsing script ShowDepth.material
21:17:36: Parsing script HemisphereMC.material
21:17:36: Parsing script ShowNormals.material
21:17:36: Parsing script ShowViewPos.material
21:17:36: Parsing script GBuffer.material
21:17:36: Parsing script UnsharpMask.material
21:17:36: Parsing script Volumetric.material
21:17:36: Parsing script triplanarReference.material
21:17:36: Parsing script glTF2_PBR.material
21:17:36: Parsing script banshee.material
21:17:36: Parsing script RomanBath.material
21:17:36: Parsing script Sinbad.material
21:17:36: Parsing script Examples-Water.particle
21:17:36: Parsing script smoke.particle
21:17:36: Parsing script Examples.particle
21:17:36: Parsing script emitted_emitter.particle
21:17:36: Parsing script Examples.compositor
21:17:36: Parsing script ssao.compositor
21:17:36: Parsing script deferred.compositor
21:17:36: Parsing script SSAO.compositor
21:17:36: Parsing script SSAOPost.compositor
21:17:36: Finished parsing scripts for resource group General
21:17:36: Creating resources for group General
21:17:36: All done
21:17:36: Parsing scripts for resource group Internal
21:17:36: Finished parsing scripts for resource group Internal
21:17:36: Creating resources for group Internal
21:17:36: All done
21:17:36: *** All Resource Groups Init'd ***
21:17:36: *** Camera Set ***
21:17:36: *** GfxMgr Init Done! ***
21:17:36: *** Initializing OIS ***
21:17:36: Mesh: Loading banshee.mesh.
21:17:36: Mesh: Loading cigarette.mesh.
21:17:36: Can't assign material SOLID/TEX/ecslHorizontal.bmp to SubEntity of Ogre/MO2 because this Material does not exist. Have you forgotten to define it in a .material script?
21:17:36: Mesh: Loading ddg51.mesh.
21:17:36: Can't assign material C000015/SOLID/TEX/ecslHorizontal.bmp to SubEntity of Ogre/MO3 because this Material does not exist. Have you forgotten to define it in a .material script?
21:17:36: Can't assign material C000018/SOLID/TEX/ecslHorizontal.bmp to SubEntity of Ogre/MO3 because this Material does not exist. Have you forgotten to define it in a .material script?
21:17:36: Can't assign material C000013/SOLID/TEX/ecslHorizontal.bmp to SubEntity of Ogre/MO3 because this Material does not exist. Have you forgotten to define it in a .material script?
21:17:36: Can't assign material C000016/SOLID/TEX/ecslHorizontal.bmp to SubEntity of Ogre/MO3 because this Material does not exist. Have you forgotten to define it in a .material script?
21:17:36: Can't assign material C000005/SOLID/TEX/ecslHorizontal.bmp to SubEntity of Ogre/MO3 because this Material does not exist. Have you forgotten to define it in a .material script?
21:17:36: Can't assign material C000011/SOLID/TEX/ecslHorizontal.bmp to SubEntity of Ogre/MO3 because this Material does not exist. Have you forgotten to define it in a .material script?
21:17:36: Can't assign material C000017/SOLID/TEX/ecslHorizontal.bmp to SubEntity of Ogre/MO3 because this Material does not exist. Have you forgotten to define it in a .material script?
21:17:36: Can't assign material C000004/SOLID/TEX/ecslHorizontal.bmp to SubEntity of Ogre/MO3 because this Material does not exist. Have you forgotten to define it in a .material script?
21:17:36: Can't assign material C000003/SOLID/TEX/ecslHorizontal.bmp to SubEntity of Ogre/MO3 because this Material does not exist. Have you forgotten to define it in a .material script?
21:17:36: Can't assign material C000002/SOLID/TEX/ecslHorizontal.bmp to SubEntity of Ogre/MO3 because this Material does not exist. Have you forgotten to define it in a .material script?
21:17:36: Can't assign material C000012/SOLID/TEX/ecslHorizontal.bmp to SubEntity of Ogre/MO3 because this Material does not exist. Have you forgotten to define it in a .material script?
21:17:36: Can't assign material C000000/SOLID/TEX/ecslHorizontal.bmp to SubEntity of Ogre/MO3 because this Material does not exist. Have you forgotten to define it in a .material script?
21:17:36: Can't assign material C000007/SOLID/TEX/ecslHorizontal.bmp to SubEntity of Ogre/MO3 because this Material does not exist. Have you forgotten to define it in a .material script?
21:17:36: Can't assign material C000006/SOLID/TEX/ecslHorizontal.bmp to SubEntity of Ogre/MO3 because this Material does not exist. Have you forgotten to define it in a .material script?
21:17:36: Can't assign material Deck/SOLID/TEX/ecslHorizontal.bmp to SubEntity of Ogre/MO3 because this Material does not exist. Have you forgotten to define it in a .material script?
21:17:36: Mesh: Loading sleek.mesh.
21:17:36: Can't assign material DD21-Cabin-X/SOLID/TEX/ecsl.bmp to SubEntity of Ogre/MO4 because this Material does not exist. Have you forgotten to define it in a .material script?
21:17:36: Can't assign material DD21-Cabin-Cubic/SOLID/TEX/ecsl.bmp to SubEntity of Ogre/MO4 because this Material does not exist. Have you forgotten to define it in a .material script?
21:17:36: Can't assign material DD21-Arrays/SOLID/TEX/ecsl.bmp to SubEntity of Ogre/MO4 because this Material does not exist. Have you forgotten to define it in a .material script?
21:17:36: Can't assign material DD21-Helo-Deck/SOLID/TEX/ecsl.bmp to SubEntity of Ogre/MO4 because this Material does not exist. Have you forgotten to define it in a .material script?
21:17:36: Can't assign material DD21-Main-Rim/SOLID/TEX/ecsl.bmp to SubEntity of Ogre/MO4 because this Material does not exist. Have you forgotten to define it in a .material script?
21:17:36: Can't assign material DD21-Main-Deck/SOLID/TEX/ecsl.bmp to SubEntity of Ogre/MO4 because this Material does not exist. Have you forgotten to define it in a .material script?
21:17:36: Can't assign material DD21-Pipe/SOLID/TEX/ecsl.bmp to SubEntity of Ogre/MO4 because this Material does not exist. Have you forgotten to define it in a .material script?
21:17:36: Can't assign material DD21-Cabin-Z/SOLID/TEX/ecsl.bmp to SubEntity of Ogre/MO4 because this Material does not exist. Have you forgotten to define it in a .material script?
21:17:36: Can't assign material DD21-Dark-Hatche/SOLID/TEX/ecsl.bmp to SubEntity of Ogre/MO4 because this Material does not exist. Have you forgotten to define it in a .material script?
21:17:36: Can't assign material DD21-Main-Hull/SOLID/TEX/ecsl.bmp to SubEntity of Ogre/MO4 because this Material does not exist. Have you forgotten to define it in a .material script?
21:17:36: Can't assign material DD21-White/SOLID/TEX/ecsl.bmp to SubEntity of Ogre/MO4 because this Material does not exist. Have you forgotten to define it in a .material script?
21:17:36: Mesh: Loading alienship.mesh.
21:17:36: Can't assign material al-1 to SubEntity of Ogre/MO5 because this Material does not exist. Have you forgotten to define it in a .material script?
21:17:36: Mesh: Loading cvn68.mesh.
21:17:36: Can't assign material DECK_WHITE/SOLID/TEX/ecslDark.bmp/VertCol to SubEntity of Ogre/MO6 because this Material does not exist. Have you forgotten to define it in a .material script?
21:17:36: Can't assign material RED/SOLID/TEX/ecslDark.bmp/VertCol to SubEntity of Ogre/MO6 because this Material does not exist. Have you forgotten to define it in a .material script?
21:17:36: Can't assign material WHITE/SOLID/TEX/ecslDark.bmp/VertCol to SubEntity of Ogre/MO6 because this Material does not exist. Have you forgotten to define it in a .material script?
21:17:36: Can't assign material ATT_ARRAY/SOLID/TEX/ecslDark.bmp/VertCol to SubEntity of Ogre/MO6 because this Material does not exist. Have you forgotten to define it in a .material script?
21:17:36: Can't assign material PADSBOX211/SOLID/TEX/ecslDark.bmp/VertCol to SubEntity of Ogre/MO6 because this Material does not exist. Have you forgotten to define it in a .material script?
21:17:36: Can't assign material DEF_4/SOLID/TEX/ecslDark.bmp/VertCol to SubEntity of Ogre/MO6 because this Material does not exist. Have you forgotten to define it in a .material script?
21:17:36: Can't assign material CLUTTER/SOLID/TEX/ecslDark.bmp/VertCol to SubEntity of Ogre/MO6 because this Material does not exist. Have you forgotten to define it in a .material script?
21:17:36: Can't assign material DEF_2/SOLID/TEX/ecslDark.bmp/VertCol to SubEntity of Ogre/MO6 because this Material does not exist. Have you forgotten to define it in a .material script?
21:17:36: Can't assign material YELLOW/SOLID/TEX/ecslDark.bmp/VertCol to SubEntity of Ogre/MO6 because this Material does not exist. Have you forgotten to define it in a .material script?
21:17:36: Can't assign material DEF_1/SOLID/TEX/ecslDark.bmp/VertCol to SubEntity of Ogre/MO6 because this Material does not exist. Have you forgotten to define it in a .material script?
21:17:36: Can't assign material FLIGHT-DECK/SOLID/TEX/ecslDark.bmp/VertCol to SubEntity of Ogre/MO6 because this Material does not exist. Have you forgotten to define it in a .material script?
21:17:36: Can't assign material HULL/SOLID/TEX/ecslDark.bmp/VertCol to SubEntity of Ogre/MO6 because this Material does not exist. Have you forgotten to define it in a .material script?
21:17:36: Can't assign material CAT-TRACK/SOLID/TEX/ecslDark.bmp/VertCol to SubEntity of Ogre/MO6 because this Material does not exist. Have you forgotten to define it in a .material script?
21:17:36: Texture: stormy_fr.jpg: Loading 1 faces(PF_R8G8B8,512x512x1) with 5 hardware generated mipmaps from Image. Internal format is PF_X8R8G8B8,512x512x1.
21:17:36: Texture: stormy_bk.jpg: Loading 1 faces(PF_R8G8B8,512x512x1) with 5 hardware generated mipmaps from Image. Internal format is PF_X8R8G8B8,512x512x1.
21:17:36: Texture: stormy_lf.jpg: Loading 1 faces(PF_R8G8B8,512x512x1) with 5 hardware generated mipmaps from Image. Internal format is PF_X8R8G8B8,512x512x1.
21:17:36: Texture: stormy_rt.jpg: Loading 1 faces(PF_R8G8B8,512x512x1) with 5 hardware generated mipmaps from Image. Internal format is PF_X8R8G8B8,512x512x1.
21:17:37: Texture: stormy_up.jpg: Loading 1 faces(PF_R8G8B8,512x512x1) with 5 hardware generated mipmaps from Image. Internal format is PF_X8R8G8B8,512x512x1.
21:17:37: Texture: stormy_dn.jpg: Loading 1 faces(PF_R8G8B8,512x512x1) with 5 hardware generated mipmaps from Image. Internal format is PF_X8R8G8B8,512x512x1.
21:17:37: Texture: waves2.dds: Loading 1 faces(PF_A8R8G8B8,256x256x1) with 5 hardware generated mipmaps from Image. Internal format is PF_A8R8G8B8,256x256x1.
21:17:37: Texture: morning.jpg: Loading 6 faces(PF_R8G8B8,512x512x1) with 5 hardware generated mipmaps from multiple Images. Internal format is PF_X8R8G8B8,512x512x1.
