15:22:15 **** Incremental Build of configuration Debug for project As4 ****
make all 
make: Nothing to be done for 'all'.
15:22:38 **** Incremental Build of configuration Debug for project As4 ****
make all 
Building file: ../src/Aspect.cpp
Invoking: GCC C++ Compiler
g++ -std=c++0x -I/usr/local/include/OGRE/Terrain -I/usr/local/include/OGRE -I/usr/local/include/OGRE/Overlay -I/usr/local/include/OGRE/RTShaderSystem -I/usr/include/OIS -I"/home/brycbuntu/CS381/As4/inc" -O0 -g3 -Wall -c -fmessage-length=0 -MMD -MP -MF"src/Aspect.d" -MT"src/Aspect.o" -o "src/Aspect.o" "../src/Aspect.cpp"
Finished building: ../src/Aspect.cpp
 
Building file: ../src/BaseApplication.cpp
Invoking: GCC C++ Compiler
g++ -std=c++0x -I/usr/local/include/OGRE/Terrain -I/usr/local/include/OGRE -I/usr/local/include/OGRE/Overlay -I/usr/local/include/OGRE/RTShaderSystem -I/usr/include/OIS -I"/home/brycbuntu/CS381/As4/inc" -O0 -g3 -Wall -c -fmessage-length=0 -MMD -MP -MF"src/BaseApplication.d" -MT"src/BaseApplication.o" -o "src/BaseApplication.o" "../src/BaseApplication.cpp"
In file included from ../src/BaseApplication.cpp:18:0:
/home/brycbuntu/CS381/As4/inc/BaseApplication.h: In constructor ‘BaseApplication::BaseApplication()’:
/home/brycbuntu/CS381/As4/inc/BaseApplication.h:124:33: warning: ‘BaseApplication::mKeyboard’ will be initialized after [-Wreorder]
     OIS::Keyboard*              mKeyboard;
                                 ^
/home/brycbuntu/CS381/As4/inc/BaseApplication.h:111:33: warning:   ‘Ogre::OverlaySystem* BaseApplication::mOverlaySystem’ [-Wreorder]
     Ogre::OverlaySystem*        mOverlaySystem;
                                 ^
../src/BaseApplication.cpp:25:1: warning:   when initialized here [-Wreorder]
 BaseApplication::BaseApplication(void)
 ^
Finished building: ../src/BaseApplication.cpp
 
Building file: ../src/Entity381.cpp
Invoking: GCC C++ Compiler
g++ -std=c++0x -I/usr/local/include/OGRE/Terrain -I/usr/local/include/OGRE -I/usr/local/include/OGRE/Overlay -I/usr/local/include/OGRE/RTShaderSystem -I/usr/include/OIS -I"/home/brycbuntu/CS381/As4/inc" -O0 -g3 -Wall -c -fmessage-length=0 -MMD -MP -MF"src/Entity381.d" -MT"src/Entity381.o" -o "src/Entity381.o" "../src/Entity381.cpp"
Finished building: ../src/Entity381.cpp
 
Building file: ../src/EntityMgr.cpp
Invoking: GCC C++ Compiler
g++ -std=c++0x -I/usr/local/include/OGRE/Terrain -I/usr/local/include/OGRE -I/usr/local/include/OGRE/Overlay -I/usr/local/include/OGRE/RTShaderSystem -I/usr/include/OIS -I"/home/brycbuntu/CS381/As4/inc" -O0 -g3 -Wall -c -fmessage-length=0 -MMD -MP -MF"src/EntityMgr.d" -MT"src/EntityMgr.o" -o "src/EntityMgr.o" "../src/EntityMgr.cpp"
Finished building: ../src/EntityMgr.cpp
 
Building file: ../src/PhysicsAspect.cpp
Invoking: GCC C++ Compiler
g++ -std=c++0x -I/usr/local/include/OGRE/Terrain -I/usr/local/include/OGRE -I/usr/local/include/OGRE/Overlay -I/usr/local/include/OGRE/RTShaderSystem -I/usr/include/OIS -I"/home/brycbuntu/CS381/As4/inc" -O0 -g3 -Wall -c -fmessage-length=0 -MMD -MP -MF"src/PhysicsAspect.d" -MT"src/PhysicsAspect.o" -o "src/PhysicsAspect.o" "../src/PhysicsAspect.cpp"
Finished building: ../src/PhysicsAspect.cpp
 
Building file: ../src/RenderableAspect.cpp
Invoking: GCC C++ Compiler
g++ -std=c++0x -I/usr/local/include/OGRE/Terrain -I/usr/local/include/OGRE -I/usr/local/include/OGRE/Overlay -I/usr/local/include/OGRE/RTShaderSystem -I/usr/include/OIS -I"/home/brycbuntu/CS381/As4/inc" -O0 -g3 -Wall -c -fmessage-length=0 -MMD -MP -MF"src/RenderableAspect.d" -MT"src/RenderableAspect.o" -o "src/RenderableAspect.o" "../src/RenderableAspect.cpp"
Finished building: ../src/RenderableAspect.cpp
 
Building file: ../src/RotatorAspect.cpp
Invoking: GCC C++ Compiler
g++ -std=c++0x -I/usr/local/include/OGRE/Terrain -I/usr/local/include/OGRE -I/usr/local/include/OGRE/Overlay -I/usr/local/include/OGRE/RTShaderSystem -I/usr/include/OIS -I"/home/brycbuntu/CS381/As4/inc" -O0 -g3 -Wall -c -fmessage-length=0 -MMD -MP -MF"src/RotatorAspect.d" -MT"src/RotatorAspect.o" -o "src/RotatorAspect.o" "../src/RotatorAspect.cpp"
Finished building: ../src/RotatorAspect.cpp
 
Building file: ../src/SphereEntity.cpp
Invoking: GCC C++ Compiler
g++ -std=c++0x -I/usr/local/include/OGRE/Terrain -I/usr/local/include/OGRE -I/usr/local/include/OGRE/Overlay -I/usr/local/include/OGRE/RTShaderSystem -I/usr/include/OIS -I"/home/brycbuntu/CS381/As4/inc" -O0 -g3 -Wall -c -fmessage-length=0 -MMD -MP -MF"src/SphereEntity.d" -MT"src/SphereEntity.o" -o "src/SphereEntity.o" "../src/SphereEntity.cpp"
Finished building: ../src/SphereEntity.cpp
 
Building file: ../src/TutorialApplication.cpp
Invoking: GCC C++ Compiler
g++ -std=c++0x -I/usr/local/include/OGRE/Terrain -I/usr/local/include/OGRE -I/usr/local/include/OGRE/Overlay -I/usr/local/include/OGRE/RTShaderSystem -I/usr/include/OIS -I"/home/brycbuntu/CS381/As4/inc" -O0 -g3 -Wall -c -fmessage-length=0 -MMD -MP -MF"src/TutorialApplication.d" -MT"src/TutorialApplication.o" -o "src/TutorialApplication.o" "../src/TutorialApplication.cpp"
Finished building: ../src/TutorialApplication.cpp
 
Building target: As4
Invoking: GCC C++ Linker
g++ -L/usr/local/lib/OGRE -L/usr/lib/x86_64-linux-gnu -o "As4"  ./src/Aspect.o ./src/BaseApplication.o ./src/Entity381.o ./src/EntityMgr.o ./src/PhysicsAspect.o ./src/RenderableAspect.o ./src/RotatorAspect.o ./src/SphereEntity.o ./src/TutorialApplication.o   -lOgreMain -lOgreTerrain -lOgreOverlay -lOIS -lboost_system
Finished building target: As4
 
15:25:24 **** Incremental Build of configuration Debug for project As4 ****
make all 
Building file: ../src/Entity381.cpp
Invoking: GCC C++ Compiler
g++ -std=c++0x -I/usr/local/include/OGRE/Terrain -I/usr/local/include/OGRE -I/usr/local/include/OGRE/Overlay -I/usr/local/include/OGRE/RTShaderSystem -I/usr/include/OIS -I"/home/brycbuntu/CS381/As4/inc" -O0 -g3 -Wall -c -fmessage-length=0 -MMD -MP -MF"src/Entity381.d" -MT"src/Entity381.o" -o "src/Entity381.o" "../src/Entity381.cpp"
Finished building: ../src/Entity381.cpp
 
Building target: As4
Invoking: GCC C++ Linker
g++ -L/usr/local/lib/OGRE -L/usr/lib/x86_64-linux-gnu -o "As4"  ./src/Aspect.o ./src/BaseApplication.o ./src/Entity381.o ./src/EntityMgr.o ./src/PhysicsAspect.o ./src/RenderableAspect.o ./src/RotatorAspect.o ./src/SphereEntity.o ./src/TutorialApplication.o   -lOgreMain -lOgreTerrain -lOgreOverlay -lOIS -lboost_system
Finished building target: As4
 
